---------------------------------------------------------------
[ 2018-08-20T17:33:31+08:00 ] 127.0.0.1 GET /
[ info ] demo/ [运行时间：0.095006s][吞吐率：10.53req/s] [内存消耗：2,639.66kb] [文件加载：58]
[ info ] [ LANG ] D:\huanjing\phpStudy\PHPTutorial\WWW\demo\thinkphp\lang\zh-cn.php
[ info ] [ ROUTE ] array (
  'type' => 'module',
  'module' => 
  array (
    0 => '',
    1 => NULL,
    2 => NULL,
  ),
)
[ info ] [ HEADER ] array (
  'accept-language' => 'zh-CN,zh;q=0.9',
  'accept-encoding' => 'gzip, deflate',
  'accept' => 'text/html,application/xhtml+xml,application/xml;q=0.9,image/webp,image/apng,*/*;q=0.8',
  'user-agent' => 'Mozilla/5.0 (Windows NT 6.1; WOW64) AppleWebKit/537.36 (KHTML, like Gecko) Chrome/67.0.3396.99 Safari/537.36',
  'upgrade-insecure-requests' => '1',
  'connection' => 'close',
  'host' => 'demo',
)
[ info ] [ PARAM ] array (
)
[ info ] [ DB ] INIT mysql
[ info ] [ RUN ] app\index\controller\Index->index[ D:\huanjing\phpStudy\PHPTutorial\WWW\demo\application\index\controller\Index.php ]
[ info ] [ SESSION ] INIT array (
  'id' => '',
  'var_session_id' => '',
  'prefix' => 'think',
  'type' => '',
  'auto_start' => true,
)
[ info ] [ VIEW ] D:\huanjing\phpStudy\PHPTutorial\WWW\demo\public/../application/index\view\index\index.html [ array (
  0 => 'about',
  1 => 'schedules',
  2 => 'villages',
  3 => 'companys',
) ]
[ info ] [ LOG ] INIT File
[ sql ] [ DB ] CONNECT:[ UseTime:0.001000s ] mysql:host=127.0.0.1;dbname=xyservice;charset=utf8
[ sql ] [ SQL ] SHOW COLUMNS FROM `notify` [ RunTime:0.022002s ]
[ sql ] [ SQL ] SELECT COUNT(*) AS tp_count FROM `notify` WHERE  `types` = 1 LIMIT 1 [ RunTime:0.006000s ]
[ sql ] [ SQL ] SELECT * FROM `notify` WHERE  `types` = 1 ORDER BY `create_time`  desc LIMIT 0,5 [ RunTime:0.001000s ]
[ sql ] [ SQL ] SHOW COLUMNS FROM `about` [ RunTime:0.011001s ]
[ sql ] [ SQL ] SELECT * FROM `about` LIMIT 1 [ RunTime:0.000000s ]
[ sql ] [ SQL ] SELECT COUNT(*) AS tp_count FROM `notify` WHERE  `types` = 4 LIMIT 1 [ RunTime:0.000000s ]
[ sql ] [ SQL ] SELECT * FROM `notify` WHERE  `types` = 4 ORDER BY `create_time`  desc LIMIT 0,8 [ RunTime:0.001000s ]
[ sql ] [ SQL ] SELECT COUNT(*) AS tp_count FROM `notify` WHERE  `types` = 5 LIMIT 1 [ RunTime:0.001000s ]
[ sql ] [ SQL ] SELECT * FROM `notify` WHERE  `types` = 5 ORDER BY `create_time`  desc LIMIT 0,6 [ RunTime:0.000000s ]
[ sql ] [ SQL ] SHOW COLUMNS FROM `system` [ RunTime:0.002000s ]
[ sql ] [ SQL ] SELECT * FROM `system` LIMIT 1 [ RunTime:0.000000s ]
---------------------------------------------------------------
[ 2018-08-20T17:33:31+08:00 ] 127.0.0.1 GET /static/uploads/20180814/15342117383909.jpeg
[ info ] demo/static/uploads/20180814/15342117383909.jpeg [运行时间：0.021002s][吞吐率：47.61req/s] [内存消耗：1,080.77kb] [文件加载：36]
[ info ] [ LANG ] D:\huanjing\phpStudy\PHPTutorial\WWW\demo\thinkphp\lang\zh-cn.php
[ info ] [ ROUTE ] array (
  'type' => 'module',
  'module' => 
  array (
    0 => 'static',
    1 => 'uploads',
    2 => '20180814',
  ),
)
[ info ] [ HEADER ] array (
  'cookie' => 'PHPSESSID=2a1kpp8scod4fj8mmt6hrhlmp5',
  'accept-language' => 'zh-CN,zh;q=0.9',
  'accept-encoding' => 'gzip, deflate',
  'referer' => 'http://demo/',
  'accept' => 'image/webp,image/apng,image/*,*/*;q=0.8',
  'user-agent' => 'Mozilla/5.0 (Windows NT 6.1; WOW64) AppleWebKit/537.36 (KHTML, like Gecko) Chrome/67.0.3396.99 Safari/537.36',
  'connection' => 'close',
  'host' => 'demo',
)
[ info ] [ PARAM ] array (
  '/static/uploads/20180814/15342117383909_jpeg' => '',
)
[ info ] [ LOG ] INIT File
---------------------------------------------------------------
[ 2018-08-20T17:33:31+08:00 ] 127.0.0.1 GET /static/uploads/20180814/15342117383061.jpeg
[ info ] demo/static/uploads/20180814/15342117383061.jpeg [运行时间：0.016001s][吞吐率：62.50req/s] [内存消耗：1,080.77kb] [文件加载：36]
[ info ] [ LANG ] D:\huanjing\phpStudy\PHPTutorial\WWW\demo\thinkphp\lang\zh-cn.php
[ info ] [ ROUTE ] array (
  'type' => 'module',
  'module' => 
  array (
    0 => 'static',
    1 => 'uploads',
    2 => '20180814',
  ),
)
[ info ] [ HEADER ] array (
  'cookie' => 'PHPSESSID=2a1kpp8scod4fj8mmt6hrhlmp5',
  'accept-language' => 'zh-CN,zh;q=0.9',
  'accept-encoding' => 'gzip, deflate',
  'referer' => 'http://demo/',
  'accept' => 'image/webp,image/apng,image/*,*/*;q=0.8',
  'user-agent' => 'Mozilla/5.0 (Windows NT 6.1; WOW64) AppleWebKit/537.36 (KHTML, like Gecko) Chrome/67.0.3396.99 Safari/537.36',
  'connection' => 'close',
  'host' => 'demo',
)
[ info ] [ PARAM ] array (
  '/static/uploads/20180814/15342117383061_jpeg' => '',
)
[ info ] [ LOG ] INIT File
---------------------------------------------------------------
[ 2018-08-20T17:33:32+08:00 ] 127.0.0.1 GET /static/uploads/20180814/15342345495480.jpeg
[ info ] demo/static/uploads/20180814/15342345495480.jpeg [运行时间：0.012001s][吞吐率：83.33req/s] [内存消耗：1,080.77kb] [文件加载：36]
[ info ] [ LANG ] D:\huanjing\phpStudy\PHPTutorial\WWW\demo\thinkphp\lang\zh-cn.php
[ info ] [ ROUTE ] array (
  'type' => 'module',
  'module' => 
  array (
    0 => 'static',
    1 => 'uploads',
    2 => '20180814',
  ),
)
[ info ] [ HEADER ] array (
  'cookie' => 'PHPSESSID=2a1kpp8scod4fj8mmt6hrhlmp5',
  'accept-language' => 'zh-CN,zh;q=0.9',
  'accept-encoding' => 'gzip, deflate',
  'referer' => 'http://demo/',
  'accept' => 'image/webp,image/apng,image/*,*/*;q=0.8',
  'user-agent' => 'Mozilla/5.0 (Windows NT 6.1; WOW64) AppleWebKit/537.36 (KHTML, like Gecko) Chrome/67.0.3396.99 Safari/537.36',
  'connection' => 'close',
  'host' => 'demo',
)
[ info ] [ PARAM ] array (
  '/static/uploads/20180814/15342345495480_jpeg' => '',
)
[ info ] [ LOG ] INIT File
---------------------------------------------------------------
[ 2018-08-20T17:33:32+08:00 ] 127.0.0.1 GET /static/uploads/20180814/15342345713554.jpeg
[ info ] demo/static/uploads/20180814/15342345713554.jpeg [运行时间：0.018001s][吞吐率：55.55req/s] [内存消耗：1,080.77kb] [文件加载：36]
[ info ] [ LANG ] D:\huanjing\phpStudy\PHPTutorial\WWW\demo\thinkphp\lang\zh-cn.php
[ info ] [ ROUTE ] array (
  'type' => 'module',
  'module' => 
  array (
    0 => 'static',
    1 => 'uploads',
    2 => '20180814',
  ),
)
[ info ] [ HEADER ] array (
  'cookie' => 'PHPSESSID=2a1kpp8scod4fj8mmt6hrhlmp5',
  'accept-language' => 'zh-CN,zh;q=0.9',
  'accept-encoding' => 'gzip, deflate',
  'referer' => 'http://demo/',
  'accept' => 'image/webp,image/apng,image/*,*/*;q=0.8',
  'user-agent' => 'Mozilla/5.0 (Windows NT 6.1; WOW64) AppleWebKit/537.36 (KHTML, like Gecko) Chrome/67.0.3396.99 Safari/537.36',
  'connection' => 'close',
  'host' => 'demo',
)
[ info ] [ PARAM ] array (
  '/static/uploads/20180814/15342345713554_jpeg' => '',
)
[ info ] [ LOG ] INIT File
---------------------------------------------------------------
[ 2018-08-20T17:33:32+08:00 ] 127.0.0.1 GET /static/uploads/20180814/15342117383909.jpeg
[ info ] demo/static/uploads/20180814/15342117383909.jpeg [运行时间：0.021001s][吞吐率：47.62req/s] [内存消耗：1,080.77kb] [文件加载：36]
[ info ] [ LANG ] D:\huanjing\phpStudy\PHPTutorial\WWW\demo\thinkphp\lang\zh-cn.php
[ info ] [ ROUTE ] array (
  'type' => 'module',
  'module' => 
  array (
    0 => 'static',
    1 => 'uploads',
    2 => '20180814',
  ),
)
[ info ] [ HEADER ] array (
  'cookie' => 'PHPSESSID=2a1kpp8scod4fj8mmt6hrhlmp5',
  'accept-language' => 'zh-CN,zh;q=0.9',
  'accept-encoding' => 'gzip, deflate',
  'referer' => 'http://demo/',
  'accept' => 'image/webp,image/apng,image/*,*/*;q=0.8',
  'user-agent' => 'Mozilla/5.0 (Windows NT 6.1; WOW64) AppleWebKit/537.36 (KHTML, like Gecko) Chrome/67.0.3396.99 Safari/537.36',
  'connection' => 'close',
  'host' => 'demo',
)
[ info ] [ PARAM ] array (
  '/static/uploads/20180814/15342117383909_jpeg' => '',
)
[ info ] [ LOG ] INIT File
---------------------------------------------------------------
[ 2018-08-20T17:33:32+08:00 ] 127.0.0.1 GET /static/uploads/20180814/15342117383061.jpeg
[ info ] demo/static/uploads/20180814/15342117383061.jpeg [运行时间：0.017001s][吞吐率：58.82req/s] [内存消耗：1,080.77kb] [文件加载：36]
[ info ] [ LANG ] D:\huanjing\phpStudy\PHPTutorial\WWW\demo\thinkphp\lang\zh-cn.php
[ info ] [ ROUTE ] array (
  'type' => 'module',
  'module' => 
  array (
    0 => 'static',
    1 => 'uploads',
    2 => '20180814',
  ),
)
[ info ] [ HEADER ] array (
  'cookie' => 'PHPSESSID=2a1kpp8scod4fj8mmt6hrhlmp5',
  'accept-language' => 'zh-CN,zh;q=0.9',
  'accept-encoding' => 'gzip, deflate',
  'referer' => 'http://demo/',
  'accept' => 'image/webp,image/apng,image/*,*/*;q=0.8',
  'user-agent' => 'Mozilla/5.0 (Windows NT 6.1; WOW64) AppleWebKit/537.36 (KHTML, like Gecko) Chrome/67.0.3396.99 Safari/537.36',
  'connection' => 'close',
  'host' => 'demo',
)
[ info ] [ PARAM ] array (
  '/static/uploads/20180814/15342117383061_jpeg' => '',
)
[ info ] [ LOG ] INIT File
---------------------------------------------------------------
[ 2018-08-20T17:33:33+08:00 ] 127.0.0.1 GET /static/uploads/20180814/15342275489511.jpeg
[ info ] demo/static/uploads/20180814/15342275489511.jpeg [运行时间：0.051003s][吞吐率：19.61req/s] [内存消耗：1,080.77kb] [文件加载：36]
[ info ] [ LANG ] D:\huanjing\phpStudy\PHPTutorial\WWW\demo\thinkphp\lang\zh-cn.php
[ info ] [ ROUTE ] array (
  'type' => 'module',
  'module' => 
  array (
    0 => 'static',
    1 => 'uploads',
    2 => '20180814',
  ),
)
[ info ] [ HEADER ] array (
  'cookie' => 'PHPSESSID=2a1kpp8scod4fj8mmt6hrhlmp5',
  'accept-language' => 'zh-CN,zh;q=0.9',
  'accept-encoding' => 'gzip, deflate',
  'referer' => 'http://demo/',
  'accept' => 'image/webp,image/apng,image/*,*/*;q=0.8',
  'user-agent' => 'Mozilla/5.0 (Windows NT 6.1; WOW64) AppleWebKit/537.36 (KHTML, like Gecko) Chrome/67.0.3396.99 Safari/537.36',
  'connection' => 'close',
  'host' => 'demo',
)
[ info ] [ PARAM ] array (
  '/static/uploads/20180814/15342275489511_jpeg' => '',
)
[ info ] [ LOG ] INIT File
---------------------------------------------------------------
[ 2018-08-20T17:33:33+08:00 ] 127.0.0.1 GET /static/uploads/20180813/15341502433836.jpeg
[ info ] demo/static/uploads/20180813/15341502433836.jpeg [运行时间：0.019001s][吞吐率：52.63req/s] [内存消耗：1,080.73kb] [文件加载：36]
[ info ] [ LANG ] D:\huanjing\phpStudy\PHPTutorial\WWW\demo\thinkphp\lang\zh-cn.php
[ info ] [ ROUTE ] array (
  'type' => 'module',
  'module' => 
  array (
    0 => 'static',
    1 => 'uploads',
    2 => '20180813',
  ),
)
[ info ] [ HEADER ] array (
  'cookie' => 'PHPSESSID=2a1kpp8scod4fj8mmt6hrhlmp5',
  'accept-language' => 'zh-CN,zh;q=0.9',
  'accept-encoding' => 'gzip, deflate',
  'referer' => 'http://demo/',
  'accept' => 'image/webp,image/apng,image/*,*/*;q=0.8',
  'user-agent' => 'Mozilla/5.0 (Windows NT 6.1; WOW64) AppleWebKit/537.36 (KHTML, like Gecko) Chrome/67.0.3396.99 Safari/537.36',
  'connection' => 'close',
  'host' => 'demo',
)
[ info ] [ PARAM ] array (
  '/static/uploads/20180813/15341502433836_jpeg' => '',
)
[ info ] [ LOG ] INIT File
---------------------------------------------------------------
[ 2018-08-20T17:33:33+08:00 ] 127.0.0.1 GET /static/uploads/20180814/15342280664145.jpeg
[ info ] demo/static/uploads/20180814/15342280664145.jpeg [运行时间：0.021001s][吞吐率：47.62req/s] [内存消耗：1,080.73kb] [文件加载：36]
[ info ] [ LANG ] D:\huanjing\phpStudy\PHPTutorial\WWW\demo\thinkphp\lang\zh-cn.php
[ info ] [ ROUTE ] array (
  'type' => 'module',
  'module' => 
  array (
    0 => 'static',
    1 => 'uploads',
    2 => '20180814',
  ),
)
[ info ] [ HEADER ] array (
  'cookie' => 'PHPSESSID=2a1kpp8scod4fj8mmt6hrhlmp5',
  'accept-language' => 'zh-CN,zh;q=0.9',
  'accept-encoding' => 'gzip, deflate',
  'referer' => 'http://demo/',
  'accept' => 'image/webp,image/apng,image/*,*/*;q=0.8',
  'user-agent' => 'Mozilla/5.0 (Windows NT 6.1; WOW64) AppleWebKit/537.36 (KHTML, like Gecko) Chrome/67.0.3396.99 Safari/537.36',
  'connection' => 'close',
  'host' => 'demo',
)
[ info ] [ PARAM ] array (
  '/static/uploads/20180814/15342280664145_jpeg' => '',
)
[ info ] [ LOG ] INIT File
---------------------------------------------------------------
[ 2018-08-20T17:33:33+08:00 ] 127.0.0.1 GET /static/uploads/20180814/15342345609499.jpeg
[ info ] demo/static/uploads/20180814/15342345609499.jpeg [运行时间：0.024001s][吞吐率：41.66req/s] [内存消耗：1,080.73kb] [文件加载：36]
[ info ] [ LANG ] D:\huanjing\phpStudy\PHPTutorial\WWW\demo\thinkphp\lang\zh-cn.php
[ info ] [ ROUTE ] array (
  'type' => 'module',
  'module' => 
  array (
    0 => 'static',
    1 => 'uploads',
    2 => '20180814',
  ),
)
[ info ] [ HEADER ] array (
  'cookie' => 'PHPSESSID=2a1kpp8scod4fj8mmt6hrhlmp5',
  'accept-language' => 'zh-CN,zh;q=0.9',
  'accept-encoding' => 'gzip, deflate',
  'referer' => 'http://demo/',
  'accept' => 'image/webp,image/apng,image/*,*/*;q=0.8',
  'user-agent' => 'Mozilla/5.0 (Windows NT 6.1; WOW64) AppleWebKit/537.36 (KHTML, like Gecko) Chrome/67.0.3396.99 Safari/537.36',
  'connection' => 'close',
  'host' => 'demo',
)
[ info ] [ PARAM ] array (
  '/static/uploads/20180814/15342345609499_jpeg' => '',
)
[ info ] [ LOG ] INIT File
---------------------------------------------------------------
[ 2018-08-20T17:33:33+08:00 ] 127.0.0.1 GET /static/index/images/aboutBg.jpg
[ info ] demo/static/index/images/aboutBg.jpg [运行时间：0.014001s][吞吐率：71.42req/s] [内存消耗：1,080.66kb] [文件加载：36]
[ info ] [ LANG ] D:\huanjing\phpStudy\PHPTutorial\WWW\demo\thinkphp\lang\zh-cn.php
[ info ] [ ROUTE ] array (
  'type' => 'module',
  'module' => 
  array (
    0 => 'static',
    1 => 'index',
    2 => 'images',
  ),
)
[ info ] [ HEADER ] array (
  'cookie' => 'PHPSESSID=2a1kpp8scod4fj8mmt6hrhlmp5',
  'accept-language' => 'zh-CN,zh;q=0.9',
  'accept-encoding' => 'gzip, deflate',
  'referer' => 'http://demo/static/index/css/index.css',
  'accept' => 'image/webp,image/apng,image/*,*/*;q=0.8',
  'user-agent' => 'Mozilla/5.0 (Windows NT 6.1; WOW64) AppleWebKit/537.36 (KHTML, like Gecko) Chrome/67.0.3396.99 Safari/537.36',
  'connection' => 'close',
  'host' => 'demo',
)
[ info ] [ PARAM ] array (
  '/static/index/images/aboutBg_jpg' => '',
)
[ info ] [ LOG ] INIT File
---------------------------------------------------------------
[ 2018-08-20T17:33:37+08:00 ] 127.0.0.1 GET /admin
[ info ] demo/admin [运行时间：0.032001s][吞吐率：31.25req/s] [内存消耗：1,454.66kb] [文件加载：46]
[ info ] [ LANG ] D:\huanjing\phpStudy\PHPTutorial\WWW\demo\thinkphp\lang\zh-cn.php
[ info ] [ ROUTE ] array (
  'type' => 'module',
  'module' => 
  array (
    0 => 'admin',
    1 => NULL,
    2 => NULL,
  ),
)
[ info ] [ HEADER ] array (
  'cookie' => 'PHPSESSID=2a1kpp8scod4fj8mmt6hrhlmp5',
  'accept-language' => 'zh-CN,zh;q=0.9',
  'accept-encoding' => 'gzip, deflate',
  'accept' => 'text/html,application/xhtml+xml,application/xml;q=0.9,image/webp,image/apng,*/*;q=0.8',
  'user-agent' => 'Mozilla/5.0 (Windows NT 6.1; WOW64) AppleWebKit/537.36 (KHTML, like Gecko) Chrome/67.0.3396.99 Safari/537.36',
  'upgrade-insecure-requests' => '1',
  'connection' => 'close',
  'host' => 'demo',
)
[ info ] [ PARAM ] array (
  '/admin' => '',
)
[ info ] [ SESSION ] INIT array (
  'id' => '',
  'var_session_id' => '',
  'prefix' => 'think',
  'type' => '',
  'auto_start' => true,
)
[ info ] [ VIEW ] D:\huanjing\phpStudy\PHPTutorial\WWW\demo\thinkphp\tpl\dispatch_jump.tpl [ array (
  0 => 'code',
  1 => 'msg',
  2 => 'data',
  3 => 'url',
  4 => 'wait',
) ]
[ info ] [ LOG ] INIT File
---------------------------------------------------------------
[ 2018-08-20T17:33:39+08:00 ] 127.0.0.1 GET /admin/login/login.html
[ info ] demo/admin/login/login.html [运行时间：0.047003s][吞吐率：21.28req/s] [内存消耗：1,452.40kb] [文件加载：45]
[ info ] [ LANG ] D:\huanjing\phpStudy\PHPTutorial\WWW\demo\thinkphp\lang\zh-cn.php
[ info ] [ ROUTE ] array (
  'type' => 'module',
  'module' => 
  array (
    0 => 'admin',
    1 => 'login',
    2 => 'login',
  ),
)
[ info ] [ HEADER ] array (
  'cookie' => 'PHPSESSID=2a1kpp8scod4fj8mmt6hrhlmp5',
  'accept-language' => 'zh-CN,zh;q=0.9',
  'accept-encoding' => 'gzip, deflate',
  'referer' => 'http://demo/admin',
  'accept' => 'text/html,application/xhtml+xml,application/xml;q=0.9,image/webp,image/apng,*/*;q=0.8',
  'user-agent' => 'Mozilla/5.0 (Windows NT 6.1; WOW64) AppleWebKit/537.36 (KHTML, like Gecko) Chrome/67.0.3396.99 Safari/537.36',
  'upgrade-insecure-requests' => '1',
  'connection' => 'close',
  'host' => 'demo',
)
[ info ] [ PARAM ] array (
  '/admin/login/login_html' => '',
)
[ info ] [ RUN ] app\admin\controller\Login->login[ D:\huanjing\phpStudy\PHPTutorial\WWW\demo\application\admin\controller\Login.php ]
[ info ] [ VIEW ] D:\huanjing\phpStudy\PHPTutorial\WWW\demo\public/../application/admin\view\login\login.html [ array (
) ]
[ info ] [ LOG ] INIT File
---------------------------------------------------------------
[ 2018-08-20T17:33:42+08:00 ] 127.0.0.1 POST /admin/login/login.html
[ info ] demo/admin/login/login.html [运行时间：0.070004s][吞吐率：14.28req/s] [内存消耗：2,227.94kb] [文件加载：52]
[ info ] [ LANG ] D:\huanjing\phpStudy\PHPTutorial\WWW\demo\thinkphp\lang\zh-cn.php
[ info ] [ ROUTE ] array (
  'type' => 'module',
  'module' => 
  array (
    0 => 'admin',
    1 => 'login',
    2 => 'login',
  ),
)
[ info ] [ HEADER ] array (
  'cookie' => 'PHPSESSID=2a1kpp8scod4fj8mmt6hrhlmp5',
  'accept-language' => 'zh-CN,zh;q=0.9',
  'accept-encoding' => 'gzip, deflate',
  'referer' => 'http://demo/admin/login/login.html',
  'accept' => 'text/html,application/xhtml+xml,application/xml;q=0.9,image/webp,image/apng,*/*;q=0.8',
  'user-agent' => 'Mozilla/5.0 (Windows NT 6.1; WOW64) AppleWebKit/537.36 (KHTML, like Gecko) Chrome/67.0.3396.99 Safari/537.36',
  'content-type' => 'application/x-www-form-urlencoded',
  'upgrade-insecure-requests' => '1',
  'origin' => 'http://demo',
  'cache-control' => 'max-age=0',
  'content-length' => '30',
  'connection' => 'close',
  'host' => 'demo',
)
[ info ] [ PARAM ] array (
  '/admin/login/login_html' => '',
  'username' => 'admin',
  'password' => '123123',
)
[ info ] [ RUN ] app\admin\controller\Login->login[ D:\huanjing\phpStudy\PHPTutorial\WWW\demo\application\admin\controller\Login.php ]
[ info ] [ DB ] INIT mysql
[ info ] [ SESSION ] INIT array (
  'id' => '',
  'var_session_id' => '',
  'prefix' => 'think',
  'type' => '',
  'auto_start' => true,
)
[ info ] [ LOG ] INIT File
[ sql ] [ DB ] CONNECT:[ UseTime:0.010001s ] mysql:host=127.0.0.1;dbname=xyservice;charset=utf8
[ sql ] [ SQL ] SHOW COLUMNS FROM `admin` [ RunTime:0.012001s ]
[ sql ] [ SQL ] SELECT * FROM `admin` WHERE  `username` = 'admin'  AND `password` = '4297f44b13955235245b2497399d7a93' LIMIT 1 [ RunTime:0.001000s ]
---------------------------------------------------------------
[ 2018-08-20T17:33:42+08:00 ] 127.0.0.1 GET /admin/index/index.html
[ info ] demo/admin/index/index.html [运行时间：0.014001s][吞吐率：71.42req/s] [内存消耗：1,349.92kb] [文件加载：44]
[ info ] [ LANG ] D:\huanjing\phpStudy\PHPTutorial\WWW\demo\thinkphp\lang\zh-cn.php
[ info ] [ ROUTE ] array (
  'type' => 'module',
  'module' => 
  array (
    0 => 'admin',
    1 => 'index',
    2 => 'index',
  ),
)
[ info ] [ HEADER ] array (
  'cookie' => 'PHPSESSID=2a1kpp8scod4fj8mmt6hrhlmp5',
  'accept-language' => 'zh-CN,zh;q=0.9',
  'accept-encoding' => 'gzip, deflate',
  'referer' => 'http://demo/admin/login/login.html',
  'accept' => 'text/html,application/xhtml+xml,application/xml;q=0.9,image/webp,image/apng,*/*;q=0.8',
  'user-agent' => 'Mozilla/5.0 (Windows NT 6.1; WOW64) AppleWebKit/537.36 (KHTML, like Gecko) Chrome/67.0.3396.99 Safari/537.36',
  'upgrade-insecure-requests' => '1',
  'cache-control' => 'max-age=0',
  'connection' => 'close',
  'host' => 'demo',
)
[ info ] [ PARAM ] array (
  '/admin/index/index_html' => '',
)
[ info ] [ SESSION ] INIT array (
  'id' => '',
  'var_session_id' => '',
  'prefix' => 'think',
  'type' => '',
  'auto_start' => true,
)
[ info ] [ RUN ] app\admin\controller\Index->index[ D:\huanjing\phpStudy\PHPTutorial\WWW\demo\application\admin\controller\Index.php ]
[ info ] [ LOG ] INIT File
---------------------------------------------------------------
[ 2018-08-20T17:33:42+08:00 ] 127.0.0.1 GET /admin/admin/index.html
[ info ] demo/admin/admin/index.html [运行时间：0.028002s][吞吐率：35.71req/s] [内存消耗：2,455.22kb] [文件加载：58]
[ info ] [ LANG ] D:\huanjing\phpStudy\PHPTutorial\WWW\demo\thinkphp\lang\zh-cn.php
[ info ] [ ROUTE ] array (
  'type' => 'module',
  'module' => 
  array (
    0 => 'admin',
    1 => 'admin',
    2 => 'index',
  ),
)
[ info ] [ HEADER ] array (
  'cookie' => 'PHPSESSID=2a1kpp8scod4fj8mmt6hrhlmp5',
  'accept-language' => 'zh-CN,zh;q=0.9',
  'accept-encoding' => 'gzip, deflate',
  'referer' => 'http://demo/admin/login/login.html',
  'accept' => 'text/html,application/xhtml+xml,application/xml;q=0.9,image/webp,image/apng,*/*;q=0.8',
  'user-agent' => 'Mozilla/5.0 (Windows NT 6.1; WOW64) AppleWebKit/537.36 (KHTML, like Gecko) Chrome/67.0.3396.99 Safari/537.36',
  'upgrade-insecure-requests' => '1',
  'cache-control' => 'max-age=0',
  'connection' => 'close',
  'host' => 'demo',
)
[ info ] [ PARAM ] array (
  '/admin/admin/index_html' => '',
)
[ info ] [ DB ] INIT mysql
[ info ] [ SESSION ] INIT array (
  'id' => '',
  'var_session_id' => '',
  'prefix' => 'think',
  'type' => '',
  'auto_start' => true,
)
[ info ] [ RUN ] app\admin\controller\Admin->index[ D:\huanjing\phpStudy\PHPTutorial\WWW\demo\application\admin\controller\Admin.php ]
[ info ] [ VIEW ] D:\huanjing\phpStudy\PHPTutorial\WWW\demo\public/../application/admin\view\admin\index.html [ array (
  0 => 'lists',
) ]
[ info ] [ LOG ] INIT File
[ sql ] [ DB ] CONNECT:[ UseTime:0.000000s ] mysql:host=127.0.0.1;dbname=xyservice;charset=utf8
[ sql ] [ SQL ] SHOW COLUMNS FROM `admin` [ RunTime:0.001000s ]
[ sql ] [ SQL ] SELECT COUNT(*) AS tp_count FROM `admin` LIMIT 1 [ RunTime:0.000000s ]
[ sql ] [ SQL ] SELECT * FROM `admin` ORDER BY `create_time`  desc LIMIT 0,10 [ RunTime:0.000000s ]
[ sql ] [ SQL ] SELECT * FROM `admin` WHERE  `id` = 1 LIMIT 1 [ RunTime:0.000000s ]
---------------------------------------------------------------
[ 2018-08-20T17:33:44+08:00 ] 127.0.0.1 GET /admin/Schedule/index
[ info ] demo/admin/Schedule/index [运行时间：0.044002s][吞吐率：22.73req/s] [内存消耗：2,567.23kb] [文件加载：59]
[ info ] [ LANG ] D:\huanjing\phpStudy\PHPTutorial\WWW\demo\thinkphp\lang\zh-cn.php
[ info ] [ ROUTE ] array (
  'type' => 'module',
  'module' => 
  array (
    0 => 'admin',
    1 => 'Schedule',
    2 => 'index',
  ),
)
[ info ] [ HEADER ] array (
  'cookie' => 'PHPSESSID=2a1kpp8scod4fj8mmt6hrhlmp5',
  'accept-language' => 'zh-CN,zh;q=0.9',
  'accept-encoding' => 'gzip, deflate',
  'referer' => 'http://demo/admin/admin/index.html',
  'accept' => 'text/html,application/xhtml+xml,application/xml;q=0.9,image/webp,image/apng,*/*;q=0.8',
  'user-agent' => 'Mozilla/5.0 (Windows NT 6.1; WOW64) AppleWebKit/537.36 (KHTML, like Gecko) Chrome/67.0.3396.99 Safari/537.36',
  'upgrade-insecure-requests' => '1',
  'connection' => 'close',
  'host' => 'demo',
)
[ info ] [ PARAM ] array (
  '/admin/Schedule/index' => '',
)
[ info ] [ DB ] INIT mysql
[ info ] [ SESSION ] INIT array (
  'id' => '',
  'var_session_id' => '',
  'prefix' => 'think',
  'type' => '',
  'auto_start' => true,
)
[ info ] [ RUN ] app\admin\controller\Schedule->index[ D:\huanjing\phpStudy\PHPTutorial\WWW\demo\application\admin\controller\Schedule.php ]
[ info ] [ VIEW ] D:\huanjing\phpStudy\PHPTutorial\WWW\demo\public/../application/admin\view\schedule\index.html [ array (
  0 => 'lists',
) ]
[ info ] [ LOG ] INIT File
[ sql ] [ DB ] CONNECT:[ UseTime:0.000000s ] mysql:host=127.0.0.1;dbname=xyservice;charset=utf8
[ sql ] [ SQL ] SHOW COLUMNS FROM `notify` [ RunTime:0.006000s ]
[ sql ] [ SQL ] SELECT COUNT(*) AS tp_count FROM `notify` WHERE  `types` = 1 LIMIT 1 [ RunTime:0.000000s ]
[ sql ] [ SQL ] SELECT * FROM `notify` WHERE  `types` = 1 ORDER BY `create_time`  desc LIMIT 0,10 [ RunTime:0.001000s ]
[ sql ] [ SQL ] SHOW COLUMNS FROM `admin` [ RunTime:0.003000s ]
[ sql ] [ SQL ] SELECT * FROM `admin` WHERE  `id` = 1 LIMIT 1 [ RunTime:0.001000s ]
---------------------------------------------------------------
[ 2018-08-20T17:33:44+08:00 ] 127.0.0.1 GET /static/uploads/20180814/15342254918484.jpeg
[ info ] demo/static/uploads/20180814/15342254918484.jpeg [运行时间：0.023001s][吞吐率：43.48req/s] [内存消耗：1,080.75kb] [文件加载：36]
[ info ] [ LANG ] D:\huanjing\phpStudy\PHPTutorial\WWW\demo\thinkphp\lang\zh-cn.php
[ info ] [ ROUTE ] array (
  'type' => 'module',
  'module' => 
  array (
    0 => 'static',
    1 => 'uploads',
    2 => '20180814',
  ),
)
[ info ] [ HEADER ] array (
  'cookie' => 'PHPSESSID=2a1kpp8scod4fj8mmt6hrhlmp5',
  'accept-language' => 'zh-CN,zh;q=0.9',
  'accept-encoding' => 'gzip, deflate',
  'referer' => 'http://demo/admin/Schedule/index',
  'accept' => 'image/webp,image/apng,image/*,*/*;q=0.8',
  'user-agent' => 'Mozilla/5.0 (Windows NT 6.1; WOW64) AppleWebKit/537.36 (KHTML, like Gecko) Chrome/67.0.3396.99 Safari/537.36',
  'connection' => 'close',
  'host' => 'demo',
)
[ info ] [ PARAM ] array (
  '/static/uploads/20180814/15342254918484_jpeg' => '',
)
[ info ] [ LOG ] INIT File
---------------------------------------------------------------
[ 2018-08-20T17:33:44+08:00 ] 127.0.0.1 GET /static/uploads/20180814/15342254918484.jpeg
[ info ] demo/static/uploads/20180814/15342254918484.jpeg [运行时间：0.024002s][吞吐率：41.66req/s] [内存消耗：1,080.75kb] [文件加载：36]
[ info ] [ LANG ] D:\huanjing\phpStudy\PHPTutorial\WWW\demo\thinkphp\lang\zh-cn.php
[ info ] [ ROUTE ] array (
  'type' => 'module',
  'module' => 
  array (
    0 => 'static',
    1 => 'uploads',
    2 => '20180814',
  ),
)
[ info ] [ HEADER ] array (
  'cookie' => 'PHPSESSID=2a1kpp8scod4fj8mmt6hrhlmp5',
  'accept-language' => 'zh-CN,zh;q=0.9',
  'accept-encoding' => 'gzip, deflate',
  'referer' => 'http://demo/admin/Schedule/index',
  'accept' => 'image/webp,image/apng,image/*,*/*;q=0.8',
  'user-agent' => 'Mozilla/5.0 (Windows NT 6.1; WOW64) AppleWebKit/537.36 (KHTML, like Gecko) Chrome/67.0.3396.99 Safari/537.36',
  'connection' => 'close',
  'host' => 'demo',
)
[ info ] [ PARAM ] array (
  '/static/uploads/20180814/15342254918484_jpeg' => '',
)
[ info ] [ LOG ] INIT File
---------------------------------------------------------------
[ 2018-08-20T17:33:46+08:00 ] 127.0.0.1 GET /admin/Schedule/add
[ info ] demo/admin/Schedule/add [运行时间：0.054003s][吞吐率：18.52req/s] [内存消耗：2,388.89kb] [文件加载：56]
[ info ] [ LANG ] D:\huanjing\phpStudy\PHPTutorial\WWW\demo\thinkphp\lang\zh-cn.php
[ info ] [ ROUTE ] array (
  'type' => 'module',
  'module' => 
  array (
    0 => 'admin',
    1 => 'Schedule',
    2 => 'add',
  ),
)
[ info ] [ HEADER ] array (
  'cookie' => 'PHPSESSID=2a1kpp8scod4fj8mmt6hrhlmp5',
  'accept-language' => 'zh-CN,zh;q=0.9',
  'accept-encoding' => 'gzip, deflate',
  'referer' => 'http://demo/admin/Schedule/index',
  'accept' => 'text/html,application/xhtml+xml,application/xml;q=0.9,image/webp,image/apng,*/*;q=0.8',
  'user-agent' => 'Mozilla/5.0 (Windows NT 6.1; WOW64) AppleWebKit/537.36 (KHTML, like Gecko) Chrome/67.0.3396.99 Safari/537.36',
  'upgrade-insecure-requests' => '1',
  'connection' => 'close',
  'host' => 'demo',
)
[ info ] [ PARAM ] array (
  '/admin/Schedule/add' => '',
)
[ info ] [ DB ] INIT mysql
[ info ] [ SESSION ] INIT array (
  'id' => '',
  'var_session_id' => '',
  'prefix' => 'think',
  'type' => '',
  'auto_start' => true,
)
[ info ] [ RUN ] app\admin\controller\Schedule->add[ D:\huanjing\phpStudy\PHPTutorial\WWW\demo\application\admin\controller\Schedule.php ]
[ info ] [ VIEW ] D:\huanjing\phpStudy\PHPTutorial\WWW\demo\public/../application/admin\view\schedule\add.html [ array (
) ]
[ info ] [ LOG ] INIT File
[ sql ] [ DB ] CONNECT:[ UseTime:0.010000s ] mysql:host=127.0.0.1;dbname=xyservice;charset=utf8
[ sql ] [ SQL ] SHOW COLUMNS FROM `admin` [ RunTime:0.002000s ]
[ sql ] [ SQL ] SELECT * FROM `admin` WHERE  `id` = 1 LIMIT 1 [ RunTime:0.001000s ]
---------------------------------------------------------------
[ 2018-08-20T17:35:13+08:00 ] 127.0.0.1 GET /admin/Schedule/add
[ info ] demo/admin/Schedule/add [运行时间：0.075004s][吞吐率：13.33req/s] [内存消耗：2,267.35kb] [文件加载：54]
[ info ] [ LANG ] D:\huanjing\phpStudy\PHPTutorial\WWW\demo\thinkphp\lang\zh-cn.php
[ info ] [ ROUTE ] array (
  'type' => 'module',
  'module' => 
  array (
    0 => 'admin',
    1 => 'Schedule',
    2 => 'add',
  ),
)
[ info ] [ HEADER ] array (
  'cookie' => 'PHPSESSID=2a1kpp8scod4fj8mmt6hrhlmp5',
  'accept-language' => 'zh-CN,zh;q=0.9',
  'accept-encoding' => 'gzip, deflate',
  'referer' => 'http://demo/admin/Schedule/index',
  'accept' => 'text/html,application/xhtml+xml,application/xml;q=0.9,image/webp,image/apng,*/*;q=0.8',
  'user-agent' => 'Mozilla/5.0 (Windows NT 6.1; WOW64) AppleWebKit/537.36 (KHTML, like Gecko) Chrome/67.0.3396.99 Safari/537.36',
  'upgrade-insecure-requests' => '1',
  'cache-control' => 'max-age=0',
  'connection' => 'close',
  'host' => 'demo',
)
[ info ] [ PARAM ] array (
  '/admin/Schedule/add' => '',
)
[ info ] [ DB ] INIT mysql
[ info ] [ SESSION ] INIT array (
  'id' => '',
  'var_session_id' => '',
  'prefix' => 'think',
  'type' => '',
  'auto_start' => true,
)
[ info ] [ RUN ] app\admin\controller\Schedule->add[ D:\huanjing\phpStudy\PHPTutorial\WWW\demo\application\admin\controller\Schedule.php ]
[ info ] [ VIEW ] D:\huanjing\phpStudy\PHPTutorial\WWW\demo\public/../application/admin\view\schedule\add.html [ array (
) ]
[ info ] [ LOG ] INIT File
[ sql ] [ DB ] CONNECT:[ UseTime:0.011000s ] mysql:host=127.0.0.1;dbname=xyservice;charset=utf8
[ sql ] [ SQL ] SHOW COLUMNS FROM `admin` [ RunTime:0.003001s ]
[ sql ] [ SQL ] SELECT * FROM `admin` WHERE  `id` = 1 LIMIT 1 [ RunTime:0.000000s ]
---------------------------------------------------------------
[ 2018-08-20T17:36:00+08:00 ] 127.0.0.1 GET /admin/Schedule/add
[ info ] demo/admin/Schedule/add [运行时间：0.065004s][吞吐率：15.38req/s] [内存消耗：2,267.35kb] [文件加载：54]
[ info ] [ LANG ] D:\huanjing\phpStudy\PHPTutorial\WWW\demo\thinkphp\lang\zh-cn.php
[ info ] [ ROUTE ] array (
  'type' => 'module',
  'module' => 
  array (
    0 => 'admin',
    1 => 'Schedule',
    2 => 'add',
  ),
)
[ info ] [ HEADER ] array (
  'cookie' => 'PHPSESSID=2a1kpp8scod4fj8mmt6hrhlmp5',
  'accept-language' => 'zh-CN,zh;q=0.9',
  'accept-encoding' => 'gzip, deflate',
  'referer' => 'http://demo/admin/Schedule/index',
  'accept' => 'text/html,application/xhtml+xml,application/xml;q=0.9,image/webp,image/apng,*/*;q=0.8',
  'user-agent' => 'Mozilla/5.0 (Windows NT 6.1; WOW64) AppleWebKit/537.36 (KHTML, like Gecko) Chrome/67.0.3396.99 Safari/537.36',
  'upgrade-insecure-requests' => '1',
  'cache-control' => 'max-age=0',
  'connection' => 'close',
  'host' => 'demo',
)
[ info ] [ PARAM ] array (
  '/admin/Schedule/add' => '',
)
[ info ] [ DB ] INIT mysql
[ info ] [ SESSION ] INIT array (
  'id' => '',
  'var_session_id' => '',
  'prefix' => 'think',
  'type' => '',
  'auto_start' => true,
)
[ info ] [ RUN ] app\admin\controller\Schedule->add[ D:\huanjing\phpStudy\PHPTutorial\WWW\demo\application\admin\controller\Schedule.php ]
[ info ] [ VIEW ] D:\huanjing\phpStudy\PHPTutorial\WWW\demo\public/../application/admin\view\schedule\add.html [ array (
) ]
[ info ] [ LOG ] INIT File
[ sql ] [ DB ] CONNECT:[ UseTime:0.010000s ] mysql:host=127.0.0.1;dbname=xyservice;charset=utf8
[ sql ] [ SQL ] SHOW COLUMNS FROM `admin` [ RunTime:0.002000s ]
[ sql ] [ SQL ] SELECT * FROM `admin` WHERE  `id` = 1 LIMIT 1 [ RunTime:0.000000s ]
---------------------------------------------------------------
[ 2018-08-20T17:39:14+08:00 ] 127.0.0.1 GET /admin/Schedule/add
[ info ] demo/admin/Schedule/add [运行时间：0.039002s][吞吐率：25.64req/s] [内存消耗：2,389.30kb] [文件加载：56]
[ info ] [ LANG ] D:\huanjing\phpStudy\PHPTutorial\WWW\demo\thinkphp\lang\zh-cn.php
[ info ] [ ROUTE ] array (
  'type' => 'module',
  'module' => 
  array (
    0 => 'admin',
    1 => 'Schedule',
    2 => 'add',
  ),
)
[ info ] [ HEADER ] array (
  'cookie' => 'PHPSESSID=2a1kpp8scod4fj8mmt6hrhlmp5',
  'accept-language' => 'zh-CN,zh;q=0.9',
  'accept-encoding' => 'gzip, deflate',
  'referer' => 'http://demo/admin/Schedule/index',
  'accept' => 'text/html,application/xhtml+xml,application/xml;q=0.9,image/webp,image/apng,*/*;q=0.8',
  'user-agent' => 'Mozilla/5.0 (Windows NT 6.1; WOW64) AppleWebKit/537.36 (KHTML, like Gecko) Chrome/67.0.3396.99 Safari/537.36',
  'upgrade-insecure-requests' => '1',
  'cache-control' => 'max-age=0',
  'connection' => 'close',
  'host' => 'demo',
)
[ info ] [ PARAM ] array (
  '/admin/Schedule/add' => '',
)
[ info ] [ DB ] INIT mysql
[ info ] [ SESSION ] INIT array (
  'id' => '',
  'var_session_id' => '',
  'prefix' => 'think',
  'type' => '',
  'auto_start' => true,
)
[ info ] [ RUN ] app\admin\controller\Schedule->add[ D:\huanjing\phpStudy\PHPTutorial\WWW\demo\application\admin\controller\Schedule.php ]
[ info ] [ VIEW ] D:\huanjing\phpStudy\PHPTutorial\WWW\demo\public/../application/admin\view\schedule\add.html [ array (
) ]
[ info ] [ LOG ] INIT File
[ sql ] [ DB ] CONNECT:[ UseTime:0.000000s ] mysql:host=127.0.0.1;dbname=xyservice;charset=utf8
[ sql ] [ SQL ] SHOW COLUMNS FROM `admin` [ RunTime:0.002000s ]
[ sql ] [ SQL ] SELECT * FROM `admin` WHERE  `id` = 1 LIMIT 1 [ RunTime:0.001000s ]
---------------------------------------------------------------
[ 2018-08-20T17:39:36+08:00 ] 127.0.0.1 GET /admin/Admin/index
[ info ] demo/admin/Admin/index [运行时间：0.057003s][吞吐率：17.54req/s] [内存消耗：2,454.97kb] [文件加载：58]
[ info ] [ LANG ] D:\huanjing\phpStudy\PHPTutorial\WWW\demo\thinkphp\lang\zh-cn.php
[ info ] [ ROUTE ] array (
  'type' => 'module',
  'module' => 
  array (
    0 => 'admin',
    1 => 'Admin',
    2 => 'index',
  ),
)
[ info ] [ HEADER ] array (
  'cookie' => 'PHPSESSID=2a1kpp8scod4fj8mmt6hrhlmp5',
  'accept-language' => 'zh-CN,zh;q=0.9',
  'accept-encoding' => 'gzip, deflate',
  'referer' => 'http://demo/admin/Schedule/add',
  'accept' => 'text/html,application/xhtml+xml,application/xml;q=0.9,image/webp,image/apng,*/*;q=0.8',
  'user-agent' => 'Mozilla/5.0 (Windows NT 6.1; WOW64) AppleWebKit/537.36 (KHTML, like Gecko) Chrome/67.0.3396.99 Safari/537.36',
  'upgrade-insecure-requests' => '1',
  'connection' => 'close',
  'host' => 'demo',
)
[ info ] [ PARAM ] array (
  '/admin/Admin/index' => '',
)
[ info ] [ DB ] INIT mysql
[ info ] [ SESSION ] INIT array (
  'id' => '',
  'var_session_id' => '',
  'prefix' => 'think',
  'type' => '',
  'auto_start' => true,
)
[ info ] [ RUN ] app\admin\controller\Admin->index[ D:\huanjing\phpStudy\PHPTutorial\WWW\demo\application\admin\controller\Admin.php ]
[ info ] [ VIEW ] D:\huanjing\phpStudy\PHPTutorial\WWW\demo\public/../application/admin\view\admin\index.html [ array (
  0 => 'lists',
) ]
[ info ] [ LOG ] INIT File
[ sql ] [ DB ] CONNECT:[ UseTime:0.001000s ] mysql:host=127.0.0.1;dbname=xyservice;charset=utf8
[ sql ] [ SQL ] SHOW COLUMNS FROM `admin` [ RunTime:0.002000s ]
[ sql ] [ SQL ] SELECT COUNT(*) AS tp_count FROM `admin` LIMIT 1 [ RunTime:0.001000s ]
[ sql ] [ SQL ] SELECT * FROM `admin` ORDER BY `create_time`  desc LIMIT 0,10 [ RunTime:0.000000s ]
[ sql ] [ SQL ] SELECT * FROM `admin` WHERE  `id` = 1 LIMIT 1 [ RunTime:0.001000s ]
---------------------------------------------------------------
[ 2018-08-20T17:49:58+08:00 ] 127.0.0.1 GET /admin/Admin/index
[ info ] demo/admin/Admin/index [运行时间：0.026002s][吞吐率：38.46req/s] [内存消耗：2,212.70kb] [文件加载：53]
[ info ] [ LANG ] D:\huanjing\phpStudy\PHPTutorial\WWW\demo\thinkphp\lang\zh-cn.php
[ info ] [ ROUTE ] array (
  'type' => 'module',
  'module' => 
  array (
    0 => 'admin',
    1 => 'Admin',
    2 => 'index',
  ),
)
[ info ] [ HEADER ] array (
  'cookie' => 'PHPSESSID=2a1kpp8scod4fj8mmt6hrhlmp5',
  'accept-language' => 'zh-CN,zh;q=0.9',
  'accept-encoding' => 'gzip, deflate',
  'referer' => 'http://demo/admin/Schedule/add',
  'accept' => 'text/html,application/xhtml+xml,application/xml;q=0.9,image/webp,image/apng,*/*;q=0.8',
  'user-agent' => 'Mozilla/5.0 (Windows NT 6.1; WOW64) AppleWebKit/537.36 (KHTML, like Gecko) Chrome/67.0.3396.99 Safari/537.36',
  'upgrade-insecure-requests' => '1',
  'cache-control' => 'max-age=0',
  'connection' => 'close',
  'host' => 'demo',
)
[ info ] [ PARAM ] array (
  '/admin/Admin/index' => '',
)
[ info ] [ DB ] INIT mysql
[ info ] [ SESSION ] INIT array (
  'id' => '',
  'var_session_id' => '',
  'prefix' => 'think',
  'type' => '',
  'auto_start' => true,
)
[ info ] [ RUN ] app\admin\controller\Admin->index[ D:\huanjing\phpStudy\PHPTutorial\WWW\demo\application\admin\controller\Admin.php ]
[ info ] [ LOG ] INIT File
[ error ] [1049]SQLSTATE[HY000] [1049] Unknown database 'demo'[D:\huanjing\phpStudy\PHPTutorial\WWW\demo\thinkphp\library\think\db\Connection.php:293]
---------------------------------------------------------------
[ 2018-08-20T17:52:36+08:00 ] 127.0.0.1 GET /admin/Admin/index
[ info ] demo/admin/Admin/index [运行时间：0.063003s][吞吐率：15.87req/s] [内存消耗：2,336.51kb] [文件加载：56]
[ info ] [ LANG ] D:\huanjing\phpStudy\PHPTutorial\WWW\demo\thinkphp\lang\zh-cn.php
[ info ] [ ROUTE ] array (
  'type' => 'module',
  'module' => 
  array (
    0 => 'admin',
    1 => 'Admin',
    2 => 'index',
  ),
)
[ info ] [ HEADER ] array (
  'cookie' => 'PHPSESSID=2a1kpp8scod4fj8mmt6hrhlmp5',
  'accept-language' => 'zh-CN,zh;q=0.9',
  'accept-encoding' => 'gzip, deflate',
  'referer' => 'http://demo/admin/Schedule/add',
  'accept' => 'text/html,application/xhtml+xml,application/xml;q=0.9,image/webp,image/apng,*/*;q=0.8',
  'user-agent' => 'Mozilla/5.0 (Windows NT 6.1; WOW64) AppleWebKit/537.36 (KHTML, like Gecko) Chrome/67.0.3396.99 Safari/537.36',
  'upgrade-insecure-requests' => '1',
  'cache-control' => 'max-age=0',
  'connection' => 'close',
  'host' => 'demo',
)
[ info ] [ PARAM ] array (
  '/admin/Admin/index' => '',
)
[ info ] [ DB ] INIT mysql
[ info ] [ SESSION ] INIT array (
  'id' => '',
  'var_session_id' => '',
  'prefix' => 'think',
  'type' => '',
  'auto_start' => true,
)
[ info ] [ RUN ] app\admin\controller\Admin->index[ D:\huanjing\phpStudy\PHPTutorial\WWW\demo\application\admin\controller\Admin.php ]
[ info ] [ VIEW ] D:\huanjing\phpStudy\PHPTutorial\WWW\demo\public/../application/admin\view\admin\index.html [ array (
  0 => 'lists',
) ]
[ info ] [ LOG ] INIT File
[ sql ] [ DB ] CONNECT:[ UseTime:0.010001s ] mysql:host=127.0.0.1;dbname=demo;charset=utf8
[ sql ] [ SQL ] SHOW COLUMNS FROM `admin` [ RunTime:0.003000s ]
[ sql ] [ SQL ] SELECT COUNT(*) AS tp_count FROM `admin` LIMIT 1 [ RunTime:0.000000s ]
[ sql ] [ SQL ] SELECT * FROM `admin` ORDER BY `create_time`  desc LIMIT 0,10 [ RunTime:0.000000s ]
[ sql ] [ SQL ] SELECT * FROM `admin` WHERE  `id` = 1 LIMIT 1 [ RunTime:0.000000s ]
---------------------------------------------------------------
[ 2018-08-20T17:52:39+08:00 ] 127.0.0.1 GET /admin/Schedule/index
[ info ] demo/admin/Schedule/index [运行时间：0.062004s][吞吐率：16.13req/s] [内存消耗：2,567.28kb] [文件加载：59]
[ info ] [ LANG ] D:\huanjing\phpStudy\PHPTutorial\WWW\demo\thinkphp\lang\zh-cn.php
[ info ] [ ROUTE ] array (
  'type' => 'module',
  'module' => 
  array (
    0 => 'admin',
    1 => 'Schedule',
    2 => 'index',
  ),
)
[ info ] [ HEADER ] array (
  'cookie' => 'PHPSESSID=2a1kpp8scod4fj8mmt6hrhlmp5',
  'accept-language' => 'zh-CN,zh;q=0.9',
  'accept-encoding' => 'gzip, deflate',
  'referer' => 'http://demo/admin/Admin/index',
  'accept' => 'text/html,application/xhtml+xml,application/xml;q=0.9,image/webp,image/apng,*/*;q=0.8',
  'user-agent' => 'Mozilla/5.0 (Windows NT 6.1; WOW64) AppleWebKit/537.36 (KHTML, like Gecko) Chrome/67.0.3396.99 Safari/537.36',
  'upgrade-insecure-requests' => '1',
  'connection' => 'close',
  'host' => 'demo',
)
[ info ] [ PARAM ] array (
  '/admin/Schedule/index' => '',
)
[ info ] [ DB ] INIT mysql
[ info ] [ SESSION ] INIT array (
  'id' => '',
  'var_session_id' => '',
  'prefix' => 'think',
  'type' => '',
  'auto_start' => true,
)
[ info ] [ RUN ] app\admin\controller\Schedule->index[ D:\huanjing\phpStudy\PHPTutorial\WWW\demo\application\admin\controller\Schedule.php ]
[ info ] [ VIEW ] D:\huanjing\phpStudy\PHPTutorial\WWW\demo\public/../application/admin\view\schedule\index.html [ array (
  0 => 'lists',
) ]
[ info ] [ LOG ] INIT File
[ sql ] [ DB ] CONNECT:[ UseTime:0.000000s ] mysql:host=127.0.0.1;dbname=demo;charset=utf8
[ sql ] [ SQL ] SHOW COLUMNS FROM `notify` [ RunTime:0.002000s ]
[ sql ] [ SQL ] SELECT COUNT(*) AS tp_count FROM `notify` WHERE  `types` = 1 LIMIT 1 [ RunTime:0.000000s ]
[ sql ] [ SQL ] SELECT * FROM `notify` WHERE  `types` = 1 ORDER BY `create_time`  desc LIMIT 0,10 [ RunTime:0.001000s ]
[ sql ] [ SQL ] SHOW COLUMNS FROM `admin` [ RunTime:0.002001s ]
[ sql ] [ SQL ] SELECT * FROM `admin` WHERE  `id` = 1 LIMIT 1 [ RunTime:0.000000s ]
---------------------------------------------------------------
[ 2018-08-20T17:52:39+08:00 ] 127.0.0.1 GET /static/uploads/20180814/15342254918484.jpeg
[ info ] demo/static/uploads/20180814/15342254918484.jpeg [运行时间：0.028001s][吞吐率：35.71req/s] [内存消耗：1,080.75kb] [文件加载：36]
[ info ] [ LANG ] D:\huanjing\phpStudy\PHPTutorial\WWW\demo\thinkphp\lang\zh-cn.php
[ info ] [ ROUTE ] array (
  'type' => 'module',
  'module' => 
  array (
    0 => 'static',
    1 => 'uploads',
    2 => '20180814',
  ),
)
[ info ] [ HEADER ] array (
  'cookie' => 'PHPSESSID=2a1kpp8scod4fj8mmt6hrhlmp5',
  'accept-language' => 'zh-CN,zh;q=0.9',
  'accept-encoding' => 'gzip, deflate',
  'referer' => 'http://demo/admin/Schedule/index',
  'accept' => 'image/webp,image/apng,image/*,*/*;q=0.8',
  'user-agent' => 'Mozilla/5.0 (Windows NT 6.1; WOW64) AppleWebKit/537.36 (KHTML, like Gecko) Chrome/67.0.3396.99 Safari/537.36',
  'connection' => 'close',
  'host' => 'demo',
)
[ info ] [ PARAM ] array (
  '/static/uploads/20180814/15342254918484_jpeg' => '',
)
[ info ] [ LOG ] INIT File
---------------------------------------------------------------
[ 2018-08-20T17:52:40+08:00 ] 127.0.0.1 GET /admin/Product/index
[ info ] demo/admin/Product/index [运行时间：0.059003s][吞吐率：16.95req/s] [内存消耗：2,551.54kb] [文件加载：59]
[ info ] [ LANG ] D:\huanjing\phpStudy\PHPTutorial\WWW\demo\thinkphp\lang\zh-cn.php
[ info ] [ ROUTE ] array (
  'type' => 'module',
  'module' => 
  array (
    0 => 'admin',
    1 => 'Product',
    2 => 'index',
  ),
)
[ info ] [ HEADER ] array (
  'cookie' => 'PHPSESSID=2a1kpp8scod4fj8mmt6hrhlmp5',
  'accept-language' => 'zh-CN,zh;q=0.9',
  'accept-encoding' => 'gzip, deflate',
  'referer' => 'http://demo/admin/Schedule/index',
  'accept' => 'text/html,application/xhtml+xml,application/xml;q=0.9,image/webp,image/apng,*/*;q=0.8',
  'user-agent' => 'Mozilla/5.0 (Windows NT 6.1; WOW64) AppleWebKit/537.36 (KHTML, like Gecko) Chrome/67.0.3396.99 Safari/537.36',
  'upgrade-insecure-requests' => '1',
  'connection' => 'close',
  'host' => 'demo',
)
[ info ] [ PARAM ] array (
  '/admin/Product/index' => '',
)
[ info ] [ DB ] INIT mysql
[ info ] [ SESSION ] INIT array (
  'id' => '',
  'var_session_id' => '',
  'prefix' => 'think',
  'type' => '',
  'auto_start' => true,
)
[ info ] [ RUN ] app\admin\controller\Product->index[ D:\huanjing\phpStudy\PHPTutorial\WWW\demo\application\admin\controller\Product.php ]
[ info ] [ VIEW ] D:\huanjing\phpStudy\PHPTutorial\WWW\demo\public/../application/admin\view\product\index.html [ array (
  0 => 'lists',
) ]
[ info ] [ LOG ] INIT File
[ sql ] [ DB ] CONNECT:[ UseTime:0.001000s ] mysql:host=127.0.0.1;dbname=demo;charset=utf8
[ sql ] [ SQL ] SHOW COLUMNS FROM `notify` [ RunTime:0.003000s ]
[ sql ] [ SQL ] SELECT COUNT(*) AS tp_count FROM `notify` WHERE  `types` = 6 LIMIT 1 [ RunTime:0.001000s ]
[ sql ] [ SQL ] SELECT * FROM `notify` WHERE  `types` = 6 ORDER BY `create_time`  desc LIMIT 0,10 [ RunTime:0.000000s ]
[ sql ] [ SQL ] SHOW COLUMNS FROM `admin` [ RunTime:0.003000s ]
[ sql ] [ SQL ] SELECT * FROM `admin` WHERE  `id` = 1 LIMIT 1 [ RunTime:0.001000s ]
---------------------------------------------------------------
[ 2018-08-20T17:52:40+08:00 ] 127.0.0.1 GET /static/uploads/20180814/15342269445551.png
[ info ] demo/static/uploads/20180814/15342269445551.png [运行时间：0.028002s][吞吐率：35.71req/s] [内存消耗：1,080.77kb] [文件加载：36]
[ info ] [ LANG ] D:\huanjing\phpStudy\PHPTutorial\WWW\demo\thinkphp\lang\zh-cn.php
[ info ] [ ROUTE ] array (
  'type' => 'module',
  'module' => 
  array (
    0 => 'static',
    1 => 'uploads',
    2 => '20180814',
  ),
)
[ info ] [ HEADER ] array (
  'cookie' => 'PHPSESSID=2a1kpp8scod4fj8mmt6hrhlmp5',
  'accept-language' => 'zh-CN,zh;q=0.9',
  'accept-encoding' => 'gzip, deflate',
  'referer' => 'http://demo/admin/Product/index',
  'accept' => 'image/webp,image/apng,image/*,*/*;q=0.8',
  'user-agent' => 'Mozilla/5.0 (Windows NT 6.1; WOW64) AppleWebKit/537.36 (KHTML, like Gecko) Chrome/67.0.3396.99 Safari/537.36',
  'connection' => 'close',
  'host' => 'demo',
)
[ info ] [ PARAM ] array (
  '/static/uploads/20180814/15342269445551_png' => '',
)
[ info ] [ LOG ] INIT File
---------------------------------------------------------------
[ 2018-08-20T17:52:40+08:00 ] 127.0.0.1 GET /static/uploads/20180814/15342269445551.png
[ info ] demo/static/uploads/20180814/15342269445551.png [运行时间：0.026001s][吞吐率：38.46req/s] [内存消耗：1,080.77kb] [文件加载：36]
[ info ] [ LANG ] D:\huanjing\phpStudy\PHPTutorial\WWW\demo\thinkphp\lang\zh-cn.php
[ info ] [ ROUTE ] array (
  'type' => 'module',
  'module' => 
  array (
    0 => 'static',
    1 => 'uploads',
    2 => '20180814',
  ),
)
[ info ] [ HEADER ] array (
  'cookie' => 'PHPSESSID=2a1kpp8scod4fj8mmt6hrhlmp5',
  'accept-language' => 'zh-CN,zh;q=0.9',
  'accept-encoding' => 'gzip, deflate',
  'referer' => 'http://demo/admin/Product/index',
  'accept' => 'image/webp,image/apng,image/*,*/*;q=0.8',
  'user-agent' => 'Mozilla/5.0 (Windows NT 6.1; WOW64) AppleWebKit/537.36 (KHTML, like Gecko) Chrome/67.0.3396.99 Safari/537.36',
  'connection' => 'close',
  'host' => 'demo',
)
[ info ] [ PARAM ] array (
  '/static/uploads/20180814/15342269445551_png' => '',
)
[ info ] [ LOG ] INIT File
---------------------------------------------------------------
[ 2018-08-20T17:52:41+08:00 ] 127.0.0.1 GET /admin/Schedule/index
[ info ] demo/admin/Schedule/index [运行时间：0.046003s][吞吐率：21.74req/s] [内存消耗：2,442.02kb] [文件加载：57]
[ info ] [ LANG ] D:\huanjing\phpStudy\PHPTutorial\WWW\demo\thinkphp\lang\zh-cn.php
[ info ] [ ROUTE ] array (
  'type' => 'module',
  'module' => 
  array (
    0 => 'admin',
    1 => 'Schedule',
    2 => 'index',
  ),
)
[ info ] [ HEADER ] array (
  'cookie' => 'PHPSESSID=2a1kpp8scod4fj8mmt6hrhlmp5',
  'accept-language' => 'zh-CN,zh;q=0.9',
  'accept-encoding' => 'gzip, deflate',
  'referer' => 'http://demo/admin/Product/index',
  'accept' => 'text/html,application/xhtml+xml,application/xml;q=0.9,image/webp,image/apng,*/*;q=0.8',
  'user-agent' => 'Mozilla/5.0 (Windows NT 6.1; WOW64) AppleWebKit/537.36 (KHTML, like Gecko) Chrome/67.0.3396.99 Safari/537.36',
  'upgrade-insecure-requests' => '1',
  'connection' => 'close',
  'host' => 'demo',
)
[ info ] [ PARAM ] array (
  '/admin/Schedule/index' => '',
)
[ info ] [ DB ] INIT mysql
[ info ] [ SESSION ] INIT array (
  'id' => '',
  'var_session_id' => '',
  'prefix' => 'think',
  'type' => '',
  'auto_start' => true,
)
[ info ] [ RUN ] app\admin\controller\Schedule->index[ D:\huanjing\phpStudy\PHPTutorial\WWW\demo\application\admin\controller\Schedule.php ]
[ info ] [ VIEW ] D:\huanjing\phpStudy\PHPTutorial\WWW\demo\public/../application/admin\view\schedule\index.html [ array (
  0 => 'lists',
) ]
[ info ] [ LOG ] INIT File
[ sql ] [ DB ] CONNECT:[ UseTime:0.001000s ] mysql:host=127.0.0.1;dbname=demo;charset=utf8
[ sql ] [ SQL ] SHOW COLUMNS FROM `notify` [ RunTime:0.002000s ]
[ sql ] [ SQL ] SELECT COUNT(*) AS tp_count FROM `notify` WHERE  `types` = 1 LIMIT 1 [ RunTime:0.000000s ]
[ sql ] [ SQL ] SELECT * FROM `notify` WHERE  `types` = 1 ORDER BY `create_time`  desc LIMIT 0,10 [ RunTime:0.001000s ]
[ sql ] [ SQL ] SHOW COLUMNS FROM `admin` [ RunTime:0.003000s ]
[ sql ] [ SQL ] SELECT * FROM `admin` WHERE  `id` = 1 LIMIT 1 [ RunTime:0.000000s ]
---------------------------------------------------------------
[ 2018-08-20T17:52:41+08:00 ] 127.0.0.1 GET /static/uploads/20180814/15342254918484.jpeg
[ info ] demo/static/uploads/20180814/15342254918484.jpeg [运行时间：0.022001s][吞吐率：45.45req/s] [内存消耗：1,080.75kb] [文件加载：36]
[ info ] [ LANG ] D:\huanjing\phpStudy\PHPTutorial\WWW\demo\thinkphp\lang\zh-cn.php
[ info ] [ ROUTE ] array (
  'type' => 'module',
  'module' => 
  array (
    0 => 'static',
    1 => 'uploads',
    2 => '20180814',
  ),
)
[ info ] [ HEADER ] array (
  'cookie' => 'PHPSESSID=2a1kpp8scod4fj8mmt6hrhlmp5',
  'accept-language' => 'zh-CN,zh;q=0.9',
  'accept-encoding' => 'gzip, deflate',
  'referer' => 'http://demo/admin/Schedule/index',
  'accept' => 'image/webp,image/apng,image/*,*/*;q=0.8',
  'user-agent' => 'Mozilla/5.0 (Windows NT 6.1; WOW64) AppleWebKit/537.36 (KHTML, like Gecko) Chrome/67.0.3396.99 Safari/537.36',
  'connection' => 'close',
  'host' => 'demo',
)
[ info ] [ PARAM ] array (
  '/static/uploads/20180814/15342254918484_jpeg' => '',
)
[ info ] [ LOG ] INIT File
---------------------------------------------------------------
[ 2018-08-20T17:52:42+08:00 ] 127.0.0.1 GET /admin/Admin/index
[ info ] demo/admin/Admin/index [运行时间：0.046003s][吞吐率：21.74req/s] [内存消耗：2,336.38kb] [文件加载：56]
[ info ] [ LANG ] D:\huanjing\phpStudy\PHPTutorial\WWW\demo\thinkphp\lang\zh-cn.php
[ info ] [ ROUTE ] array (
  'type' => 'module',
  'module' => 
  array (
    0 => 'admin',
    1 => 'Admin',
    2 => 'index',
  ),
)
[ info ] [ HEADER ] array (
  'cookie' => 'PHPSESSID=2a1kpp8scod4fj8mmt6hrhlmp5',
  'accept-language' => 'zh-CN,zh;q=0.9',
  'accept-encoding' => 'gzip, deflate',
  'referer' => 'http://demo/admin/Schedule/index',
  'accept' => 'text/html,application/xhtml+xml,application/xml;q=0.9,image/webp,image/apng,*/*;q=0.8',
  'user-agent' => 'Mozilla/5.0 (Windows NT 6.1; WOW64) AppleWebKit/537.36 (KHTML, like Gecko) Chrome/67.0.3396.99 Safari/537.36',
  'upgrade-insecure-requests' => '1',
  'connection' => 'close',
  'host' => 'demo',
)
[ info ] [ PARAM ] array (
  '/admin/Admin/index' => '',
)
[ info ] [ DB ] INIT mysql
[ info ] [ SESSION ] INIT array (
  'id' => '',
  'var_session_id' => '',
  'prefix' => 'think',
  'type' => '',
  'auto_start' => true,
)
[ info ] [ RUN ] app\admin\controller\Admin->index[ D:\huanjing\phpStudy\PHPTutorial\WWW\demo\application\admin\controller\Admin.php ]
[ info ] [ VIEW ] D:\huanjing\phpStudy\PHPTutorial\WWW\demo\public/../application/admin\view\admin\index.html [ array (
  0 => 'lists',
) ]
[ info ] [ LOG ] INIT File
[ sql ] [ DB ] CONNECT:[ UseTime:0.001000s ] mysql:host=127.0.0.1;dbname=demo;charset=utf8
[ sql ] [ SQL ] SHOW COLUMNS FROM `admin` [ RunTime:0.002000s ]
[ sql ] [ SQL ] SELECT COUNT(*) AS tp_count FROM `admin` LIMIT 1 [ RunTime:0.000000s ]
[ sql ] [ SQL ] SELECT * FROM `admin` ORDER BY `create_time`  desc LIMIT 0,10 [ RunTime:0.001000s ]
[ sql ] [ SQL ] SELECT * FROM `admin` WHERE  `id` = 1 LIMIT 1 [ RunTime:0.000000s ]
