---------------------------------------------------------------
[ 2018-09-07T15:54:41+08:00 ] 127.0.0.1 GET /admin/
[ info ] wangying/admin/ [运行时间：0.220013s][吞吐率：4.55req/s] [内存消耗：1,363.13kb] [文件加载：45]
[ info ] [ LANG ] D:\phpStudy\PHPTutorial\WWW\wangying\thinkphp\lang\zh-cn.php
[ info ] [ ROUTE ] array (
  'type' => 'module',
  'module' => 
  array (
    0 => 'admin',
    1 => NULL,
    2 => NULL,
  ),
)
[ info ] [ HEADER ] array (
  'accept-language' => 'zh-CN,zh;q=0.9',
  'accept-encoding' => 'gzip, deflate',
  'accept' => 'text/html,application/xhtml+xml,application/xml;q=0.9,image/webp,image/apng,*/*;q=0.8',
  'user-agent' => 'Mozilla/5.0 (Windows NT 6.1; Win64; x64) AppleWebKit/537.36 (KHTML, like Gecko) Chrome/68.0.3440.106 Safari/537.36',
  'upgrade-insecure-requests' => '1',
  'connection' => 'close',
  'host' => 'wangying',
)
[ info ] [ PARAM ] array (
  '/admin/' => '',
)
[ info ] [ SESSION ] INIT array (
  'id' => '',
  'var_session_id' => '',
  'prefix' => 'think',
  'type' => '',
  'auto_start' => true,
)
[ info ] [ VIEW ] D:\phpStudy\PHPTutorial\WWW\wangying\thinkphp\tpl\dispatch_jump.tpl [ array (
  0 => 'code',
  1 => 'msg',
  2 => 'data',
  3 => 'url',
  4 => 'wait',
) ]
[ info ] [ LOG ] INIT File
---------------------------------------------------------------
[ 2018-09-07T15:54:42+08:00 ] 127.0.0.1 GET /admin/login/login.html
[ info ] wangying/admin/login/login.html [运行时间：0.095006s][吞吐率：10.53req/s] [内存消耗：1,366.63kb] [文件加载：44]
[ info ] [ LANG ] D:\phpStudy\PHPTutorial\WWW\wangying\thinkphp\lang\zh-cn.php
[ info ] [ ROUTE ] array (
  'type' => 'module',
  'module' => 
  array (
    0 => 'admin',
    1 => 'login',
    2 => 'login',
  ),
)
[ info ] [ HEADER ] array (
  'cookie' => 'PHPSESSID=bdf8io6ca6qv90fl78gbt5h3h0',
  'accept-language' => 'zh-CN,zh;q=0.9',
  'accept-encoding' => 'gzip, deflate',
  'referer' => 'http://wangying/admin/',
  'accept' => 'text/html,application/xhtml+xml,application/xml;q=0.9,image/webp,image/apng,*/*;q=0.8',
  'user-agent' => 'Mozilla/5.0 (Windows NT 6.1; Win64; x64) AppleWebKit/537.36 (KHTML, like Gecko) Chrome/68.0.3440.106 Safari/537.36',
  'upgrade-insecure-requests' => '1',
  'connection' => 'close',
  'host' => 'wangying',
)
[ info ] [ PARAM ] array (
  '/admin/login/login_html' => '',
)
[ info ] [ RUN ] app\admin\controller\Login->login[ D:\phpStudy\PHPTutorial\WWW\wangying\application\admin\controller\Login.php ]
[ info ] [ VIEW ] D:\phpStudy\PHPTutorial\WWW\wangying\public/../application/admin\view\login\login.html [ array (
) ]
[ info ] [ LOG ] INIT File
---------------------------------------------------------------
[ 2018-09-07T15:54:46+08:00 ] 127.0.0.1 POST /admin/login/login.html
[ info ] wangying/admin/login/login.html [运行时间：0.150009s][吞吐率：6.67req/s] [内存消耗：2,251.45kb] [文件加载：53]
[ info ] [ LANG ] D:\phpStudy\PHPTutorial\WWW\wangying\thinkphp\lang\zh-cn.php
[ info ] [ ROUTE ] array (
  'type' => 'module',
  'module' => 
  array (
    0 => 'admin',
    1 => 'login',
    2 => 'login',
  ),
)
[ info ] [ HEADER ] array (
  'cookie' => 'PHPSESSID=bdf8io6ca6qv90fl78gbt5h3h0',
  'accept-language' => 'zh-CN,zh;q=0.9',
  'accept-encoding' => 'gzip, deflate',
  'referer' => 'http://wangying/admin/login/login.html',
  'accept' => 'text/html,application/xhtml+xml,application/xml;q=0.9,image/webp,image/apng,*/*;q=0.8',
  'user-agent' => 'Mozilla/5.0 (Windows NT 6.1; Win64; x64) AppleWebKit/537.36 (KHTML, like Gecko) Chrome/68.0.3440.106 Safari/537.36',
  'content-type' => 'application/x-www-form-urlencoded',
  'upgrade-insecure-requests' => '1',
  'origin' => 'http://wangying',
  'cache-control' => 'max-age=0',
  'content-length' => '30',
  'connection' => 'close',
  'host' => 'wangying',
)
[ info ] [ PARAM ] array (
  '/admin/login/login_html' => '',
  'username' => 'amdin',
  'password' => '123123',
)
[ info ] [ RUN ] app\admin\controller\Login->login[ D:\phpStudy\PHPTutorial\WWW\wangying\application\admin\controller\Login.php ]
[ info ] [ DB ] INIT mysql
[ info ] [ VIEW ] D:\phpStudy\PHPTutorial\WWW\wangying\thinkphp\tpl\dispatch_jump.tpl [ array (
  0 => 'code',
  1 => 'msg',
  2 => 'data',
  3 => 'url',
  4 => 'wait',
) ]
[ info ] [ LOG ] INIT File
[ sql ] [ DB ] CONNECT:[ UseTime:0.001000s ] mysql:host=127.0.0.1;dbname=wangying;charset=utf8
[ sql ] [ SQL ] SHOW COLUMNS FROM `admin` [ RunTime:0.044002s ]
[ sql ] [ SQL ] SELECT * FROM `admin` WHERE  `username` = 'amdin'  AND `password` = '4297f44b13955235245b2497399d7a93' LIMIT 1 [ RunTime:0.000000s ]
---------------------------------------------------------------
[ 2018-09-07T15:54:48+08:00 ] 127.0.0.1 GET /admin/login/login.html
[ info ] wangying/admin/login/login.html [运行时间：0.019001s][吞吐率：52.63req/s] [内存消耗：1,366.65kb] [文件加载：44]
[ info ] [ LANG ] D:\phpStudy\PHPTutorial\WWW\wangying\thinkphp\lang\zh-cn.php
[ info ] [ ROUTE ] array (
  'type' => 'module',
  'module' => 
  array (
    0 => 'admin',
    1 => 'login',
    2 => 'login',
  ),
)
[ info ] [ HEADER ] array (
  'cookie' => 'PHPSESSID=bdf8io6ca6qv90fl78gbt5h3h0',
  'accept-language' => 'zh-CN,zh;q=0.9',
  'accept-encoding' => 'gzip, deflate',
  'referer' => 'http://wangying/admin/login/login.html',
  'accept' => 'text/html,application/xhtml+xml,application/xml;q=0.9,image/webp,image/apng,*/*;q=0.8',
  'user-agent' => 'Mozilla/5.0 (Windows NT 6.1; Win64; x64) AppleWebKit/537.36 (KHTML, like Gecko) Chrome/68.0.3440.106 Safari/537.36',
  'upgrade-insecure-requests' => '1',
  'connection' => 'close',
  'host' => 'wangying',
)
[ info ] [ PARAM ] array (
  '/admin/login/login_html' => '',
)
[ info ] [ RUN ] app\admin\controller\Login->login[ D:\phpStudy\PHPTutorial\WWW\wangying\application\admin\controller\Login.php ]
[ info ] [ VIEW ] D:\phpStudy\PHPTutorial\WWW\wangying\public/../application/admin\view\login\login.html [ array (
) ]
[ info ] [ LOG ] INIT File
---------------------------------------------------------------
[ 2018-09-07T15:54:51+08:00 ] 127.0.0.1 POST /admin/login/login.html
[ info ] wangying/admin/login/login.html [运行时间：0.045003s][吞吐率：22.22req/s] [内存消耗：2,256.70kb] [文件加载：53]
[ info ] [ LANG ] D:\phpStudy\PHPTutorial\WWW\wangying\thinkphp\lang\zh-cn.php
[ info ] [ ROUTE ] array (
  'type' => 'module',
  'module' => 
  array (
    0 => 'admin',
    1 => 'login',
    2 => 'login',
  ),
)
[ info ] [ HEADER ] array (
  'cookie' => 'PHPSESSID=bdf8io6ca6qv90fl78gbt5h3h0',
  'accept-language' => 'zh-CN,zh;q=0.9',
  'accept-encoding' => 'gzip, deflate',
  'referer' => 'http://wangying/admin/login/login.html',
  'accept' => 'text/html,application/xhtml+xml,application/xml;q=0.9,image/webp,image/apng,*/*;q=0.8',
  'user-agent' => 'Mozilla/5.0 (Windows NT 6.1; Win64; x64) AppleWebKit/537.36 (KHTML, like Gecko) Chrome/68.0.3440.106 Safari/537.36',
  'content-type' => 'application/x-www-form-urlencoded',
  'upgrade-insecure-requests' => '1',
  'origin' => 'http://wangying',
  'cache-control' => 'max-age=0',
  'content-length' => '30',
  'connection' => 'close',
  'host' => 'wangying',
)
[ info ] [ PARAM ] array (
  '/admin/login/login_html' => '',
  'username' => 'admin',
  'password' => '123123',
)
[ info ] [ RUN ] app\admin\controller\Login->login[ D:\phpStudy\PHPTutorial\WWW\wangying\application\admin\controller\Login.php ]
[ info ] [ DB ] INIT mysql
[ info ] [ SESSION ] INIT array (
  'id' => '',
  'var_session_id' => '',
  'prefix' => 'think',
  'type' => '',
  'auto_start' => true,
)
[ info ] [ LOG ] INIT File
[ sql ] [ DB ] CONNECT:[ UseTime:0.000000s ] mysql:host=127.0.0.1;dbname=wangying;charset=utf8
[ sql ] [ SQL ] SHOW COLUMNS FROM `admin` [ RunTime:0.002000s ]
[ sql ] [ SQL ] SELECT * FROM `admin` WHERE  `username` = 'admin'  AND `password` = '4297f44b13955235245b2497399d7a93' LIMIT 1 [ RunTime:0.000000s ]
---------------------------------------------------------------
[ 2018-09-07T15:54:51+08:00 ] 127.0.0.1 GET /admin/index/index.html
[ info ] wangying/admin/index/index.html [运行时间：0.012001s][吞吐率：83.33req/s] [内存消耗：1,368.53kb] [文件加载：45]
[ info ] [ LANG ] D:\phpStudy\PHPTutorial\WWW\wangying\thinkphp\lang\zh-cn.php
[ info ] [ ROUTE ] array (
  'type' => 'module',
  'module' => 
  array (
    0 => 'admin',
    1 => 'index',
    2 => 'index',
  ),
)
[ info ] [ HEADER ] array (
  'cookie' => 'PHPSESSID=bdf8io6ca6qv90fl78gbt5h3h0',
  'accept-language' => 'zh-CN,zh;q=0.9',
  'accept-encoding' => 'gzip, deflate',
  'referer' => 'http://wangying/admin/login/login.html',
  'accept' => 'text/html,application/xhtml+xml,application/xml;q=0.9,image/webp,image/apng,*/*;q=0.8',
  'user-agent' => 'Mozilla/5.0 (Windows NT 6.1; Win64; x64) AppleWebKit/537.36 (KHTML, like Gecko) Chrome/68.0.3440.106 Safari/537.36',
  'upgrade-insecure-requests' => '1',
  'cache-control' => 'max-age=0',
  'connection' => 'close',
  'host' => 'wangying',
)
[ info ] [ PARAM ] array (
  '/admin/index/index_html' => '',
)
[ info ] [ SESSION ] INIT array (
  'id' => '',
  'var_session_id' => '',
  'prefix' => 'think',
  'type' => '',
  'auto_start' => true,
)
[ info ] [ RUN ] app\admin\controller\Index->index[ D:\phpStudy\PHPTutorial\WWW\wangying\application\admin\controller\Index.php ]
[ info ] [ LOG ] INIT File
---------------------------------------------------------------
[ 2018-09-07T15:54:51+08:00 ] 127.0.0.1 GET /admin/admin/index.html
[ info ] wangying/admin/admin/index.html [运行时间：0.079004s][吞吐率：12.66req/s] [内存消耗：2,458.32kb] [文件加载：60]
[ info ] [ LANG ] D:\phpStudy\PHPTutorial\WWW\wangying\thinkphp\lang\zh-cn.php
[ info ] [ ROUTE ] array (
  'type' => 'module',
  'module' => 
  array (
    0 => 'admin',
    1 => 'admin',
    2 => 'index',
  ),
)
[ info ] [ HEADER ] array (
  'cookie' => 'PHPSESSID=bdf8io6ca6qv90fl78gbt5h3h0',
  'accept-language' => 'zh-CN,zh;q=0.9',
  'accept-encoding' => 'gzip, deflate',
  'referer' => 'http://wangying/admin/login/login.html',
  'accept' => 'text/html,application/xhtml+xml,application/xml;q=0.9,image/webp,image/apng,*/*;q=0.8',
  'user-agent' => 'Mozilla/5.0 (Windows NT 6.1; Win64; x64) AppleWebKit/537.36 (KHTML, like Gecko) Chrome/68.0.3440.106 Safari/537.36',
  'upgrade-insecure-requests' => '1',
  'cache-control' => 'max-age=0',
  'connection' => 'close',
  'host' => 'wangying',
)
[ info ] [ PARAM ] array (
  '/admin/admin/index_html' => '',
)
[ info ] [ DB ] INIT mysql
[ info ] [ SESSION ] INIT array (
  'id' => '',
  'var_session_id' => '',
  'prefix' => 'think',
  'type' => '',
  'auto_start' => true,
)
[ info ] [ RUN ] app\admin\controller\Admin->index[ D:\phpStudy\PHPTutorial\WWW\wangying\application\admin\controller\Admin.php ]
[ info ] [ VIEW ] D:\phpStudy\PHPTutorial\WWW\wangying\public/../application/admin\view\admin\index.html [ array (
  0 => 'lists',
) ]
[ info ] [ LOG ] INIT File
[ sql ] [ DB ] CONNECT:[ UseTime:0.000000s ] mysql:host=127.0.0.1;dbname=wangying;charset=utf8
[ sql ] [ SQL ] SHOW COLUMNS FROM `admin` [ RunTime:0.001000s ]
[ sql ] [ SQL ] SELECT COUNT(*) AS tp_count FROM `admin` LIMIT 1 [ RunTime:0.000000s ]
[ sql ] [ SQL ] SELECT * FROM `admin` ORDER BY `create_time` DESC LIMIT 0,10 [ RunTime:0.000000s ]
[ sql ] [ SQL ] SELECT * FROM `admin` WHERE  `id` = 1 LIMIT 1 [ RunTime:0.001000s ]
---------------------------------------------------------------
[ 2018-09-07T15:54:53+08:00 ] 127.0.0.1 GET /admin/Work/index
[ info ] wangying/admin/Work/index [运行时间：0.169010s][吞吐率：5.92req/s] [内存消耗：2,777.82kb] [文件加载：55]
[ info ] [ LANG ] D:\phpStudy\PHPTutorial\WWW\wangying\thinkphp\lang\zh-cn.php
[ info ] [ ROUTE ] array (
  'type' => 'module',
  'module' => 
  array (
    0 => 'admin',
    1 => 'Work',
    2 => 'index',
  ),
)
[ info ] [ HEADER ] array (
  'cookie' => 'PHPSESSID=bdf8io6ca6qv90fl78gbt5h3h0',
  'accept-language' => 'zh-CN,zh;q=0.9',
  'accept-encoding' => 'gzip, deflate',
  'referer' => 'http://wangying/admin/admin/index.html',
  'accept' => 'text/html,application/xhtml+xml,application/xml;q=0.9,image/webp,image/apng,*/*;q=0.8',
  'user-agent' => 'Mozilla/5.0 (Windows NT 6.1; Win64; x64) AppleWebKit/537.36 (KHTML, like Gecko) Chrome/68.0.3440.106 Safari/537.36',
  'upgrade-insecure-requests' => '1',
  'connection' => 'close',
  'host' => 'wangying',
)
[ info ] [ PARAM ] array (
  '/admin/Work/index' => '',
)
[ info ] [ DB ] INIT mysql
[ info ] [ SESSION ] INIT array (
  'id' => '',
  'var_session_id' => '',
  'prefix' => 'think',
  'type' => '',
  'auto_start' => true,
)
[ info ] [ RUN ] app\admin\controller\Work->index[ D:\phpStudy\PHPTutorial\WWW\wangying\application\admin\controller\Work.php ]
[ info ] [ VIEW ] D:\phpStudy\PHPTutorial\WWW\wangying\public/../application/admin\view\work\index.html [ array (
  0 => 'lists',
) ]
[ info ] [ LOG ] INIT File
[ sql ] [ DB ] CONNECT:[ UseTime:0.011001s ] mysql:host=127.0.0.1;dbname=wangying;charset=utf8
[ sql ] [ SQL ] SHOW COLUMNS FROM `work` [ RunTime:0.096005s ]
[ sql ] [ SQL ] SELECT * FROM `work` [ RunTime:0.001000s ]
[ sql ] [ SQL ] SHOW COLUMNS FROM `admin` [ RunTime:0.002001s ]
[ sql ] [ SQL ] SELECT * FROM `admin` WHERE  `id` = 1 LIMIT 1 [ RunTime:0.000000s ]
---------------------------------------------------------------
[ 2018-09-07T15:57:59+08:00 ] 127.0.0.1 GET /admin/Work/index
[ info ] wangying/admin/Work/index [运行时间：0.038002s][吞吐率：26.31req/s] [内存消耗：3,026.47kb] [文件加载：57]
[ info ] [ LANG ] D:\phpStudy\PHPTutorial\WWW\wangying\thinkphp\lang\zh-cn.php
[ info ] [ ROUTE ] array (
  'type' => 'module',
  'module' => 
  array (
    0 => 'admin',
    1 => 'Work',
    2 => 'index',
  ),
)
[ info ] [ HEADER ] array (
  'cookie' => 'PHPSESSID=bdf8io6ca6qv90fl78gbt5h3h0',
  'accept-language' => 'zh-CN,zh;q=0.9',
  'accept-encoding' => 'gzip, deflate',
  'referer' => 'http://wangying/admin/admin/index.html',
  'accept' => 'text/html,application/xhtml+xml,application/xml;q=0.9,image/webp,image/apng,*/*;q=0.8',
  'user-agent' => 'Mozilla/5.0 (Windows NT 6.1; Win64; x64) AppleWebKit/537.36 (KHTML, like Gecko) Chrome/68.0.3440.106 Safari/537.36',
  'upgrade-insecure-requests' => '1',
  'cache-control' => 'max-age=0',
  'connection' => 'close',
  'host' => 'wangying',
)
[ info ] [ PARAM ] array (
  '/admin/Work/index' => '',
)
[ info ] [ DB ] INIT mysql
[ info ] [ SESSION ] INIT array (
  'id' => '',
  'var_session_id' => '',
  'prefix' => 'think',
  'type' => '',
  'auto_start' => true,
)
[ info ] [ RUN ] app\admin\controller\Work->index[ D:\phpStudy\PHPTutorial\WWW\wangying\application\admin\controller\Work.php ]
[ info ] [ VIEW ] D:\phpStudy\PHPTutorial\WWW\wangying\public/../application/admin\view\work\index.html [ array (
  0 => 'lists',
) ]
[ info ] [ LOG ] INIT File
[ sql ] [ DB ] CONNECT:[ UseTime:0.001000s ] mysql:host=127.0.0.1;dbname=wangying;charset=utf8
[ sql ] [ SQL ] SHOW COLUMNS FROM `work` [ RunTime:0.003000s ]
[ sql ] [ SQL ] SELECT * FROM `work` [ RunTime:0.001000s ]
[ sql ] [ SQL ] SHOW COLUMNS FROM `admin` [ RunTime:0.002000s ]
[ sql ] [ SQL ] SELECT * FROM `admin` WHERE  `id` = 1 LIMIT 1 [ RunTime:0.000000s ]
---------------------------------------------------------------
[ 2018-09-07T17:39:18+08:00 ] 127.0.0.1 GET /admin/Work/index
[ info ] wangying/admin/Work/index [运行时间：0.038002s][吞吐率：26.31req/s] [内存消耗：3,026.47kb] [文件加载：57]
[ info ] [ LANG ] D:\phpStudy\PHPTutorial\WWW\wangying\thinkphp\lang\zh-cn.php
[ info ] [ ROUTE ] array (
  'type' => 'module',
  'module' => 
  array (
    0 => 'admin',
    1 => 'Work',
    2 => 'index',
  ),
)
[ info ] [ HEADER ] array (
  'cookie' => 'PHPSESSID=bdf8io6ca6qv90fl78gbt5h3h0',
  'accept-language' => 'zh-CN,zh;q=0.9',
  'accept-encoding' => 'gzip, deflate',
  'referer' => 'http://wangying/admin/admin/index.html',
  'accept' => 'text/html,application/xhtml+xml,application/xml;q=0.9,image/webp,image/apng,*/*;q=0.8',
  'user-agent' => 'Mozilla/5.0 (Windows NT 6.1; Win64; x64) AppleWebKit/537.36 (KHTML, like Gecko) Chrome/68.0.3440.106 Safari/537.36',
  'upgrade-insecure-requests' => '1',
  'cache-control' => 'max-age=0',
  'connection' => 'close',
  'host' => 'wangying',
)
[ info ] [ PARAM ] array (
  '/admin/Work/index' => '',
)
[ info ] [ DB ] INIT mysql
[ info ] [ SESSION ] INIT array (
  'id' => '',
  'var_session_id' => '',
  'prefix' => 'think',
  'type' => '',
  'auto_start' => true,
)
[ info ] [ RUN ] app\admin\controller\Work->index[ D:\phpStudy\PHPTutorial\WWW\wangying\application\admin\controller\Work.php ]
[ info ] [ VIEW ] D:\phpStudy\PHPTutorial\WWW\wangying\public/../application/admin\view\work\index.html [ array (
  0 => 'lists',
) ]
[ info ] [ LOG ] INIT File
[ sql ] [ DB ] CONNECT:[ UseTime:0.001000s ] mysql:host=127.0.0.1;dbname=wangying;charset=utf8
[ sql ] [ SQL ] SHOW COLUMNS FROM `work` [ RunTime:0.003001s ]
[ sql ] [ SQL ] SELECT * FROM `work` [ RunTime:0.002000s ]
[ sql ] [ SQL ] SHOW COLUMNS FROM `admin` [ RunTime:0.001000s ]
[ sql ] [ SQL ] SELECT * FROM `admin` WHERE  `id` = 1 LIMIT 1 [ RunTime:0.000000s ]
---------------------------------------------------------------
[ 2018-09-07T17:39:19+08:00 ] 127.0.0.1 GET /admin/outer/index
[ info ] wangying/admin/outer/index [运行时间：0.036002s][吞吐率：27.78req/s] [内存消耗：1,191.90kb] [文件加载：42]
[ info ] [ LANG ] D:\phpStudy\PHPTutorial\WWW\wangying\thinkphp\lang\zh-cn.php
[ info ] [ ROUTE ] array (
  'type' => 'module',
  'module' => 
  array (
    0 => 'admin',
    1 => 'outer',
    2 => 'index',
  ),
)
[ info ] [ HEADER ] array (
  'cookie' => 'PHPSESSID=bdf8io6ca6qv90fl78gbt5h3h0',
  'accept-language' => 'zh-CN,zh;q=0.9',
  'accept-encoding' => 'gzip, deflate',
  'referer' => 'http://wangying/admin/Work/index',
  'accept' => 'text/html,application/xhtml+xml,application/xml;q=0.9,image/webp,image/apng,*/*;q=0.8',
  'user-agent' => 'Mozilla/5.0 (Windows NT 6.1; Win64; x64) AppleWebKit/537.36 (KHTML, like Gecko) Chrome/68.0.3440.106 Safari/537.36',
  'upgrade-insecure-requests' => '1',
  'connection' => 'close',
  'host' => 'wangying',
)
[ info ] [ PARAM ] array (
  '/admin/outer/index' => '',
)
[ info ] [ LOG ] INIT File
---------------------------------------------------------------
[ 2018-09-07T17:40:01+08:00 ] 127.0.0.1 GET /admin/outer/index
[ info ] wangying/admin/outer/index [运行时间：0.097006s][吞吐率：10.31req/s] [内存消耗：2,450.42kb] [文件加载：60]
[ info ] [ LANG ] D:\phpStudy\PHPTutorial\WWW\wangying\thinkphp\lang\zh-cn.php
[ info ] [ ROUTE ] array (
  'type' => 'module',
  'module' => 
  array (
    0 => 'admin',
    1 => 'outer',
    2 => 'index',
  ),
)
[ info ] [ HEADER ] array (
  'cookie' => 'PHPSESSID=bdf8io6ca6qv90fl78gbt5h3h0',
  'accept-language' => 'zh-CN,zh;q=0.9',
  'accept-encoding' => 'gzip, deflate',
  'referer' => 'http://wangying/admin/Work/index',
  'accept' => 'text/html,application/xhtml+xml,application/xml;q=0.9,image/webp,image/apng,*/*;q=0.8',
  'user-agent' => 'Mozilla/5.0 (Windows NT 6.1; Win64; x64) AppleWebKit/537.36 (KHTML, like Gecko) Chrome/68.0.3440.106 Safari/537.36',
  'upgrade-insecure-requests' => '1',
  'cache-control' => 'max-age=0',
  'connection' => 'close',
  'host' => 'wangying',
)
[ info ] [ PARAM ] array (
  '/admin/outer/index' => '',
)
[ info ] [ DB ] INIT mysql
[ info ] [ SESSION ] INIT array (
  'id' => '',
  'var_session_id' => '',
  'prefix' => 'think',
  'type' => '',
  'auto_start' => true,
)
[ info ] [ RUN ] app\admin\controller\Outer->index[ D:\phpStudy\PHPTutorial\WWW\wangying\application\admin\controller\Outer.php ]
[ info ] [ VIEW ] D:\phpStudy\PHPTutorial\WWW\wangying\public/../application/admin\view\outer\index.html [ array (
  0 => 'lists',
) ]
[ info ] [ LOG ] INIT File
[ sql ] [ DB ] CONNECT:[ UseTime:0.000000s ] mysql:host=127.0.0.1;dbname=wangying;charset=utf8
[ sql ] [ SQL ] SHOW COLUMNS FROM `outer` [ RunTime:0.004000s ]
[ sql ] [ SQL ] SELECT * FROM `outer` [ RunTime:0.001000s ]
[ sql ] [ SQL ] SHOW COLUMNS FROM `admin` [ RunTime:0.004000s ]
[ sql ] [ SQL ] SELECT * FROM `admin` WHERE  `id` = 1 LIMIT 1 [ RunTime:0.000000s ]
[ error ] [0]致命错误: Call to a member function render() on array[D:\phpStudy\PHPTutorial\WWW\wangying\runtime\temp\19bb57b3fac81667391a5a180eb9a04b.php:134]
---------------------------------------------------------------
[ 2018-09-07T17:43:58+08:00 ] 127.0.0.1 GET /admin/outer/index
[ info ] wangying/admin/outer/index [运行时间：0.034002s][吞吐率：29.41req/s] [内存消耗：2,414.67kb] [文件加载：57]
[ info ] [ LANG ] D:\phpStudy\PHPTutorial\WWW\wangying\thinkphp\lang\zh-cn.php
[ info ] [ ROUTE ] array (
  'type' => 'module',
  'module' => 
  array (
    0 => 'admin',
    1 => 'outer',
    2 => 'index',
  ),
)
[ info ] [ HEADER ] array (
  'cookie' => 'PHPSESSID=bdf8io6ca6qv90fl78gbt5h3h0',
  'accept-language' => 'zh-CN,zh;q=0.9',
  'accept-encoding' => 'gzip, deflate',
  'referer' => 'http://wangying/admin/Work/index',
  'accept' => 'text/html,application/xhtml+xml,application/xml;q=0.9,image/webp,image/apng,*/*;q=0.8',
  'user-agent' => 'Mozilla/5.0 (Windows NT 6.1; Win64; x64) AppleWebKit/537.36 (KHTML, like Gecko) Chrome/68.0.3440.106 Safari/537.36',
  'upgrade-insecure-requests' => '1',
  'cache-control' => 'max-age=0',
  'connection' => 'close',
  'host' => 'wangying',
)
[ info ] [ PARAM ] array (
  '/admin/outer/index' => '',
)
[ info ] [ DB ] INIT mysql
[ info ] [ SESSION ] INIT array (
  'id' => '',
  'var_session_id' => '',
  'prefix' => 'think',
  'type' => '',
  'auto_start' => true,
)
[ info ] [ RUN ] app\admin\controller\Outer->index[ D:\phpStudy\PHPTutorial\WWW\wangying\application\admin\controller\Outer.php ]
[ info ] [ VIEW ] D:\phpStudy\PHPTutorial\WWW\wangying\public/../application/admin\view\outer\index.html [ array (
  0 => 'lists',
) ]
[ info ] [ LOG ] INIT File
[ sql ] [ DB ] CONNECT:[ UseTime:0.001000s ] mysql:host=127.0.0.1;dbname=wangying;charset=utf8
[ sql ] [ SQL ] SHOW COLUMNS FROM `outer` [ RunTime:0.002000s ]
[ sql ] [ SQL ] SELECT * FROM `outer` [ RunTime:0.000000s ]
[ sql ] [ SQL ] SHOW COLUMNS FROM `admin` [ RunTime:0.002000s ]
[ sql ] [ SQL ] SELECT * FROM `admin` WHERE  `id` = 1 LIMIT 1 [ RunTime:0.000000s ]
---------------------------------------------------------------
[ 2018-09-07T17:44:31+08:00 ] 127.0.0.1 GET /admin/outer/index
[ info ] wangying/admin/outer/index [运行时间：0.033002s][吞吐率：30.30req/s] [内存消耗：2,293.84kb] [文件加载：55]
[ info ] [ LANG ] D:\phpStudy\PHPTutorial\WWW\wangying\thinkphp\lang\zh-cn.php
[ info ] [ ROUTE ] array (
  'type' => 'module',
  'module' => 
  array (
    0 => 'admin',
    1 => 'outer',
    2 => 'index',
  ),
)
[ info ] [ HEADER ] array (
  'cookie' => 'PHPSESSID=bdf8io6ca6qv90fl78gbt5h3h0',
  'accept-language' => 'zh-CN,zh;q=0.9',
  'accept-encoding' => 'gzip, deflate',
  'referer' => 'http://wangying/admin/Work/index',
  'accept' => 'text/html,application/xhtml+xml,application/xml;q=0.9,image/webp,image/apng,*/*;q=0.8',
  'user-agent' => 'Mozilla/5.0 (Windows NT 6.1; Win64; x64) AppleWebKit/537.36 (KHTML, like Gecko) Chrome/68.0.3440.106 Safari/537.36',
  'upgrade-insecure-requests' => '1',
  'cache-control' => 'max-age=0',
  'connection' => 'close',
  'host' => 'wangying',
)
[ info ] [ PARAM ] array (
  '/admin/outer/index' => '',
)
[ info ] [ DB ] INIT mysql
[ info ] [ SESSION ] INIT array (
  'id' => '',
  'var_session_id' => '',
  'prefix' => 'think',
  'type' => '',
  'auto_start' => true,
)
[ info ] [ RUN ] app\admin\controller\Outer->index[ D:\phpStudy\PHPTutorial\WWW\wangying\application\admin\controller\Outer.php ]
[ info ] [ VIEW ] D:\phpStudy\PHPTutorial\WWW\wangying\public/../application/admin\view\outer\index.html [ array (
  0 => 'lists',
) ]
[ info ] [ LOG ] INIT File
[ sql ] [ DB ] CONNECT:[ UseTime:0.002000s ] mysql:host=127.0.0.1;dbname=wangying;charset=utf8
[ sql ] [ SQL ] SHOW COLUMNS FROM `outer` [ RunTime:0.002000s ]
[ sql ] [ SQL ] SELECT * FROM `outer` [ RunTime:0.000000s ]
[ sql ] [ SQL ] SHOW COLUMNS FROM `admin` [ RunTime:0.002000s ]
[ sql ] [ SQL ] SELECT * FROM `admin` WHERE  `id` = 1 LIMIT 1 [ RunTime:0.001000s ]
---------------------------------------------------------------
[ 2018-09-07T17:44:32+08:00 ] 127.0.0.1 GET /admin/outer/index
[ info ] wangying/admin/outer/index [运行时间：0.039002s][吞吐率：25.64req/s] [内存消耗：2,293.84kb] [文件加载：55]
[ info ] [ LANG ] D:\phpStudy\PHPTutorial\WWW\wangying\thinkphp\lang\zh-cn.php
[ info ] [ ROUTE ] array (
  'type' => 'module',
  'module' => 
  array (
    0 => 'admin',
    1 => 'outer',
    2 => 'index',
  ),
)
[ info ] [ HEADER ] array (
  'cookie' => 'PHPSESSID=bdf8io6ca6qv90fl78gbt5h3h0',
  'accept-language' => 'zh-CN,zh;q=0.9',
  'accept-encoding' => 'gzip, deflate',
  'referer' => 'http://wangying/admin/Work/index',
  'accept' => 'text/html,application/xhtml+xml,application/xml;q=0.9,image/webp,image/apng,*/*;q=0.8',
  'user-agent' => 'Mozilla/5.0 (Windows NT 6.1; Win64; x64) AppleWebKit/537.36 (KHTML, like Gecko) Chrome/68.0.3440.106 Safari/537.36',
  'upgrade-insecure-requests' => '1',
  'cache-control' => 'max-age=0',
  'connection' => 'close',
  'host' => 'wangying',
)
[ info ] [ PARAM ] array (
  '/admin/outer/index' => '',
)
[ info ] [ DB ] INIT mysql
[ info ] [ SESSION ] INIT array (
  'id' => '',
  'var_session_id' => '',
  'prefix' => 'think',
  'type' => '',
  'auto_start' => true,
)
[ info ] [ RUN ] app\admin\controller\Outer->index[ D:\phpStudy\PHPTutorial\WWW\wangying\application\admin\controller\Outer.php ]
[ info ] [ VIEW ] D:\phpStudy\PHPTutorial\WWW\wangying\public/../application/admin\view\outer\index.html [ array (
  0 => 'lists',
) ]
[ info ] [ LOG ] INIT File
[ sql ] [ DB ] CONNECT:[ UseTime:0.001000s ] mysql:host=127.0.0.1;dbname=wangying;charset=utf8
[ sql ] [ SQL ] SHOW COLUMNS FROM `outer` [ RunTime:0.002000s ]
[ sql ] [ SQL ] SELECT * FROM `outer` [ RunTime:0.000000s ]
[ sql ] [ SQL ] SHOW COLUMNS FROM `admin` [ RunTime:0.003000s ]
[ sql ] [ SQL ] SELECT * FROM `admin` WHERE  `id` = 1 LIMIT 1 [ RunTime:0.000000s ]
---------------------------------------------------------------
[ 2018-09-07T17:44:32+08:00 ] 127.0.0.1 GET /admin/outer/index
[ info ] wangying/admin/outer/index [运行时间：0.050002s][吞吐率：20.00req/s] [内存消耗：2,293.84kb] [文件加载：55]
[ info ] [ LANG ] D:\phpStudy\PHPTutorial\WWW\wangying\thinkphp\lang\zh-cn.php
[ info ] [ ROUTE ] array (
  'type' => 'module',
  'module' => 
  array (
    0 => 'admin',
    1 => 'outer',
    2 => 'index',
  ),
)
[ info ] [ HEADER ] array (
  'cookie' => 'PHPSESSID=bdf8io6ca6qv90fl78gbt5h3h0',
  'accept-language' => 'zh-CN,zh;q=0.9',
  'accept-encoding' => 'gzip, deflate',
  'referer' => 'http://wangying/admin/Work/index',
  'accept' => 'text/html,application/xhtml+xml,application/xml;q=0.9,image/webp,image/apng,*/*;q=0.8',
  'user-agent' => 'Mozilla/5.0 (Windows NT 6.1; Win64; x64) AppleWebKit/537.36 (KHTML, like Gecko) Chrome/68.0.3440.106 Safari/537.36',
  'upgrade-insecure-requests' => '1',
  'cache-control' => 'max-age=0',
  'connection' => 'close',
  'host' => 'wangying',
)
[ info ] [ PARAM ] array (
  '/admin/outer/index' => '',
)
[ info ] [ DB ] INIT mysql
[ info ] [ SESSION ] INIT array (
  'id' => '',
  'var_session_id' => '',
  'prefix' => 'think',
  'type' => '',
  'auto_start' => true,
)
[ info ] [ RUN ] app\admin\controller\Outer->index[ D:\phpStudy\PHPTutorial\WWW\wangying\application\admin\controller\Outer.php ]
[ info ] [ VIEW ] D:\phpStudy\PHPTutorial\WWW\wangying\public/../application/admin\view\outer\index.html [ array (
  0 => 'lists',
) ]
[ info ] [ LOG ] INIT File
[ sql ] [ DB ] CONNECT:[ UseTime:0.002001s ] mysql:host=127.0.0.1;dbname=wangying;charset=utf8
[ sql ] [ SQL ] SHOW COLUMNS FROM `outer` [ RunTime:0.004000s ]
[ sql ] [ SQL ] SELECT * FROM `outer` [ RunTime:0.000000s ]
[ sql ] [ SQL ] SHOW COLUMNS FROM `admin` [ RunTime:0.006000s ]
[ sql ] [ SQL ] SELECT * FROM `admin` WHERE  `id` = 1 LIMIT 1 [ RunTime:0.001000s ]
---------------------------------------------------------------
[ 2018-09-07T17:44:37+08:00 ] 127.0.0.1 GET /admin/Demo/add
[ info ] wangying/admin/Demo/add [运行时间：0.139008s][吞吐率：7.19req/s] [内存消耗：2,431.48kb] [文件加载：57]
[ info ] [ LANG ] D:\phpStudy\PHPTutorial\WWW\wangying\thinkphp\lang\zh-cn.php
[ info ] [ ROUTE ] array (
  'type' => 'module',
  'module' => 
  array (
    0 => 'admin',
    1 => 'Demo',
    2 => 'add',
  ),
)
[ info ] [ HEADER ] array (
  'cookie' => 'PHPSESSID=bdf8io6ca6qv90fl78gbt5h3h0',
  'accept-language' => 'zh-CN,zh;q=0.9',
  'accept-encoding' => 'gzip, deflate',
  'referer' => 'http://wangying/admin/outer/index',
  'accept' => 'text/html,application/xhtml+xml,application/xml;q=0.9,image/webp,image/apng,*/*;q=0.8',
  'user-agent' => 'Mozilla/5.0 (Windows NT 6.1; Win64; x64) AppleWebKit/537.36 (KHTML, like Gecko) Chrome/68.0.3440.106 Safari/537.36',
  'upgrade-insecure-requests' => '1',
  'connection' => 'close',
  'host' => 'wangying',
)
[ info ] [ PARAM ] array (
  '/admin/Demo/add' => '',
)
[ info ] [ DB ] INIT mysql
[ info ] [ SESSION ] INIT array (
  'id' => '',
  'var_session_id' => '',
  'prefix' => 'think',
  'type' => '',
  'auto_start' => true,
)
[ info ] [ RUN ] app\admin\controller\Demo->add[ D:\phpStudy\PHPTutorial\WWW\wangying\application\admin\controller\Demo.php ]
[ info ] [ VIEW ] D:\phpStudy\PHPTutorial\WWW\wangying\public/../application/admin\view\demo\add.html [ array (
) ]
[ info ] [ LOG ] INIT File
[ sql ] [ DB ] CONNECT:[ UseTime:0.000000s ] mysql:host=127.0.0.1;dbname=wangying;charset=utf8
[ sql ] [ SQL ] SHOW COLUMNS FROM `admin` [ RunTime:0.002000s ]
[ sql ] [ SQL ] SELECT * FROM `admin` WHERE  `id` = 1 LIMIT 1 [ RunTime:0.000000s ]
---------------------------------------------------------------
[ 2018-09-07T17:44:39+08:00 ] 127.0.0.1 GET /admin/outer/index
[ info ] wangying/admin/outer/index [运行时间：0.036002s][吞吐率：27.78req/s] [内存消耗：2,293.78kb] [文件加载：55]
[ info ] [ LANG ] D:\phpStudy\PHPTutorial\WWW\wangying\thinkphp\lang\zh-cn.php
[ info ] [ ROUTE ] array (
  'type' => 'module',
  'module' => 
  array (
    0 => 'admin',
    1 => 'outer',
    2 => 'index',
  ),
)
[ info ] [ HEADER ] array (
  'cookie' => 'PHPSESSID=bdf8io6ca6qv90fl78gbt5h3h0',
  'accept-language' => 'zh-CN,zh;q=0.9',
  'accept-encoding' => 'gzip, deflate',
  'referer' => 'http://wangying/admin/Work/index',
  'accept' => 'text/html,application/xhtml+xml,application/xml;q=0.9,image/webp,image/apng,*/*;q=0.8',
  'user-agent' => 'Mozilla/5.0 (Windows NT 6.1; Win64; x64) AppleWebKit/537.36 (KHTML, like Gecko) Chrome/68.0.3440.106 Safari/537.36',
  'upgrade-insecure-requests' => '1',
  'connection' => 'close',
  'host' => 'wangying',
)
[ info ] [ PARAM ] array (
  '/admin/outer/index' => '',
)
[ info ] [ DB ] INIT mysql
[ info ] [ SESSION ] INIT array (
  'id' => '',
  'var_session_id' => '',
  'prefix' => 'think',
  'type' => '',
  'auto_start' => true,
)
[ info ] [ RUN ] app\admin\controller\Outer->index[ D:\phpStudy\PHPTutorial\WWW\wangying\application\admin\controller\Outer.php ]
[ info ] [ VIEW ] D:\phpStudy\PHPTutorial\WWW\wangying\public/../application/admin\view\outer\index.html [ array (
  0 => 'lists',
) ]
[ info ] [ LOG ] INIT File
[ sql ] [ DB ] CONNECT:[ UseTime:0.010001s ] mysql:host=127.0.0.1;dbname=wangying;charset=utf8
[ sql ] [ SQL ] SHOW COLUMNS FROM `outer` [ RunTime:0.002000s ]
[ sql ] [ SQL ] SELECT * FROM `outer` [ RunTime:0.000000s ]
[ sql ] [ SQL ] SHOW COLUMNS FROM `admin` [ RunTime:0.002000s ]
[ sql ] [ SQL ] SELECT * FROM `admin` WHERE  `id` = 1 LIMIT 1 [ RunTime:0.000000s ]
---------------------------------------------------------------
[ 2018-09-07T18:20:36+08:00 ] 127.0.0.1 GET /admin/Work/index
[ info ] wangying/admin/Work/index [运行时间：0.032002s][吞吐率：31.25req/s] [内存消耗：2,836.76kb] [文件加载：55]
[ info ] [ LANG ] D:\phpStudy\PHPTutorial\WWW\wangying\thinkphp\lang\zh-cn.php
[ info ] [ ROUTE ] array (
  'type' => 'module',
  'module' => 
  array (
    0 => 'admin',
    1 => 'Work',
    2 => 'index',
  ),
)
[ info ] [ HEADER ] array (
  'cookie' => 'PHPSESSID=bdf8io6ca6qv90fl78gbt5h3h0',
  'accept-language' => 'zh-CN,zh;q=0.9',
  'accept-encoding' => 'gzip, deflate',
  'referer' => 'http://wangying/admin/outer/index',
  'accept' => 'text/html,application/xhtml+xml,application/xml;q=0.9,image/webp,image/apng,*/*;q=0.8',
  'user-agent' => 'Mozilla/5.0 (Windows NT 6.1; Win64; x64) AppleWebKit/537.36 (KHTML, like Gecko) Chrome/68.0.3440.106 Safari/537.36',
  'upgrade-insecure-requests' => '1',
  'connection' => 'close',
  'host' => 'wangying',
)
[ info ] [ PARAM ] array (
  '/admin/Work/index' => '',
)
[ info ] [ DB ] INIT mysql
[ info ] [ SESSION ] INIT array (
  'id' => '',
  'var_session_id' => '',
  'prefix' => 'think',
  'type' => '',
  'auto_start' => true,
)
[ info ] [ RUN ] app\admin\controller\Work->index[ D:\phpStudy\PHPTutorial\WWW\wangying\application\admin\controller\Work.php ]
[ info ] [ VIEW ] D:\phpStudy\PHPTutorial\WWW\wangying\public/../application/admin\view\work\index.html [ array (
  0 => 'lists',
) ]
[ info ] [ LOG ] INIT File
[ sql ] [ DB ] CONNECT:[ UseTime:0.001000s ] mysql:host=127.0.0.1;dbname=wangying;charset=utf8
[ sql ] [ SQL ] SHOW COLUMNS FROM `work` [ RunTime:0.002001s ]
[ sql ] [ SQL ] SELECT * FROM `work` [ RunTime:0.001000s ]
[ sql ] [ SQL ] SHOW COLUMNS FROM `admin` [ RunTime:0.002000s ]
[ sql ] [ SQL ] SELECT * FROM `admin` WHERE  `id` = 1 LIMIT 1 [ RunTime:0.000000s ]
---------------------------------------------------------------
[ 2018-09-07T18:21:00+08:00 ] 127.0.0.1 GET /admin/Work/index
[ info ] wangying/admin/Work/index [运行时间：0.045002s][吞吐率：22.22req/s] [内存消耗：2,836.76kb] [文件加载：55]
[ info ] [ LANG ] D:\phpStudy\PHPTutorial\WWW\wangying\thinkphp\lang\zh-cn.php
[ info ] [ ROUTE ] array (
  'type' => 'module',
  'module' => 
  array (
    0 => 'admin',
    1 => 'Work',
    2 => 'index',
  ),
)
[ info ] [ HEADER ] array (
  'cookie' => 'PHPSESSID=bdf8io6ca6qv90fl78gbt5h3h0',
  'accept-language' => 'zh-CN,zh;q=0.9',
  'accept-encoding' => 'gzip, deflate',
  'referer' => 'http://wangying/admin/Work/index',
  'accept' => 'text/html,application/xhtml+xml,application/xml;q=0.9,image/webp,image/apng,*/*;q=0.8',
  'user-agent' => 'Mozilla/5.0 (Windows NT 6.1; Win64; x64) AppleWebKit/537.36 (KHTML, like Gecko) Chrome/68.0.3440.106 Safari/537.36',
  'upgrade-insecure-requests' => '1',
  'connection' => 'close',
  'host' => 'wangying',
)
[ info ] [ PARAM ] array (
  '/admin/Work/index' => '',
)
[ info ] [ DB ] INIT mysql
[ info ] [ SESSION ] INIT array (
  'id' => '',
  'var_session_id' => '',
  'prefix' => 'think',
  'type' => '',
  'auto_start' => true,
)
[ info ] [ RUN ] app\admin\controller\Work->index[ D:\phpStudy\PHPTutorial\WWW\wangying\application\admin\controller\Work.php ]
[ info ] [ VIEW ] D:\phpStudy\PHPTutorial\WWW\wangying\public/../application/admin\view\work\index.html [ array (
  0 => 'lists',
) ]
[ info ] [ LOG ] INIT File
[ sql ] [ DB ] CONNECT:[ UseTime:0.007001s ] mysql:host=127.0.0.1;dbname=wangying;charset=utf8
[ sql ] [ SQL ] SHOW COLUMNS FROM `work` [ RunTime:0.003000s ]
[ sql ] [ SQL ] SELECT * FROM `work` [ RunTime:0.001000s ]
[ sql ] [ SQL ] SHOW COLUMNS FROM `admin` [ RunTime:0.004000s ]
[ sql ] [ SQL ] SELECT * FROM `admin` WHERE  `id` = 1 LIMIT 1 [ RunTime:0.000000s ]
---------------------------------------------------------------
[ 2018-09-07T18:21:01+08:00 ] 127.0.0.1 GET /admin/outer/index
[ info ] wangying/admin/outer/index [运行时间：0.052003s][吞吐率：19.23req/s] [内存消耗：2,293.78kb] [文件加载：55]
[ info ] [ LANG ] D:\phpStudy\PHPTutorial\WWW\wangying\thinkphp\lang\zh-cn.php
[ info ] [ ROUTE ] array (
  'type' => 'module',
  'module' => 
  array (
    0 => 'admin',
    1 => 'outer',
    2 => 'index',
  ),
)
[ info ] [ HEADER ] array (
  'cookie' => 'PHPSESSID=bdf8io6ca6qv90fl78gbt5h3h0',
  'accept-language' => 'zh-CN,zh;q=0.9',
  'accept-encoding' => 'gzip, deflate',
  'referer' => 'http://wangying/admin/Work/index',
  'accept' => 'text/html,application/xhtml+xml,application/xml;q=0.9,image/webp,image/apng,*/*;q=0.8',
  'user-agent' => 'Mozilla/5.0 (Windows NT 6.1; Win64; x64) AppleWebKit/537.36 (KHTML, like Gecko) Chrome/68.0.3440.106 Safari/537.36',
  'upgrade-insecure-requests' => '1',
  'connection' => 'close',
  'host' => 'wangying',
)
[ info ] [ PARAM ] array (
  '/admin/outer/index' => '',
)
[ info ] [ DB ] INIT mysql
[ info ] [ SESSION ] INIT array (
  'id' => '',
  'var_session_id' => '',
  'prefix' => 'think',
  'type' => '',
  'auto_start' => true,
)
[ info ] [ RUN ] app\admin\controller\Outer->index[ D:\phpStudy\PHPTutorial\WWW\wangying\application\admin\controller\Outer.php ]
[ info ] [ VIEW ] D:\phpStudy\PHPTutorial\WWW\wangying\public/../application/admin\view\outer\index.html [ array (
  0 => 'lists',
) ]
[ info ] [ LOG ] INIT File
[ sql ] [ DB ] CONNECT:[ UseTime:0.010001s ] mysql:host=127.0.0.1;dbname=wangying;charset=utf8
[ sql ] [ SQL ] SHOW COLUMNS FROM `outer` [ RunTime:0.002000s ]
[ sql ] [ SQL ] SELECT * FROM `outer` [ RunTime:0.000000s ]
[ sql ] [ SQL ] SHOW COLUMNS FROM `admin` [ RunTime:0.002000s ]
[ sql ] [ SQL ] SELECT * FROM `admin` WHERE  `id` = 1 LIMIT 1 [ RunTime:0.001000s ]
---------------------------------------------------------------
[ 2018-09-07T18:46:29+08:00 ] 127.0.0.1 GET /admin/outer/index
[ info ] wangying/admin/outer/index [运行时间：0.046002s][吞吐率：21.74req/s] [内存消耗：2,293.84kb] [文件加载：55]
[ info ] [ LANG ] D:\phpStudy\PHPTutorial\WWW\wangying\thinkphp\lang\zh-cn.php
[ info ] [ ROUTE ] array (
  'type' => 'module',
  'module' => 
  array (
    0 => 'admin',
    1 => 'outer',
    2 => 'index',
  ),
)
[ info ] [ HEADER ] array (
  'cookie' => 'PHPSESSID=bdf8io6ca6qv90fl78gbt5h3h0',
  'accept-language' => 'zh-CN,zh;q=0.9',
  'accept-encoding' => 'gzip, deflate',
  'referer' => 'http://wangying/admin/Work/index',
  'accept' => 'text/html,application/xhtml+xml,application/xml;q=0.9,image/webp,image/apng,*/*;q=0.8',
  'user-agent' => 'Mozilla/5.0 (Windows NT 6.1; Win64; x64) AppleWebKit/537.36 (KHTML, like Gecko) Chrome/68.0.3440.106 Safari/537.36',
  'upgrade-insecure-requests' => '1',
  'cache-control' => 'max-age=0',
  'connection' => 'close',
  'host' => 'wangying',
)
[ info ] [ PARAM ] array (
  '/admin/outer/index' => '',
)
[ info ] [ DB ] INIT mysql
[ info ] [ SESSION ] INIT array (
  'id' => '',
  'var_session_id' => '',
  'prefix' => 'think',
  'type' => '',
  'auto_start' => true,
)
[ info ] [ RUN ] app\admin\controller\Outer->index[ D:\phpStudy\PHPTutorial\WWW\wangying\application\admin\controller\Outer.php ]
[ info ] [ VIEW ] D:\phpStudy\PHPTutorial\WWW\wangying\public/../application/admin\view\outer\index.html [ array (
  0 => 'lists',
) ]
[ info ] [ LOG ] INIT File
[ sql ] [ DB ] CONNECT:[ UseTime:0.011001s ] mysql:host=127.0.0.1;dbname=wangying;charset=utf8
[ sql ] [ SQL ] SHOW COLUMNS FROM `outer` [ RunTime:0.004000s ]
[ sql ] [ SQL ] SELECT * FROM `outer` [ RunTime:0.001000s ]
[ sql ] [ SQL ] SHOW COLUMNS FROM `admin` [ RunTime:0.002000s ]
[ sql ] [ SQL ] SELECT * FROM `admin` WHERE  `id` = 1 LIMIT 1 [ RunTime:0.000000s ]
---------------------------------------------------------------
[ 2018-09-07T18:47:33+08:00 ] 127.0.0.1 GET /admin/Demo/add
[ info ] wangying/admin/Demo/add [运行时间：0.043003s][吞吐率：23.25req/s] [内存消耗：2,310.65kb] [文件加载：55]
[ info ] [ LANG ] D:\phpStudy\PHPTutorial\WWW\wangying\thinkphp\lang\zh-cn.php
[ info ] [ ROUTE ] array (
  'type' => 'module',
  'module' => 
  array (
    0 => 'admin',
    1 => 'Demo',
    2 => 'add',
  ),
)
[ info ] [ HEADER ] array (
  'cookie' => 'PHPSESSID=bdf8io6ca6qv90fl78gbt5h3h0',
  'accept-language' => 'zh-CN,zh;q=0.9',
  'accept-encoding' => 'gzip, deflate',
  'referer' => 'http://wangying/admin/outer/index',
  'accept' => 'text/html,application/xhtml+xml,application/xml;q=0.9,image/webp,image/apng,*/*;q=0.8',
  'user-agent' => 'Mozilla/5.0 (Windows NT 6.1; Win64; x64) AppleWebKit/537.36 (KHTML, like Gecko) Chrome/68.0.3440.106 Safari/537.36',
  'upgrade-insecure-requests' => '1',
  'connection' => 'close',
  'host' => 'wangying',
)
[ info ] [ PARAM ] array (
  '/admin/Demo/add' => '',
)
[ info ] [ DB ] INIT mysql
[ info ] [ SESSION ] INIT array (
  'id' => '',
  'var_session_id' => '',
  'prefix' => 'think',
  'type' => '',
  'auto_start' => true,
)
[ info ] [ RUN ] app\admin\controller\Demo->add[ D:\phpStudy\PHPTutorial\WWW\wangying\application\admin\controller\Demo.php ]
[ info ] [ VIEW ] D:\phpStudy\PHPTutorial\WWW\wangying\public/../application/admin\view\demo\add.html [ array (
) ]
[ info ] [ LOG ] INIT File
[ sql ] [ DB ] CONNECT:[ UseTime:0.000000s ] mysql:host=127.0.0.1;dbname=wangying;charset=utf8
[ sql ] [ SQL ] SHOW COLUMNS FROM `admin` [ RunTime:0.001000s ]
[ sql ] [ SQL ] SELECT * FROM `admin` WHERE  `id` = 1 LIMIT 1 [ RunTime:0.000000s ]
---------------------------------------------------------------
[ 2018-09-07T18:47:35+08:00 ] 127.0.0.1 GET /admin/Demo/add
[ info ] wangying/admin/Demo/add [运行时间：0.030001s][吞吐率：33.33req/s] [内存消耗：2,310.96kb] [文件加载：55]
[ info ] [ LANG ] D:\phpStudy\PHPTutorial\WWW\wangying\thinkphp\lang\zh-cn.php
[ info ] [ ROUTE ] array (
  'type' => 'module',
  'module' => 
  array (
    0 => 'admin',
    1 => 'Demo',
    2 => 'add',
  ),
)
[ info ] [ HEADER ] array (
  'cookie' => 'PHPSESSID=bdf8io6ca6qv90fl78gbt5h3h0',
  'accept-language' => 'zh-CN,zh;q=0.9',
  'accept-encoding' => 'gzip, deflate',
  'referer' => 'http://wangying/admin/outer/index',
  'accept' => 'text/html,application/xhtml+xml,application/xml;q=0.9,image/webp,image/apng,*/*;q=0.8',
  'user-agent' => 'Mozilla/5.0 (Windows NT 6.1; Win64; x64) AppleWebKit/537.36 (KHTML, like Gecko) Chrome/68.0.3440.106 Safari/537.36',
  'upgrade-insecure-requests' => '1',
  'cache-control' => 'max-age=0',
  'connection' => 'close',
  'host' => 'wangying',
)
[ info ] [ PARAM ] array (
  '/admin/Demo/add' => '',
)
[ info ] [ DB ] INIT mysql
[ info ] [ SESSION ] INIT array (
  'id' => '',
  'var_session_id' => '',
  'prefix' => 'think',
  'type' => '',
  'auto_start' => true,
)
[ info ] [ RUN ] app\admin\controller\Demo->add[ D:\phpStudy\PHPTutorial\WWW\wangying\application\admin\controller\Demo.php ]
[ info ] [ VIEW ] D:\phpStudy\PHPTutorial\WWW\wangying\public/../application/admin\view\demo\add.html [ array (
) ]
[ info ] [ LOG ] INIT File
[ sql ] [ DB ] CONNECT:[ UseTime:0.000000s ] mysql:host=127.0.0.1;dbname=wangying;charset=utf8
[ sql ] [ SQL ] SHOW COLUMNS FROM `admin` [ RunTime:0.002000s ]
[ sql ] [ SQL ] SELECT * FROM `admin` WHERE  `id` = 1 LIMIT 1 [ RunTime:0.000000s ]
---------------------------------------------------------------
[ 2018-09-07T18:47:35+08:00 ] 127.0.0.1 GET /admin/Demo/add
[ info ] wangying/admin/Demo/add [运行时间：0.024001s][吞吐率：41.66req/s] [内存消耗：2,310.96kb] [文件加载：55]
[ info ] [ LANG ] D:\phpStudy\PHPTutorial\WWW\wangying\thinkphp\lang\zh-cn.php
[ info ] [ ROUTE ] array (
  'type' => 'module',
  'module' => 
  array (
    0 => 'admin',
    1 => 'Demo',
    2 => 'add',
  ),
)
[ info ] [ HEADER ] array (
  'cookie' => 'PHPSESSID=bdf8io6ca6qv90fl78gbt5h3h0',
  'accept-language' => 'zh-CN,zh;q=0.9',
  'accept-encoding' => 'gzip, deflate',
  'referer' => 'http://wangying/admin/outer/index',
  'accept' => 'text/html,application/xhtml+xml,application/xml;q=0.9,image/webp,image/apng,*/*;q=0.8',
  'user-agent' => 'Mozilla/5.0 (Windows NT 6.1; Win64; x64) AppleWebKit/537.36 (KHTML, like Gecko) Chrome/68.0.3440.106 Safari/537.36',
  'upgrade-insecure-requests' => '1',
  'cache-control' => 'max-age=0',
  'connection' => 'close',
  'host' => 'wangying',
)
[ info ] [ PARAM ] array (
  '/admin/Demo/add' => '',
)
[ info ] [ DB ] INIT mysql
[ info ] [ SESSION ] INIT array (
  'id' => '',
  'var_session_id' => '',
  'prefix' => 'think',
  'type' => '',
  'auto_start' => true,
)
[ info ] [ RUN ] app\admin\controller\Demo->add[ D:\phpStudy\PHPTutorial\WWW\wangying\application\admin\controller\Demo.php ]
[ info ] [ VIEW ] D:\phpStudy\PHPTutorial\WWW\wangying\public/../application/admin\view\demo\add.html [ array (
) ]
[ info ] [ LOG ] INIT File
[ sql ] [ DB ] CONNECT:[ UseTime:0.001000s ] mysql:host=127.0.0.1;dbname=wangying;charset=utf8
[ sql ] [ SQL ] SHOW COLUMNS FROM `admin` [ RunTime:0.002000s ]
[ sql ] [ SQL ] SELECT * FROM `admin` WHERE  `id` = 1 LIMIT 1 [ RunTime:0.000000s ]
---------------------------------------------------------------
[ 2018-09-07T18:47:35+08:00 ] 127.0.0.1 GET /admin/Demo/add
[ info ] wangying/admin/Demo/add [运行时间：0.026002s][吞吐率：38.46req/s] [内存消耗：2,310.96kb] [文件加载：55]
[ info ] [ LANG ] D:\phpStudy\PHPTutorial\WWW\wangying\thinkphp\lang\zh-cn.php
[ info ] [ ROUTE ] array (
  'type' => 'module',
  'module' => 
  array (
    0 => 'admin',
    1 => 'Demo',
    2 => 'add',
  ),
)
[ info ] [ HEADER ] array (
  'cookie' => 'PHPSESSID=bdf8io6ca6qv90fl78gbt5h3h0',
  'accept-language' => 'zh-CN,zh;q=0.9',
  'accept-encoding' => 'gzip, deflate',
  'referer' => 'http://wangying/admin/outer/index',
  'accept' => 'text/html,application/xhtml+xml,application/xml;q=0.9,image/webp,image/apng,*/*;q=0.8',
  'user-agent' => 'Mozilla/5.0 (Windows NT 6.1; Win64; x64) AppleWebKit/537.36 (KHTML, like Gecko) Chrome/68.0.3440.106 Safari/537.36',
  'upgrade-insecure-requests' => '1',
  'cache-control' => 'max-age=0',
  'connection' => 'close',
  'host' => 'wangying',
)
[ info ] [ PARAM ] array (
  '/admin/Demo/add' => '',
)
[ info ] [ DB ] INIT mysql
[ info ] [ SESSION ] INIT array (
  'id' => '',
  'var_session_id' => '',
  'prefix' => 'think',
  'type' => '',
  'auto_start' => true,
)
[ info ] [ RUN ] app\admin\controller\Demo->add[ D:\phpStudy\PHPTutorial\WWW\wangying\application\admin\controller\Demo.php ]
[ info ] [ VIEW ] D:\phpStudy\PHPTutorial\WWW\wangying\public/../application/admin\view\demo\add.html [ array (
) ]
[ info ] [ LOG ] INIT File
[ sql ] [ DB ] CONNECT:[ UseTime:0.001000s ] mysql:host=127.0.0.1;dbname=wangying;charset=utf8
[ sql ] [ SQL ] SHOW COLUMNS FROM `admin` [ RunTime:0.003001s ]
[ sql ] [ SQL ] SELECT * FROM `admin` WHERE  `id` = 1 LIMIT 1 [ RunTime:0.000000s ]
---------------------------------------------------------------
[ 2018-09-07T18:47:36+08:00 ] 127.0.0.1 GET /admin/Demo/add
[ info ] wangying/admin/Demo/add [运行时间：0.027002s][吞吐率：37.03req/s] [内存消耗：2,310.96kb] [文件加载：55]
[ info ] [ LANG ] D:\phpStudy\PHPTutorial\WWW\wangying\thinkphp\lang\zh-cn.php
[ info ] [ ROUTE ] array (
  'type' => 'module',
  'module' => 
  array (
    0 => 'admin',
    1 => 'Demo',
    2 => 'add',
  ),
)
[ info ] [ HEADER ] array (
  'cookie' => 'PHPSESSID=bdf8io6ca6qv90fl78gbt5h3h0',
  'accept-language' => 'zh-CN,zh;q=0.9',
  'accept-encoding' => 'gzip, deflate',
  'referer' => 'http://wangying/admin/outer/index',
  'accept' => 'text/html,application/xhtml+xml,application/xml;q=0.9,image/webp,image/apng,*/*;q=0.8',
  'user-agent' => 'Mozilla/5.0 (Windows NT 6.1; Win64; x64) AppleWebKit/537.36 (KHTML, like Gecko) Chrome/68.0.3440.106 Safari/537.36',
  'upgrade-insecure-requests' => '1',
  'cache-control' => 'max-age=0',
  'connection' => 'close',
  'host' => 'wangying',
)
[ info ] [ PARAM ] array (
  '/admin/Demo/add' => '',
)
[ info ] [ DB ] INIT mysql
[ info ] [ SESSION ] INIT array (
  'id' => '',
  'var_session_id' => '',
  'prefix' => 'think',
  'type' => '',
  'auto_start' => true,
)
[ info ] [ RUN ] app\admin\controller\Demo->add[ D:\phpStudy\PHPTutorial\WWW\wangying\application\admin\controller\Demo.php ]
[ info ] [ VIEW ] D:\phpStudy\PHPTutorial\WWW\wangying\public/../application/admin\view\demo\add.html [ array (
) ]
[ info ] [ LOG ] INIT File
[ sql ] [ DB ] CONNECT:[ UseTime:0.000000s ] mysql:host=127.0.0.1;dbname=wangying;charset=utf8
[ sql ] [ SQL ] SHOW COLUMNS FROM `admin` [ RunTime:0.002001s ]
[ sql ] [ SQL ] SELECT * FROM `admin` WHERE  `id` = 1 LIMIT 1 [ RunTime:0.000000s ]
---------------------------------------------------------------
[ 2018-09-07T18:47:37+08:00 ] 127.0.0.1 GET /admin/outer/index
[ info ] wangying/admin/outer/index [运行时间：0.027001s][吞吐率：37.04req/s] [内存消耗：2,293.78kb] [文件加载：55]
[ info ] [ LANG ] D:\phpStudy\PHPTutorial\WWW\wangying\thinkphp\lang\zh-cn.php
[ info ] [ ROUTE ] array (
  'type' => 'module',
  'module' => 
  array (
    0 => 'admin',
    1 => 'outer',
    2 => 'index',
  ),
)
[ info ] [ HEADER ] array (
  'cookie' => 'PHPSESSID=bdf8io6ca6qv90fl78gbt5h3h0',
  'accept-language' => 'zh-CN,zh;q=0.9',
  'accept-encoding' => 'gzip, deflate',
  'referer' => 'http://wangying/admin/Work/index',
  'accept' => 'text/html,application/xhtml+xml,application/xml;q=0.9,image/webp,image/apng,*/*;q=0.8',
  'user-agent' => 'Mozilla/5.0 (Windows NT 6.1; Win64; x64) AppleWebKit/537.36 (KHTML, like Gecko) Chrome/68.0.3440.106 Safari/537.36',
  'upgrade-insecure-requests' => '1',
  'connection' => 'close',
  'host' => 'wangying',
)
[ info ] [ PARAM ] array (
  '/admin/outer/index' => '',
)
[ info ] [ DB ] INIT mysql
[ info ] [ SESSION ] INIT array (
  'id' => '',
  'var_session_id' => '',
  'prefix' => 'think',
  'type' => '',
  'auto_start' => true,
)
[ info ] [ RUN ] app\admin\controller\Outer->index[ D:\phpStudy\PHPTutorial\WWW\wangying\application\admin\controller\Outer.php ]
[ info ] [ VIEW ] D:\phpStudy\PHPTutorial\WWW\wangying\public/../application/admin\view\outer\index.html [ array (
  0 => 'lists',
) ]
[ info ] [ LOG ] INIT File
[ sql ] [ DB ] CONNECT:[ UseTime:0.001000s ] mysql:host=127.0.0.1;dbname=wangying;charset=utf8
[ sql ] [ SQL ] SHOW COLUMNS FROM `outer` [ RunTime:0.002000s ]
[ sql ] [ SQL ] SELECT * FROM `outer` [ RunTime:0.001000s ]
[ sql ] [ SQL ] SHOW COLUMNS FROM `admin` [ RunTime:0.003000s ]
[ sql ] [ SQL ] SELECT * FROM `admin` WHERE  `id` = 1 LIMIT 1 [ RunTime:0.000000s ]
---------------------------------------------------------------
[ 2018-09-07T18:48:19+08:00 ] 127.0.0.1 GET /admin/outer/index
[ info ] wangying/admin/outer/index [运行时间：0.036002s][吞吐率：27.78req/s] [内存消耗：2,414.67kb] [文件加载：57]
[ info ] [ LANG ] D:\phpStudy\PHPTutorial\WWW\wangying\thinkphp\lang\zh-cn.php
[ info ] [ ROUTE ] array (
  'type' => 'module',
  'module' => 
  array (
    0 => 'admin',
    1 => 'outer',
    2 => 'index',
  ),
)
[ info ] [ HEADER ] array (
  'cookie' => 'PHPSESSID=bdf8io6ca6qv90fl78gbt5h3h0',
  'accept-language' => 'zh-CN,zh;q=0.9',
  'accept-encoding' => 'gzip, deflate',
  'referer' => 'http://wangying/admin/Work/index',
  'accept' => 'text/html,application/xhtml+xml,application/xml;q=0.9,image/webp,image/apng,*/*;q=0.8',
  'user-agent' => 'Mozilla/5.0 (Windows NT 6.1; Win64; x64) AppleWebKit/537.36 (KHTML, like Gecko) Chrome/68.0.3440.106 Safari/537.36',
  'upgrade-insecure-requests' => '1',
  'cache-control' => 'max-age=0',
  'connection' => 'close',
  'host' => 'wangying',
)
[ info ] [ PARAM ] array (
  '/admin/outer/index' => '',
)
[ info ] [ DB ] INIT mysql
[ info ] [ SESSION ] INIT array (
  'id' => '',
  'var_session_id' => '',
  'prefix' => 'think',
  'type' => '',
  'auto_start' => true,
)
[ info ] [ RUN ] app\admin\controller\Outer->index[ D:\phpStudy\PHPTutorial\WWW\wangying\application\admin\controller\Outer.php ]
[ info ] [ VIEW ] D:\phpStudy\PHPTutorial\WWW\wangying\public/../application/admin\view\outer\index.html [ array (
  0 => 'lists',
) ]
[ info ] [ LOG ] INIT File
[ sql ] [ DB ] CONNECT:[ UseTime:0.000000s ] mysql:host=127.0.0.1;dbname=wangying;charset=utf8
[ sql ] [ SQL ] SHOW COLUMNS FROM `outer` [ RunTime:0.003000s ]
[ sql ] [ SQL ] SELECT * FROM `outer` [ RunTime:0.000000s ]
[ sql ] [ SQL ] SHOW COLUMNS FROM `admin` [ RunTime:0.003000s ]
[ sql ] [ SQL ] SELECT * FROM `admin` WHERE  `id` = 1 LIMIT 1 [ RunTime:0.000000s ]
---------------------------------------------------------------
[ 2018-09-07T18:48:53+08:00 ] 127.0.0.1 GET /admin/outer/index
[ info ] wangying/admin/outer/index [运行时间：0.037002s][吞吐率：27.03req/s] [内存消耗：2,412.67kb] [文件加载：57]
[ info ] [ LANG ] D:\phpStudy\PHPTutorial\WWW\wangying\thinkphp\lang\zh-cn.php
[ info ] [ ROUTE ] array (
  'type' => 'module',
  'module' => 
  array (
    0 => 'admin',
    1 => 'outer',
    2 => 'index',
  ),
)
[ info ] [ HEADER ] array (
  'cookie' => 'PHPSESSID=bdf8io6ca6qv90fl78gbt5h3h0',
  'accept-language' => 'zh-CN,zh;q=0.9',
  'accept-encoding' => 'gzip, deflate',
  'referer' => 'http://wangying/admin/Work/index',
  'accept' => 'text/html,application/xhtml+xml,application/xml;q=0.9,image/webp,image/apng,*/*;q=0.8',
  'user-agent' => 'Mozilla/5.0 (Windows NT 6.1; Win64; x64) AppleWebKit/537.36 (KHTML, like Gecko) Chrome/68.0.3440.106 Safari/537.36',
  'upgrade-insecure-requests' => '1',
  'cache-control' => 'max-age=0',
  'connection' => 'close',
  'host' => 'wangying',
)
[ info ] [ PARAM ] array (
  '/admin/outer/index' => '',
)
[ info ] [ DB ] INIT mysql
[ info ] [ SESSION ] INIT array (
  'id' => '',
  'var_session_id' => '',
  'prefix' => 'think',
  'type' => '',
  'auto_start' => true,
)
[ info ] [ RUN ] app\admin\controller\Outer->index[ D:\phpStudy\PHPTutorial\WWW\wangying\application\admin\controller\Outer.php ]
[ info ] [ VIEW ] D:\phpStudy\PHPTutorial\WWW\wangying\public/../application/admin\view\outer\index.html [ array (
  0 => 'lists',
) ]
[ info ] [ LOG ] INIT File
[ sql ] [ DB ] CONNECT:[ UseTime:0.001000s ] mysql:host=127.0.0.1;dbname=wangying;charset=utf8
[ sql ] [ SQL ] SHOW COLUMNS FROM `outer` [ RunTime:0.002000s ]
[ sql ] [ SQL ] SELECT * FROM `outer` [ RunTime:0.000000s ]
[ sql ] [ SQL ] SHOW COLUMNS FROM `admin` [ RunTime:0.002001s ]
[ sql ] [ SQL ] SELECT * FROM `admin` WHERE  `id` = 1 LIMIT 1 [ RunTime:0.000000s ]
---------------------------------------------------------------
[ 2018-09-07T18:49:22+08:00 ] 127.0.0.1 GET /admin/Demo/add
[ info ] wangying/admin/Demo/add [运行时间：0.028001s][吞吐率：35.71req/s] [内存消耗：2,310.65kb] [文件加载：55]
[ info ] [ LANG ] D:\phpStudy\PHPTutorial\WWW\wangying\thinkphp\lang\zh-cn.php
[ info ] [ ROUTE ] array (
  'type' => 'module',
  'module' => 
  array (
    0 => 'admin',
    1 => 'Demo',
    2 => 'add',
  ),
)
[ info ] [ HEADER ] array (
  'cookie' => 'PHPSESSID=bdf8io6ca6qv90fl78gbt5h3h0',
  'accept-language' => 'zh-CN,zh;q=0.9',
  'accept-encoding' => 'gzip, deflate',
  'referer' => 'http://wangying/admin/outer/index',
  'accept' => 'text/html,application/xhtml+xml,application/xml;q=0.9,image/webp,image/apng,*/*;q=0.8',
  'user-agent' => 'Mozilla/5.0 (Windows NT 6.1; Win64; x64) AppleWebKit/537.36 (KHTML, like Gecko) Chrome/68.0.3440.106 Safari/537.36',
  'upgrade-insecure-requests' => '1',
  'connection' => 'close',
  'host' => 'wangying',
)
[ info ] [ PARAM ] array (
  '/admin/Demo/add' => '',
)
[ info ] [ DB ] INIT mysql
[ info ] [ SESSION ] INIT array (
  'id' => '',
  'var_session_id' => '',
  'prefix' => 'think',
  'type' => '',
  'auto_start' => true,
)
[ info ] [ RUN ] app\admin\controller\Demo->add[ D:\phpStudy\PHPTutorial\WWW\wangying\application\admin\controller\Demo.php ]
[ info ] [ VIEW ] D:\phpStudy\PHPTutorial\WWW\wangying\public/../application/admin\view\demo\add.html [ array (
) ]
[ info ] [ LOG ] INIT File
[ sql ] [ DB ] CONNECT:[ UseTime:0.001000s ] mysql:host=127.0.0.1;dbname=wangying;charset=utf8
[ sql ] [ SQL ] SHOW COLUMNS FROM `admin` [ RunTime:0.002000s ]
[ sql ] [ SQL ] SELECT * FROM `admin` WHERE  `id` = 1 LIMIT 1 [ RunTime:0.000000s ]
---------------------------------------------------------------
[ 2018-09-07T18:49:24+08:00 ] 127.0.0.1 GET /admin/Demo/add
[ info ] wangying/admin/Demo/add [运行时间：0.033002s][吞吐率：30.30req/s] [内存消耗：2,310.96kb] [文件加载：55]
[ info ] [ LANG ] D:\phpStudy\PHPTutorial\WWW\wangying\thinkphp\lang\zh-cn.php
[ info ] [ ROUTE ] array (
  'type' => 'module',
  'module' => 
  array (
    0 => 'admin',
    1 => 'Demo',
    2 => 'add',
  ),
)
[ info ] [ HEADER ] array (
  'cookie' => 'PHPSESSID=bdf8io6ca6qv90fl78gbt5h3h0',
  'accept-language' => 'zh-CN,zh;q=0.9',
  'accept-encoding' => 'gzip, deflate',
  'referer' => 'http://wangying/admin/outer/index',
  'accept' => 'text/html,application/xhtml+xml,application/xml;q=0.9,image/webp,image/apng,*/*;q=0.8',
  'user-agent' => 'Mozilla/5.0 (Windows NT 6.1; Win64; x64) AppleWebKit/537.36 (KHTML, like Gecko) Chrome/68.0.3440.106 Safari/537.36',
  'upgrade-insecure-requests' => '1',
  'cache-control' => 'max-age=0',
  'connection' => 'close',
  'host' => 'wangying',
)
[ info ] [ PARAM ] array (
  '/admin/Demo/add' => '',
)
[ info ] [ DB ] INIT mysql
[ info ] [ SESSION ] INIT array (
  'id' => '',
  'var_session_id' => '',
  'prefix' => 'think',
  'type' => '',
  'auto_start' => true,
)
[ info ] [ RUN ] app\admin\controller\Demo->add[ D:\phpStudy\PHPTutorial\WWW\wangying\application\admin\controller\Demo.php ]
[ info ] [ VIEW ] D:\phpStudy\PHPTutorial\WWW\wangying\public/../application/admin\view\demo\add.html [ array (
) ]
[ info ] [ LOG ] INIT File
[ sql ] [ DB ] CONNECT:[ UseTime:0.001001s ] mysql:host=127.0.0.1;dbname=wangying;charset=utf8
[ sql ] [ SQL ] SHOW COLUMNS FROM `admin` [ RunTime:0.002000s ]
[ sql ] [ SQL ] SELECT * FROM `admin` WHERE  `id` = 1 LIMIT 1 [ RunTime:0.000000s ]
---------------------------------------------------------------
[ 2018-09-07T18:49:24+08:00 ] 127.0.0.1 GET /admin/Demo/add
[ info ] wangying/admin/Demo/add [运行时间：0.032002s][吞吐率：31.25req/s] [内存消耗：2,310.96kb] [文件加载：55]
[ info ] [ LANG ] D:\phpStudy\PHPTutorial\WWW\wangying\thinkphp\lang\zh-cn.php
[ info ] [ ROUTE ] array (
  'type' => 'module',
  'module' => 
  array (
    0 => 'admin',
    1 => 'Demo',
    2 => 'add',
  ),
)
[ info ] [ HEADER ] array (
  'cookie' => 'PHPSESSID=bdf8io6ca6qv90fl78gbt5h3h0',
  'accept-language' => 'zh-CN,zh;q=0.9',
  'accept-encoding' => 'gzip, deflate',
  'referer' => 'http://wangying/admin/outer/index',
  'accept' => 'text/html,application/xhtml+xml,application/xml;q=0.9,image/webp,image/apng,*/*;q=0.8',
  'user-agent' => 'Mozilla/5.0 (Windows NT 6.1; Win64; x64) AppleWebKit/537.36 (KHTML, like Gecko) Chrome/68.0.3440.106 Safari/537.36',
  'upgrade-insecure-requests' => '1',
  'cache-control' => 'max-age=0',
  'connection' => 'close',
  'host' => 'wangying',
)
[ info ] [ PARAM ] array (
  '/admin/Demo/add' => '',
)
[ info ] [ DB ] INIT mysql
[ info ] [ SESSION ] INIT array (
  'id' => '',
  'var_session_id' => '',
  'prefix' => 'think',
  'type' => '',
  'auto_start' => true,
)
[ info ] [ RUN ] app\admin\controller\Demo->add[ D:\phpStudy\PHPTutorial\WWW\wangying\application\admin\controller\Demo.php ]
[ info ] [ VIEW ] D:\phpStudy\PHPTutorial\WWW\wangying\public/../application/admin\view\demo\add.html [ array (
) ]
[ info ] [ LOG ] INIT File
[ sql ] [ DB ] CONNECT:[ UseTime:0.001000s ] mysql:host=127.0.0.1;dbname=wangying;charset=utf8
[ sql ] [ SQL ] SHOW COLUMNS FROM `admin` [ RunTime:0.002000s ]
[ sql ] [ SQL ] SELECT * FROM `admin` WHERE  `id` = 1 LIMIT 1 [ RunTime:0.000000s ]
---------------------------------------------------------------
[ 2018-09-07T18:49:24+08:00 ] 127.0.0.1 GET /admin/Demo/add
[ info ] wangying/admin/Demo/add [运行时间：0.034002s][吞吐率：29.41req/s] [内存消耗：2,310.96kb] [文件加载：55]
[ info ] [ LANG ] D:\phpStudy\PHPTutorial\WWW\wangying\thinkphp\lang\zh-cn.php
[ info ] [ ROUTE ] array (
  'type' => 'module',
  'module' => 
  array (
    0 => 'admin',
    1 => 'Demo',
    2 => 'add',
  ),
)
[ info ] [ HEADER ] array (
  'cookie' => 'PHPSESSID=bdf8io6ca6qv90fl78gbt5h3h0',
  'accept-language' => 'zh-CN,zh;q=0.9',
  'accept-encoding' => 'gzip, deflate',
  'referer' => 'http://wangying/admin/outer/index',
  'accept' => 'text/html,application/xhtml+xml,application/xml;q=0.9,image/webp,image/apng,*/*;q=0.8',
  'user-agent' => 'Mozilla/5.0 (Windows NT 6.1; Win64; x64) AppleWebKit/537.36 (KHTML, like Gecko) Chrome/68.0.3440.106 Safari/537.36',
  'upgrade-insecure-requests' => '1',
  'cache-control' => 'max-age=0',
  'connection' => 'close',
  'host' => 'wangying',
)
[ info ] [ PARAM ] array (
  '/admin/Demo/add' => '',
)
[ info ] [ DB ] INIT mysql
[ info ] [ SESSION ] INIT array (
  'id' => '',
  'var_session_id' => '',
  'prefix' => 'think',
  'type' => '',
  'auto_start' => true,
)
[ info ] [ RUN ] app\admin\controller\Demo->add[ D:\phpStudy\PHPTutorial\WWW\wangying\application\admin\controller\Demo.php ]
[ info ] [ VIEW ] D:\phpStudy\PHPTutorial\WWW\wangying\public/../application/admin\view\demo\add.html [ array (
) ]
[ info ] [ LOG ] INIT File
[ sql ] [ DB ] CONNECT:[ UseTime:0.001000s ] mysql:host=127.0.0.1;dbname=wangying;charset=utf8
[ sql ] [ SQL ] SHOW COLUMNS FROM `admin` [ RunTime:0.002000s ]
[ sql ] [ SQL ] SELECT * FROM `admin` WHERE  `id` = 1 LIMIT 1 [ RunTime:0.000000s ]
---------------------------------------------------------------
[ 2018-09-07T18:49:25+08:00 ] 127.0.0.1 GET /admin/Demo/add
[ info ] wangying/admin/Demo/add [运行时间：0.029002s][吞吐率：34.48req/s] [内存消耗：2,310.96kb] [文件加载：55]
[ info ] [ LANG ] D:\phpStudy\PHPTutorial\WWW\wangying\thinkphp\lang\zh-cn.php
[ info ] [ ROUTE ] array (
  'type' => 'module',
  'module' => 
  array (
    0 => 'admin',
    1 => 'Demo',
    2 => 'add',
  ),
)
[ info ] [ HEADER ] array (
  'cookie' => 'PHPSESSID=bdf8io6ca6qv90fl78gbt5h3h0',
  'accept-language' => 'zh-CN,zh;q=0.9',
  'accept-encoding' => 'gzip, deflate',
  'referer' => 'http://wangying/admin/outer/index',
  'accept' => 'text/html,application/xhtml+xml,application/xml;q=0.9,image/webp,image/apng,*/*;q=0.8',
  'user-agent' => 'Mozilla/5.0 (Windows NT 6.1; Win64; x64) AppleWebKit/537.36 (KHTML, like Gecko) Chrome/68.0.3440.106 Safari/537.36',
  'upgrade-insecure-requests' => '1',
  'cache-control' => 'max-age=0',
  'connection' => 'close',
  'host' => 'wangying',
)
[ info ] [ PARAM ] array (
  '/admin/Demo/add' => '',
)
[ info ] [ DB ] INIT mysql
[ info ] [ SESSION ] INIT array (
  'id' => '',
  'var_session_id' => '',
  'prefix' => 'think',
  'type' => '',
  'auto_start' => true,
)
[ info ] [ RUN ] app\admin\controller\Demo->add[ D:\phpStudy\PHPTutorial\WWW\wangying\application\admin\controller\Demo.php ]
[ info ] [ VIEW ] D:\phpStudy\PHPTutorial\WWW\wangying\public/../application/admin\view\demo\add.html [ array (
) ]
[ info ] [ LOG ] INIT File
[ sql ] [ DB ] CONNECT:[ UseTime:0.001000s ] mysql:host=127.0.0.1;dbname=wangying;charset=utf8
[ sql ] [ SQL ] SHOW COLUMNS FROM `admin` [ RunTime:0.002000s ]
[ sql ] [ SQL ] SELECT * FROM `admin` WHERE  `id` = 1 LIMIT 1 [ RunTime:0.001001s ]
---------------------------------------------------------------
[ 2018-09-07T18:49:45+08:00 ] 127.0.0.1 GET /admin/outer/index
[ info ] wangying/admin/outer/index [运行时间：0.038002s][吞吐率：26.31req/s] [内存消耗：2,412.60kb] [文件加载：57]
[ info ] [ LANG ] D:\phpStudy\PHPTutorial\WWW\wangying\thinkphp\lang\zh-cn.php
[ info ] [ ROUTE ] array (
  'type' => 'module',
  'module' => 
  array (
    0 => 'admin',
    1 => 'outer',
    2 => 'index',
  ),
)
[ info ] [ HEADER ] array (
  'cookie' => 'PHPSESSID=bdf8io6ca6qv90fl78gbt5h3h0',
  'accept-language' => 'zh-CN,zh;q=0.9',
  'accept-encoding' => 'gzip, deflate',
  'referer' => 'http://wangying/admin/Demo/add',
  'accept' => 'text/html,application/xhtml+xml,application/xml;q=0.9,image/webp,image/apng,*/*;q=0.8',
  'user-agent' => 'Mozilla/5.0 (Windows NT 6.1; Win64; x64) AppleWebKit/537.36 (KHTML, like Gecko) Chrome/68.0.3440.106 Safari/537.36',
  'upgrade-insecure-requests' => '1',
  'connection' => 'close',
  'host' => 'wangying',
)
[ info ] [ PARAM ] array (
  '/admin/outer/index' => '',
)
[ info ] [ DB ] INIT mysql
[ info ] [ SESSION ] INIT array (
  'id' => '',
  'var_session_id' => '',
  'prefix' => 'think',
  'type' => '',
  'auto_start' => true,
)
[ info ] [ RUN ] app\admin\controller\Outer->index[ D:\phpStudy\PHPTutorial\WWW\wangying\application\admin\controller\Outer.php ]
[ info ] [ VIEW ] D:\phpStudy\PHPTutorial\WWW\wangying\public/../application/admin\view\outer\index.html [ array (
  0 => 'lists',
) ]
[ info ] [ LOG ] INIT File
[ sql ] [ DB ] CONNECT:[ UseTime:0.000000s ] mysql:host=127.0.0.1;dbname=wangying;charset=utf8
[ sql ] [ SQL ] SHOW COLUMNS FROM `outer` [ RunTime:0.002000s ]
[ sql ] [ SQL ] SELECT * FROM `outer` [ RunTime:0.000000s ]
[ sql ] [ SQL ] SHOW COLUMNS FROM `admin` [ RunTime:0.002000s ]
[ sql ] [ SQL ] SELECT * FROM `admin` WHERE  `id` = 1 LIMIT 1 [ RunTime:0.001000s ]
---------------------------------------------------------------
[ 2018-09-07T18:49:46+08:00 ] 127.0.0.1 GET /admin/Outer/add
[ info ] wangying/admin/Outer/add [运行时间：0.033002s][吞吐率：30.30req/s] [内存消耗：2,414.09kb] [文件加载：57]
[ info ] [ LANG ] D:\phpStudy\PHPTutorial\WWW\wangying\thinkphp\lang\zh-cn.php
[ info ] [ ROUTE ] array (
  'type' => 'module',
  'module' => 
  array (
    0 => 'admin',
    1 => 'Outer',
    2 => 'add',
  ),
)
[ info ] [ HEADER ] array (
  'cookie' => 'PHPSESSID=bdf8io6ca6qv90fl78gbt5h3h0',
  'accept-language' => 'zh-CN,zh;q=0.9',
  'accept-encoding' => 'gzip, deflate',
  'referer' => 'http://wangying/admin/outer/index',
  'accept' => 'text/html,application/xhtml+xml,application/xml;q=0.9,image/webp,image/apng,*/*;q=0.8',
  'user-agent' => 'Mozilla/5.0 (Windows NT 6.1; Win64; x64) AppleWebKit/537.36 (KHTML, like Gecko) Chrome/68.0.3440.106 Safari/537.36',
  'upgrade-insecure-requests' => '1',
  'connection' => 'close',
  'host' => 'wangying',
)
[ info ] [ PARAM ] array (
  '/admin/Outer/add' => '',
)
[ info ] [ DB ] INIT mysql
[ info ] [ SESSION ] INIT array (
  'id' => '',
  'var_session_id' => '',
  'prefix' => 'think',
  'type' => '',
  'auto_start' => true,
)
[ info ] [ RUN ] app\admin\controller\Outer->add[ D:\phpStudy\PHPTutorial\WWW\wangying\application\admin\controller\Outer.php ]
[ info ] [ VIEW ] D:\phpStudy\PHPTutorial\WWW\wangying\public/../application/admin\view\outer\add.html [ array (
) ]
[ info ] [ LOG ] INIT File
[ sql ] [ DB ] CONNECT:[ UseTime:0.001000s ] mysql:host=127.0.0.1;dbname=wangying;charset=utf8
[ sql ] [ SQL ] SHOW COLUMNS FROM `admin` [ RunTime:0.002000s ]
[ sql ] [ SQL ] SELECT * FROM `admin` WHERE  `id` = 1 LIMIT 1 [ RunTime:0.000000s ]
---------------------------------------------------------------
[ 2018-09-07T18:52:55+08:00 ] 127.0.0.1 GET /admin/Outer/add
[ info ] wangying/admin/Outer/add [运行时间：0.028002s][吞吐率：35.71req/s] [内存消耗：2,414.40kb] [文件加载：57]
[ info ] [ LANG ] D:\phpStudy\PHPTutorial\WWW\wangying\thinkphp\lang\zh-cn.php
[ info ] [ ROUTE ] array (
  'type' => 'module',
  'module' => 
  array (
    0 => 'admin',
    1 => 'Outer',
    2 => 'add',
  ),
)
[ info ] [ HEADER ] array (
  'cookie' => 'PHPSESSID=bdf8io6ca6qv90fl78gbt5h3h0',
  'accept-language' => 'zh-CN,zh;q=0.9',
  'accept-encoding' => 'gzip, deflate',
  'referer' => 'http://wangying/admin/outer/index',
  'accept' => 'text/html,application/xhtml+xml,application/xml;q=0.9,image/webp,image/apng,*/*;q=0.8',
  'user-agent' => 'Mozilla/5.0 (Windows NT 6.1; Win64; x64) AppleWebKit/537.36 (KHTML, like Gecko) Chrome/68.0.3440.106 Safari/537.36',
  'upgrade-insecure-requests' => '1',
  'cache-control' => 'max-age=0',
  'connection' => 'close',
  'host' => 'wangying',
)
[ info ] [ PARAM ] array (
  '/admin/Outer/add' => '',
)
[ info ] [ DB ] INIT mysql
[ info ] [ SESSION ] INIT array (
  'id' => '',
  'var_session_id' => '',
  'prefix' => 'think',
  'type' => '',
  'auto_start' => true,
)
[ info ] [ RUN ] app\admin\controller\Outer->add[ D:\phpStudy\PHPTutorial\WWW\wangying\application\admin\controller\Outer.php ]
[ info ] [ VIEW ] D:\phpStudy\PHPTutorial\WWW\wangying\public/../application/admin\view\outer\add.html [ array (
) ]
[ info ] [ LOG ] INIT File
[ sql ] [ DB ] CONNECT:[ UseTime:0.000000s ] mysql:host=127.0.0.1;dbname=wangying;charset=utf8
[ sql ] [ SQL ] SHOW COLUMNS FROM `admin` [ RunTime:0.002000s ]
[ sql ] [ SQL ] SELECT * FROM `admin` WHERE  `id` = 1 LIMIT 1 [ RunTime:0.001000s ]
---------------------------------------------------------------
[ 2018-09-07T18:54:52+08:00 ] 127.0.0.1 GET /admin/Outer/add
[ info ] wangying/admin/Outer/add [运行时间：0.039002s][吞吐率：25.64req/s] [内存消耗：2,414.40kb] [文件加载：57]
[ info ] [ LANG ] D:\phpStudy\PHPTutorial\WWW\wangying\thinkphp\lang\zh-cn.php
[ info ] [ ROUTE ] array (
  'type' => 'module',
  'module' => 
  array (
    0 => 'admin',
    1 => 'Outer',
    2 => 'add',
  ),
)
[ info ] [ HEADER ] array (
  'cookie' => 'PHPSESSID=bdf8io6ca6qv90fl78gbt5h3h0',
  'accept-language' => 'zh-CN,zh;q=0.9',
  'accept-encoding' => 'gzip, deflate',
  'referer' => 'http://wangying/admin/outer/index',
  'accept' => 'text/html,application/xhtml+xml,application/xml;q=0.9,image/webp,image/apng,*/*;q=0.8',
  'user-agent' => 'Mozilla/5.0 (Windows NT 6.1; Win64; x64) AppleWebKit/537.36 (KHTML, like Gecko) Chrome/68.0.3440.106 Safari/537.36',
  'upgrade-insecure-requests' => '1',
  'cache-control' => 'max-age=0',
  'connection' => 'close',
  'host' => 'wangying',
)
[ info ] [ PARAM ] array (
  '/admin/Outer/add' => '',
)
[ info ] [ DB ] INIT mysql
[ info ] [ SESSION ] INIT array (
  'id' => '',
  'var_session_id' => '',
  'prefix' => 'think',
  'type' => '',
  'auto_start' => true,
)
[ info ] [ RUN ] app\admin\controller\Outer->add[ D:\phpStudy\PHPTutorial\WWW\wangying\application\admin\controller\Outer.php ]
[ info ] [ VIEW ] D:\phpStudy\PHPTutorial\WWW\wangying\public/../application/admin\view\outer\add.html [ array (
) ]
[ info ] [ LOG ] INIT File
[ sql ] [ DB ] CONNECT:[ UseTime:0.000000s ] mysql:host=127.0.0.1;dbname=wangying;charset=utf8
[ sql ] [ SQL ] SHOW COLUMNS FROM `admin` [ RunTime:0.002000s ]
[ sql ] [ SQL ] SELECT * FROM `admin` WHERE  `id` = 1 LIMIT 1 [ RunTime:0.001000s ]
---------------------------------------------------------------
[ 2018-09-07T18:56:43+08:00 ] 127.0.0.1 GET /admin/Outer/add
[ info ] wangying/admin/Outer/add [运行时间：0.033001s][吞吐率：30.30req/s] [内存消耗：2,414.40kb] [文件加载：57]
[ info ] [ LANG ] D:\phpStudy\PHPTutorial\WWW\wangying\thinkphp\lang\zh-cn.php
[ info ] [ ROUTE ] array (
  'type' => 'module',
  'module' => 
  array (
    0 => 'admin',
    1 => 'Outer',
    2 => 'add',
  ),
)
[ info ] [ HEADER ] array (
  'cookie' => 'PHPSESSID=bdf8io6ca6qv90fl78gbt5h3h0',
  'accept-language' => 'zh-CN,zh;q=0.9',
  'accept-encoding' => 'gzip, deflate',
  'referer' => 'http://wangying/admin/outer/index',
  'accept' => 'text/html,application/xhtml+xml,application/xml;q=0.9,image/webp,image/apng,*/*;q=0.8',
  'user-agent' => 'Mozilla/5.0 (Windows NT 6.1; Win64; x64) AppleWebKit/537.36 (KHTML, like Gecko) Chrome/68.0.3440.106 Safari/537.36',
  'upgrade-insecure-requests' => '1',
  'cache-control' => 'max-age=0',
  'connection' => 'close',
  'host' => 'wangying',
)
[ info ] [ PARAM ] array (
  '/admin/Outer/add' => '',
)
[ info ] [ DB ] INIT mysql
[ info ] [ SESSION ] INIT array (
  'id' => '',
  'var_session_id' => '',
  'prefix' => 'think',
  'type' => '',
  'auto_start' => true,
)
[ info ] [ RUN ] app\admin\controller\Outer->add[ D:\phpStudy\PHPTutorial\WWW\wangying\application\admin\controller\Outer.php ]
[ info ] [ VIEW ] D:\phpStudy\PHPTutorial\WWW\wangying\public/../application/admin\view\outer\add.html [ array (
) ]
[ info ] [ LOG ] INIT File
[ sql ] [ DB ] CONNECT:[ UseTime:0.000000s ] mysql:host=127.0.0.1;dbname=wangying;charset=utf8
[ sql ] [ SQL ] SHOW COLUMNS FROM `admin` [ RunTime:0.002000s ]
[ sql ] [ SQL ] SELECT * FROM `admin` WHERE  `id` = 1 LIMIT 1 [ RunTime:0.001000s ]
---------------------------------------------------------------
[ 2018-09-07T18:58:18+08:00 ] 127.0.0.1 GET /admin/Outer/add
[ info ] wangying/admin/Outer/add [运行时间：0.038002s][吞吐率：26.31req/s] [内存消耗：2,418.40kb] [文件加载：57]
[ info ] [ LANG ] D:\phpStudy\PHPTutorial\WWW\wangying\thinkphp\lang\zh-cn.php
[ info ] [ ROUTE ] array (
  'type' => 'module',
  'module' => 
  array (
    0 => 'admin',
    1 => 'Outer',
    2 => 'add',
  ),
)
[ info ] [ HEADER ] array (
  'cookie' => 'PHPSESSID=bdf8io6ca6qv90fl78gbt5h3h0',
  'accept-language' => 'zh-CN,zh;q=0.9',
  'accept-encoding' => 'gzip, deflate',
  'referer' => 'http://wangying/admin/outer/index',
  'accept' => 'text/html,application/xhtml+xml,application/xml;q=0.9,image/webp,image/apng,*/*;q=0.8',
  'user-agent' => 'Mozilla/5.0 (Windows NT 6.1; Win64; x64) AppleWebKit/537.36 (KHTML, like Gecko) Chrome/68.0.3440.106 Safari/537.36',
  'upgrade-insecure-requests' => '1',
  'cache-control' => 'max-age=0',
  'connection' => 'close',
  'host' => 'wangying',
)
[ info ] [ PARAM ] array (
  '/admin/Outer/add' => '',
)
[ info ] [ DB ] INIT mysql
[ info ] [ SESSION ] INIT array (
  'id' => '',
  'var_session_id' => '',
  'prefix' => 'think',
  'type' => '',
  'auto_start' => true,
)
[ info ] [ RUN ] app\admin\controller\Outer->add[ D:\phpStudy\PHPTutorial\WWW\wangying\application\admin\controller\Outer.php ]
[ info ] [ VIEW ] D:\phpStudy\PHPTutorial\WWW\wangying\public/../application/admin\view\outer\add.html [ array (
) ]
[ info ] [ LOG ] INIT File
[ sql ] [ DB ] CONNECT:[ UseTime:0.010001s ] mysql:host=127.0.0.1;dbname=wangying;charset=utf8
[ sql ] [ SQL ] SHOW COLUMNS FROM `admin` [ RunTime:0.002000s ]
[ sql ] [ SQL ] SELECT * FROM `admin` WHERE  `id` = 1 LIMIT 1 [ RunTime:0.000000s ]
---------------------------------------------------------------
[ 2018-09-07T18:59:05+08:00 ] 127.0.0.1 GET /admin/Outer/add
[ info ] wangying/admin/Outer/add [运行时间：0.036002s][吞吐率：27.78req/s] [内存消耗：2,414.40kb] [文件加载：57]
[ info ] [ LANG ] D:\phpStudy\PHPTutorial\WWW\wangying\thinkphp\lang\zh-cn.php
[ info ] [ ROUTE ] array (
  'type' => 'module',
  'module' => 
  array (
    0 => 'admin',
    1 => 'Outer',
    2 => 'add',
  ),
)
[ info ] [ HEADER ] array (
  'cookie' => 'PHPSESSID=bdf8io6ca6qv90fl78gbt5h3h0',
  'accept-language' => 'zh-CN,zh;q=0.9',
  'accept-encoding' => 'gzip, deflate',
  'referer' => 'http://wangying/admin/outer/index',
  'accept' => 'text/html,application/xhtml+xml,application/xml;q=0.9,image/webp,image/apng,*/*;q=0.8',
  'user-agent' => 'Mozilla/5.0 (Windows NT 6.1; Win64; x64) AppleWebKit/537.36 (KHTML, like Gecko) Chrome/68.0.3440.106 Safari/537.36',
  'upgrade-insecure-requests' => '1',
  'cache-control' => 'max-age=0',
  'connection' => 'close',
  'host' => 'wangying',
)
[ info ] [ PARAM ] array (
  '/admin/Outer/add' => '',
)
[ info ] [ DB ] INIT mysql
[ info ] [ SESSION ] INIT array (
  'id' => '',
  'var_session_id' => '',
  'prefix' => 'think',
  'type' => '',
  'auto_start' => true,
)
[ info ] [ RUN ] app\admin\controller\Outer->add[ D:\phpStudy\PHPTutorial\WWW\wangying\application\admin\controller\Outer.php ]
[ info ] [ VIEW ] D:\phpStudy\PHPTutorial\WWW\wangying\public/../application/admin\view\outer\add.html [ array (
) ]
[ info ] [ LOG ] INIT File
[ sql ] [ DB ] CONNECT:[ UseTime:0.011001s ] mysql:host=127.0.0.1;dbname=wangying;charset=utf8
[ sql ] [ SQL ] SHOW COLUMNS FROM `admin` [ RunTime:0.002000s ]
[ sql ] [ SQL ] SELECT * FROM `admin` WHERE  `id` = 1 LIMIT 1 [ RunTime:0.000000s ]
---------------------------------------------------------------
[ 2018-09-07T18:59:06+08:00 ] 127.0.0.1 GET /admin/Outer/add
[ info ] wangying/admin/Outer/add [运行时间：0.029001s][吞吐率：34.48req/s] [内存消耗：2,293.57kb] [文件加载：55]
[ info ] [ LANG ] D:\phpStudy\PHPTutorial\WWW\wangying\thinkphp\lang\zh-cn.php
[ info ] [ ROUTE ] array (
  'type' => 'module',
  'module' => 
  array (
    0 => 'admin',
    1 => 'Outer',
    2 => 'add',
  ),
)
[ info ] [ HEADER ] array (
  'cookie' => 'PHPSESSID=bdf8io6ca6qv90fl78gbt5h3h0',
  'accept-language' => 'zh-CN,zh;q=0.9',
  'accept-encoding' => 'gzip, deflate',
  'referer' => 'http://wangying/admin/outer/index',
  'accept' => 'text/html,application/xhtml+xml,application/xml;q=0.9,image/webp,image/apng,*/*;q=0.8',
  'user-agent' => 'Mozilla/5.0 (Windows NT 6.1; Win64; x64) AppleWebKit/537.36 (KHTML, like Gecko) Chrome/68.0.3440.106 Safari/537.36',
  'upgrade-insecure-requests' => '1',
  'cache-control' => 'max-age=0',
  'connection' => 'close',
  'host' => 'wangying',
)
[ info ] [ PARAM ] array (
  '/admin/Outer/add' => '',
)
[ info ] [ DB ] INIT mysql
[ info ] [ SESSION ] INIT array (
  'id' => '',
  'var_session_id' => '',
  'prefix' => 'think',
  'type' => '',
  'auto_start' => true,
)
[ info ] [ RUN ] app\admin\controller\Outer->add[ D:\phpStudy\PHPTutorial\WWW\wangying\application\admin\controller\Outer.php ]
[ info ] [ VIEW ] D:\phpStudy\PHPTutorial\WWW\wangying\public/../application/admin\view\outer\add.html [ array (
) ]
[ info ] [ LOG ] INIT File
[ sql ] [ DB ] CONNECT:[ UseTime:0.000000s ] mysql:host=127.0.0.1;dbname=wangying;charset=utf8
[ sql ] [ SQL ] SHOW COLUMNS FROM `admin` [ RunTime:0.003000s ]
[ sql ] [ SQL ] SELECT * FROM `admin` WHERE  `id` = 1 LIMIT 1 [ RunTime:0.000000s ]
---------------------------------------------------------------
[ 2018-09-07T18:59:06+08:00 ] 127.0.0.1 GET /admin/Outer/add
[ info ] wangying/admin/Outer/add [运行时间：0.036002s][吞吐率：27.78req/s] [内存消耗：2,293.57kb] [文件加载：55]
[ info ] [ LANG ] D:\phpStudy\PHPTutorial\WWW\wangying\thinkphp\lang\zh-cn.php
[ info ] [ ROUTE ] array (
  'type' => 'module',
  'module' => 
  array (
    0 => 'admin',
    1 => 'Outer',
    2 => 'add',
  ),
)
[ info ] [ HEADER ] array (
  'cookie' => 'PHPSESSID=bdf8io6ca6qv90fl78gbt5h3h0',
  'accept-language' => 'zh-CN,zh;q=0.9',
  'accept-encoding' => 'gzip, deflate',
  'referer' => 'http://wangying/admin/outer/index',
  'accept' => 'text/html,application/xhtml+xml,application/xml;q=0.9,image/webp,image/apng,*/*;q=0.8',
  'user-agent' => 'Mozilla/5.0 (Windows NT 6.1; Win64; x64) AppleWebKit/537.36 (KHTML, like Gecko) Chrome/68.0.3440.106 Safari/537.36',
  'upgrade-insecure-requests' => '1',
  'cache-control' => 'max-age=0',
  'connection' => 'close',
  'host' => 'wangying',
)
[ info ] [ PARAM ] array (
  '/admin/Outer/add' => '',
)
[ info ] [ DB ] INIT mysql
[ info ] [ SESSION ] INIT array (
  'id' => '',
  'var_session_id' => '',
  'prefix' => 'think',
  'type' => '',
  'auto_start' => true,
)
[ info ] [ RUN ] app\admin\controller\Outer->add[ D:\phpStudy\PHPTutorial\WWW\wangying\application\admin\controller\Outer.php ]
[ info ] [ VIEW ] D:\phpStudy\PHPTutorial\WWW\wangying\public/../application/admin\view\outer\add.html [ array (
) ]
[ info ] [ LOG ] INIT File
[ sql ] [ DB ] CONNECT:[ UseTime:0.000000s ] mysql:host=127.0.0.1;dbname=wangying;charset=utf8
[ sql ] [ SQL ] SHOW COLUMNS FROM `admin` [ RunTime:0.002000s ]
[ sql ] [ SQL ] SELECT * FROM `admin` WHERE  `id` = 1 LIMIT 1 [ RunTime:0.000000s ]
---------------------------------------------------------------
[ 2018-09-07T18:59:06+08:00 ] 127.0.0.1 GET /admin/Outer/add
[ info ] wangying/admin/Outer/add [运行时间：0.045002s][吞吐率：22.22req/s] [内存消耗：2,293.57kb] [文件加载：55]
[ info ] [ LANG ] D:\phpStudy\PHPTutorial\WWW\wangying\thinkphp\lang\zh-cn.php
[ info ] [ ROUTE ] array (
  'type' => 'module',
  'module' => 
  array (
    0 => 'admin',
    1 => 'Outer',
    2 => 'add',
  ),
)
[ info ] [ HEADER ] array (
  'cookie' => 'PHPSESSID=bdf8io6ca6qv90fl78gbt5h3h0',
  'accept-language' => 'zh-CN,zh;q=0.9',
  'accept-encoding' => 'gzip, deflate',
  'referer' => 'http://wangying/admin/outer/index',
  'accept' => 'text/html,application/xhtml+xml,application/xml;q=0.9,image/webp,image/apng,*/*;q=0.8',
  'user-agent' => 'Mozilla/5.0 (Windows NT 6.1; Win64; x64) AppleWebKit/537.36 (KHTML, like Gecko) Chrome/68.0.3440.106 Safari/537.36',
  'upgrade-insecure-requests' => '1',
  'cache-control' => 'max-age=0',
  'connection' => 'close',
  'host' => 'wangying',
)
[ info ] [ PARAM ] array (
  '/admin/Outer/add' => '',
)
[ info ] [ DB ] INIT mysql
[ info ] [ SESSION ] INIT array (
  'id' => '',
  'var_session_id' => '',
  'prefix' => 'think',
  'type' => '',
  'auto_start' => true,
)
[ info ] [ RUN ] app\admin\controller\Outer->add[ D:\phpStudy\PHPTutorial\WWW\wangying\application\admin\controller\Outer.php ]
[ info ] [ VIEW ] D:\phpStudy\PHPTutorial\WWW\wangying\public/../application/admin\view\outer\add.html [ array (
) ]
[ info ] [ LOG ] INIT File
[ sql ] [ DB ] CONNECT:[ UseTime:0.002000s ] mysql:host=127.0.0.1;dbname=wangying;charset=utf8
[ sql ] [ SQL ] SHOW COLUMNS FROM `admin` [ RunTime:0.002000s ]
[ sql ] [ SQL ] SELECT * FROM `admin` WHERE  `id` = 1 LIMIT 1 [ RunTime:0.000000s ]
---------------------------------------------------------------
[ 2018-09-07T19:03:03+08:00 ] 127.0.0.1 GET /admin/Outer/add
[ info ] wangying/admin/Outer/add [运行时间：0.029002s][吞吐率：34.48req/s] [内存消耗：2,414.40kb] [文件加载：57]
[ info ] [ LANG ] D:\phpStudy\PHPTutorial\WWW\wangying\thinkphp\lang\zh-cn.php
[ info ] [ ROUTE ] array (
  'type' => 'module',
  'module' => 
  array (
    0 => 'admin',
    1 => 'Outer',
    2 => 'add',
  ),
)
[ info ] [ HEADER ] array (
  'cookie' => 'PHPSESSID=bdf8io6ca6qv90fl78gbt5h3h0',
  'accept-language' => 'zh-CN,zh;q=0.9',
  'accept-encoding' => 'gzip, deflate',
  'referer' => 'http://wangying/admin/outer/index',
  'accept' => 'text/html,application/xhtml+xml,application/xml;q=0.9,image/webp,image/apng,*/*;q=0.8',
  'user-agent' => 'Mozilla/5.0 (Windows NT 6.1; Win64; x64) AppleWebKit/537.36 (KHTML, like Gecko) Chrome/68.0.3440.106 Safari/537.36',
  'upgrade-insecure-requests' => '1',
  'cache-control' => 'max-age=0',
  'connection' => 'close',
  'host' => 'wangying',
)
[ info ] [ PARAM ] array (
  '/admin/Outer/add' => '',
)
[ info ] [ DB ] INIT mysql
[ info ] [ SESSION ] INIT array (
  'id' => '',
  'var_session_id' => '',
  'prefix' => 'think',
  'type' => '',
  'auto_start' => true,
)
[ info ] [ RUN ] app\admin\controller\Outer->add[ D:\phpStudy\PHPTutorial\WWW\wangying\application\admin\controller\Outer.php ]
[ info ] [ VIEW ] D:\phpStudy\PHPTutorial\WWW\wangying\public/../application/admin\view\outer\add.html [ array (
) ]
[ info ] [ LOG ] INIT File
[ sql ] [ DB ] CONNECT:[ UseTime:0.001001s ] mysql:host=127.0.0.1;dbname=wangying;charset=utf8
[ sql ] [ SQL ] SHOW COLUMNS FROM `admin` [ RunTime:0.002000s ]
[ sql ] [ SQL ] SELECT * FROM `admin` WHERE  `id` = 1 LIMIT 1 [ RunTime:0.000000s ]
---------------------------------------------------------------
[ 2018-09-07T19:03:04+08:00 ] 127.0.0.1 GET /admin/Outer/add
[ info ] wangying/admin/Outer/add [运行时间：0.026002s][吞吐率：38.46req/s] [内存消耗：2,293.57kb] [文件加载：55]
[ info ] [ LANG ] D:\phpStudy\PHPTutorial\WWW\wangying\thinkphp\lang\zh-cn.php
[ info ] [ ROUTE ] array (
  'type' => 'module',
  'module' => 
  array (
    0 => 'admin',
    1 => 'Outer',
    2 => 'add',
  ),
)
[ info ] [ HEADER ] array (
  'cookie' => 'PHPSESSID=bdf8io6ca6qv90fl78gbt5h3h0',
  'accept-language' => 'zh-CN,zh;q=0.9',
  'accept-encoding' => 'gzip, deflate',
  'referer' => 'http://wangying/admin/outer/index',
  'accept' => 'text/html,application/xhtml+xml,application/xml;q=0.9,image/webp,image/apng,*/*;q=0.8',
  'user-agent' => 'Mozilla/5.0 (Windows NT 6.1; Win64; x64) AppleWebKit/537.36 (KHTML, like Gecko) Chrome/68.0.3440.106 Safari/537.36',
  'upgrade-insecure-requests' => '1',
  'cache-control' => 'max-age=0',
  'connection' => 'close',
  'host' => 'wangying',
)
[ info ] [ PARAM ] array (
  '/admin/Outer/add' => '',
)
[ info ] [ DB ] INIT mysql
[ info ] [ SESSION ] INIT array (
  'id' => '',
  'var_session_id' => '',
  'prefix' => 'think',
  'type' => '',
  'auto_start' => true,
)
[ info ] [ RUN ] app\admin\controller\Outer->add[ D:\phpStudy\PHPTutorial\WWW\wangying\application\admin\controller\Outer.php ]
[ info ] [ VIEW ] D:\phpStudy\PHPTutorial\WWW\wangying\public/../application/admin\view\outer\add.html [ array (
) ]
[ info ] [ LOG ] INIT File
[ sql ] [ DB ] CONNECT:[ UseTime:0.000000s ] mysql:host=127.0.0.1;dbname=wangying;charset=utf8
[ sql ] [ SQL ] SHOW COLUMNS FROM `admin` [ RunTime:0.003001s ]
[ sql ] [ SQL ] SELECT * FROM `admin` WHERE  `id` = 1 LIMIT 1 [ RunTime:0.001000s ]
---------------------------------------------------------------
[ 2018-09-07T19:03:04+08:00 ] 127.0.0.1 GET /admin/Outer/add
[ info ] wangying/admin/Outer/add [运行时间：0.025002s][吞吐率：40.00req/s] [内存消耗：2,293.57kb] [文件加载：55]
[ info ] [ LANG ] D:\phpStudy\PHPTutorial\WWW\wangying\thinkphp\lang\zh-cn.php
[ info ] [ ROUTE ] array (
  'type' => 'module',
  'module' => 
  array (
    0 => 'admin',
    1 => 'Outer',
    2 => 'add',
  ),
)
[ info ] [ HEADER ] array (
  'cookie' => 'PHPSESSID=bdf8io6ca6qv90fl78gbt5h3h0',
  'accept-language' => 'zh-CN,zh;q=0.9',
  'accept-encoding' => 'gzip, deflate',
  'referer' => 'http://wangying/admin/outer/index',
  'accept' => 'text/html,application/xhtml+xml,application/xml;q=0.9,image/webp,image/apng,*/*;q=0.8',
  'user-agent' => 'Mozilla/5.0 (Windows NT 6.1; Win64; x64) AppleWebKit/537.36 (KHTML, like Gecko) Chrome/68.0.3440.106 Safari/537.36',
  'upgrade-insecure-requests' => '1',
  'cache-control' => 'max-age=0',
  'connection' => 'close',
  'host' => 'wangying',
)
[ info ] [ PARAM ] array (
  '/admin/Outer/add' => '',
)
[ info ] [ DB ] INIT mysql
[ info ] [ SESSION ] INIT array (
  'id' => '',
  'var_session_id' => '',
  'prefix' => 'think',
  'type' => '',
  'auto_start' => true,
)
[ info ] [ RUN ] app\admin\controller\Outer->add[ D:\phpStudy\PHPTutorial\WWW\wangying\application\admin\controller\Outer.php ]
[ info ] [ VIEW ] D:\phpStudy\PHPTutorial\WWW\wangying\public/../application/admin\view\outer\add.html [ array (
) ]
[ info ] [ LOG ] INIT File
[ sql ] [ DB ] CONNECT:[ UseTime:0.000000s ] mysql:host=127.0.0.1;dbname=wangying;charset=utf8
[ sql ] [ SQL ] SHOW COLUMNS FROM `admin` [ RunTime:0.002000s ]
[ sql ] [ SQL ] SELECT * FROM `admin` WHERE  `id` = 1 LIMIT 1 [ RunTime:0.000000s ]
---------------------------------------------------------------
[ 2018-09-07T19:05:55+08:00 ] 127.0.0.1 GET /admin/Outer/add
[ info ] wangying/admin/Outer/add [运行时间：0.037002s][吞吐率：27.03req/s] [内存消耗：2,293.64kb] [文件加载：55]
[ info ] [ LANG ] D:\phpStudy\PHPTutorial\WWW\wangying\thinkphp\lang\zh-cn.php
[ info ] [ ROUTE ] array (
  'type' => 'module',
  'module' => 
  array (
    0 => 'admin',
    1 => 'Outer',
    2 => 'add',
  ),
)
[ info ] [ HEADER ] array (
  'cookie' => 'PHPSESSID=bdf8io6ca6qv90fl78gbt5h3h0',
  'accept-language' => 'zh-CN,zh;q=0.9',
  'accept-encoding' => 'gzip, deflate',
  'referer' => 'http://wangying/admin/outer/index',
  'accept' => 'text/html,application/xhtml+xml,application/xml;q=0.9,image/webp,image/apng,*/*;q=0.8',
  'user-agent' => 'Mozilla/5.0 (Windows NT 6.1; Win64; x64) AppleWebKit/537.36 (KHTML, like Gecko) Chrome/68.0.3440.106 Safari/537.36',
  'upgrade-insecure-requests' => '1',
  'cache-control' => 'max-age=0',
  'connection' => 'close',
  'host' => 'wangying',
)
[ info ] [ PARAM ] array (
  '/admin/Outer/add' => '',
)
[ info ] [ DB ] INIT mysql
[ info ] [ SESSION ] INIT array (
  'id' => '',
  'var_session_id' => '',
  'prefix' => 'think',
  'type' => '',
  'auto_start' => true,
)
[ info ] [ RUN ] app\admin\controller\Outer->add[ D:\phpStudy\PHPTutorial\WWW\wangying\application\admin\controller\Outer.php ]
[ info ] [ VIEW ] D:\phpStudy\PHPTutorial\WWW\wangying\public/../application/admin\view\outer\add.html [ array (
) ]
[ info ] [ LOG ] INIT File
[ sql ] [ DB ] CONNECT:[ UseTime:0.001000s ] mysql:host=127.0.0.1;dbname=wangying;charset=utf8
[ sql ] [ SQL ] SHOW COLUMNS FROM `admin` [ RunTime:0.002000s ]
[ sql ] [ SQL ] SELECT * FROM `admin` WHERE  `id` = 1 LIMIT 1 [ RunTime:0.000000s ]
---------------------------------------------------------------
[ 2018-09-07T19:05:55+08:00 ] 127.0.0.1 GET /admin/Outer/add
[ info ] wangying/admin/Outer/add [运行时间：0.021001s][吞吐率：47.62req/s] [内存消耗：2,293.64kb] [文件加载：55]
[ info ] [ LANG ] D:\phpStudy\PHPTutorial\WWW\wangying\thinkphp\lang\zh-cn.php
[ info ] [ ROUTE ] array (
  'type' => 'module',
  'module' => 
  array (
    0 => 'admin',
    1 => 'Outer',
    2 => 'add',
  ),
)
[ info ] [ HEADER ] array (
  'cookie' => 'PHPSESSID=bdf8io6ca6qv90fl78gbt5h3h0',
  'accept-language' => 'zh-CN,zh;q=0.9',
  'accept-encoding' => 'gzip, deflate',
  'referer' => 'http://wangying/admin/outer/index',
  'accept' => 'text/html,application/xhtml+xml,application/xml;q=0.9,image/webp,image/apng,*/*;q=0.8',
  'user-agent' => 'Mozilla/5.0 (Windows NT 6.1; Win64; x64) AppleWebKit/537.36 (KHTML, like Gecko) Chrome/68.0.3440.106 Safari/537.36',
  'upgrade-insecure-requests' => '1',
  'cache-control' => 'max-age=0',
  'connection' => 'close',
  'host' => 'wangying',
)
[ info ] [ PARAM ] array (
  '/admin/Outer/add' => '',
)
[ info ] [ DB ] INIT mysql
[ info ] [ SESSION ] INIT array (
  'id' => '',
  'var_session_id' => '',
  'prefix' => 'think',
  'type' => '',
  'auto_start' => true,
)
[ info ] [ RUN ] app\admin\controller\Outer->add[ D:\phpStudy\PHPTutorial\WWW\wangying\application\admin\controller\Outer.php ]
[ info ] [ VIEW ] D:\phpStudy\PHPTutorial\WWW\wangying\public/../application/admin\view\outer\add.html [ array (
) ]
[ info ] [ LOG ] INIT File
[ sql ] [ DB ] CONNECT:[ UseTime:0.001000s ] mysql:host=127.0.0.1;dbname=wangying;charset=utf8
[ sql ] [ SQL ] SHOW COLUMNS FROM `admin` [ RunTime:0.002000s ]
[ sql ] [ SQL ] SELECT * FROM `admin` WHERE  `id` = 1 LIMIT 1 [ RunTime:0.000000s ]
---------------------------------------------------------------
[ 2018-09-07T19:05:56+08:00 ] 127.0.0.1 GET /admin/Outer/add
[ info ] wangying/admin/Outer/add [运行时间：0.022002s][吞吐率：45.45req/s] [内存消耗：2,293.64kb] [文件加载：55]
[ info ] [ LANG ] D:\phpStudy\PHPTutorial\WWW\wangying\thinkphp\lang\zh-cn.php
[ info ] [ ROUTE ] array (
  'type' => 'module',
  'module' => 
  array (
    0 => 'admin',
    1 => 'Outer',
    2 => 'add',
  ),
)
[ info ] [ HEADER ] array (
  'cookie' => 'PHPSESSID=bdf8io6ca6qv90fl78gbt5h3h0',
  'accept-language' => 'zh-CN,zh;q=0.9',
  'accept-encoding' => 'gzip, deflate',
  'referer' => 'http://wangying/admin/outer/index',
  'accept' => 'text/html,application/xhtml+xml,application/xml;q=0.9,image/webp,image/apng,*/*;q=0.8',
  'user-agent' => 'Mozilla/5.0 (Windows NT 6.1; Win64; x64) AppleWebKit/537.36 (KHTML, like Gecko) Chrome/68.0.3440.106 Safari/537.36',
  'upgrade-insecure-requests' => '1',
  'cache-control' => 'max-age=0',
  'connection' => 'close',
  'host' => 'wangying',
)
[ info ] [ PARAM ] array (
  '/admin/Outer/add' => '',
)
[ info ] [ DB ] INIT mysql
[ info ] [ SESSION ] INIT array (
  'id' => '',
  'var_session_id' => '',
  'prefix' => 'think',
  'type' => '',
  'auto_start' => true,
)
[ info ] [ RUN ] app\admin\controller\Outer->add[ D:\phpStudy\PHPTutorial\WWW\wangying\application\admin\controller\Outer.php ]
[ info ] [ VIEW ] D:\phpStudy\PHPTutorial\WWW\wangying\public/../application/admin\view\outer\add.html [ array (
) ]
[ info ] [ LOG ] INIT File
[ sql ] [ DB ] CONNECT:[ UseTime:0.000000s ] mysql:host=127.0.0.1;dbname=wangying;charset=utf8
[ sql ] [ SQL ] SHOW COLUMNS FROM `admin` [ RunTime:0.002000s ]
[ sql ] [ SQL ] SELECT * FROM `admin` WHERE  `id` = 1 LIMIT 1 [ RunTime:0.000000s ]
---------------------------------------------------------------
[ 2018-09-07T19:05:56+08:00 ] 127.0.0.1 GET /admin/Outer/add
[ info ] wangying/admin/Outer/add [运行时间：0.021002s][吞吐率：47.61req/s] [内存消耗：2,293.64kb] [文件加载：55]
[ info ] [ LANG ] D:\phpStudy\PHPTutorial\WWW\wangying\thinkphp\lang\zh-cn.php
[ info ] [ ROUTE ] array (
  'type' => 'module',
  'module' => 
  array (
    0 => 'admin',
    1 => 'Outer',
    2 => 'add',
  ),
)
[ info ] [ HEADER ] array (
  'cookie' => 'PHPSESSID=bdf8io6ca6qv90fl78gbt5h3h0',
  'accept-language' => 'zh-CN,zh;q=0.9',
  'accept-encoding' => 'gzip, deflate',
  'referer' => 'http://wangying/admin/outer/index',
  'accept' => 'text/html,application/xhtml+xml,application/xml;q=0.9,image/webp,image/apng,*/*;q=0.8',
  'user-agent' => 'Mozilla/5.0 (Windows NT 6.1; Win64; x64) AppleWebKit/537.36 (KHTML, like Gecko) Chrome/68.0.3440.106 Safari/537.36',
  'upgrade-insecure-requests' => '1',
  'cache-control' => 'max-age=0',
  'connection' => 'close',
  'host' => 'wangying',
)
[ info ] [ PARAM ] array (
  '/admin/Outer/add' => '',
)
[ info ] [ DB ] INIT mysql
[ info ] [ SESSION ] INIT array (
  'id' => '',
  'var_session_id' => '',
  'prefix' => 'think',
  'type' => '',
  'auto_start' => true,
)
[ info ] [ RUN ] app\admin\controller\Outer->add[ D:\phpStudy\PHPTutorial\WWW\wangying\application\admin\controller\Outer.php ]
[ info ] [ VIEW ] D:\phpStudy\PHPTutorial\WWW\wangying\public/../application/admin\view\outer\add.html [ array (
) ]
[ info ] [ LOG ] INIT File
[ sql ] [ DB ] CONNECT:[ UseTime:0.000000s ] mysql:host=127.0.0.1;dbname=wangying;charset=utf8
[ sql ] [ SQL ] SHOW COLUMNS FROM `admin` [ RunTime:0.002001s ]
[ sql ] [ SQL ] SELECT * FROM `admin` WHERE  `id` = 1 LIMIT 1 [ RunTime:0.001000s ]
---------------------------------------------------------------
[ 2018-09-07T19:05:56+08:00 ] 127.0.0.1 GET /admin/Outer/add
[ info ] wangying/admin/Outer/add [运行时间：0.022001s][吞吐率：45.45req/s] [内存消耗：2,293.64kb] [文件加载：55]
[ info ] [ LANG ] D:\phpStudy\PHPTutorial\WWW\wangying\thinkphp\lang\zh-cn.php
[ info ] [ ROUTE ] array (
  'type' => 'module',
  'module' => 
  array (
    0 => 'admin',
    1 => 'Outer',
    2 => 'add',
  ),
)
[ info ] [ HEADER ] array (
  'cookie' => 'PHPSESSID=bdf8io6ca6qv90fl78gbt5h3h0',
  'accept-language' => 'zh-CN,zh;q=0.9',
  'accept-encoding' => 'gzip, deflate',
  'referer' => 'http://wangying/admin/outer/index',
  'accept' => 'text/html,application/xhtml+xml,application/xml;q=0.9,image/webp,image/apng,*/*;q=0.8',
  'user-agent' => 'Mozilla/5.0 (Windows NT 6.1; Win64; x64) AppleWebKit/537.36 (KHTML, like Gecko) Chrome/68.0.3440.106 Safari/537.36',
  'upgrade-insecure-requests' => '1',
  'cache-control' => 'max-age=0',
  'connection' => 'close',
  'host' => 'wangying',
)
[ info ] [ PARAM ] array (
  '/admin/Outer/add' => '',
)
[ info ] [ DB ] INIT mysql
[ info ] [ SESSION ] INIT array (
  'id' => '',
  'var_session_id' => '',
  'prefix' => 'think',
  'type' => '',
  'auto_start' => true,
)
[ info ] [ RUN ] app\admin\controller\Outer->add[ D:\phpStudy\PHPTutorial\WWW\wangying\application\admin\controller\Outer.php ]
[ info ] [ VIEW ] D:\phpStudy\PHPTutorial\WWW\wangying\public/../application/admin\view\outer\add.html [ array (
) ]
[ info ] [ LOG ] INIT File
[ sql ] [ DB ] CONNECT:[ UseTime:0.000000s ] mysql:host=127.0.0.1;dbname=wangying;charset=utf8
[ sql ] [ SQL ] SHOW COLUMNS FROM `admin` [ RunTime:0.001000s ]
[ sql ] [ SQL ] SELECT * FROM `admin` WHERE  `id` = 1 LIMIT 1 [ RunTime:0.000000s ]
---------------------------------------------------------------
[ 2018-09-07T19:05:56+08:00 ] 127.0.0.1 GET /admin/Outer/add
[ info ] wangying/admin/Outer/add [运行时间：0.023002s][吞吐率：43.47req/s] [内存消耗：2,293.64kb] [文件加载：55]
[ info ] [ LANG ] D:\phpStudy\PHPTutorial\WWW\wangying\thinkphp\lang\zh-cn.php
[ info ] [ ROUTE ] array (
  'type' => 'module',
  'module' => 
  array (
    0 => 'admin',
    1 => 'Outer',
    2 => 'add',
  ),
)
[ info ] [ HEADER ] array (
  'cookie' => 'PHPSESSID=bdf8io6ca6qv90fl78gbt5h3h0',
  'accept-language' => 'zh-CN,zh;q=0.9',
  'accept-encoding' => 'gzip, deflate',
  'referer' => 'http://wangying/admin/outer/index',
  'accept' => 'text/html,application/xhtml+xml,application/xml;q=0.9,image/webp,image/apng,*/*;q=0.8',
  'user-agent' => 'Mozilla/5.0 (Windows NT 6.1; Win64; x64) AppleWebKit/537.36 (KHTML, like Gecko) Chrome/68.0.3440.106 Safari/537.36',
  'upgrade-insecure-requests' => '1',
  'cache-control' => 'max-age=0',
  'connection' => 'close',
  'host' => 'wangying',
)
[ info ] [ PARAM ] array (
  '/admin/Outer/add' => '',
)
[ info ] [ DB ] INIT mysql
[ info ] [ SESSION ] INIT array (
  'id' => '',
  'var_session_id' => '',
  'prefix' => 'think',
  'type' => '',
  'auto_start' => true,
)
[ info ] [ RUN ] app\admin\controller\Outer->add[ D:\phpStudy\PHPTutorial\WWW\wangying\application\admin\controller\Outer.php ]
[ info ] [ VIEW ] D:\phpStudy\PHPTutorial\WWW\wangying\public/../application/admin\view\outer\add.html [ array (
) ]
[ info ] [ LOG ] INIT File
[ sql ] [ DB ] CONNECT:[ UseTime:0.001000s ] mysql:host=127.0.0.1;dbname=wangying;charset=utf8
[ sql ] [ SQL ] SHOW COLUMNS FROM `admin` [ RunTime:0.002001s ]
[ sql ] [ SQL ] SELECT * FROM `admin` WHERE  `id` = 1 LIMIT 1 [ RunTime:0.001000s ]
