---------------------------------------------------------------
[ 2018-09-12T09:23:49+08:00 ] 0.0.0.0 GET /uploads/images/20aedc7c13979878323a5681ecd52a39.png
[ info ] localhost/uploads/images/20aedc7c13979878323a5681ecd52a39.png [运行时间：0.174010s][吞吐率：5.75req/s] [内存消耗：1,147.51kb] [文件加载：37]
[ info ] [ LANG ] D:\phpStudy\PHPTutorial\WWW\wangying\thinkphp\lang\zh-cn.php
[ info ] [ ROUTE ] array (
  'type' => 'module',
  'module' => 
  array (
    0 => 'uploads',
    1 => 'images',
    2 => '20aedc7c13979878323a5681ecd52a39.png',
  ),
)
[ info ] [ HEADER ] array (
  'accept-language' => 'zh-CN,zh;q=0.9',
  'accept-encoding' => 'gzip, deflate, br',
  'referer' => 'http://demo.laravel-admin.org/',
  'accept' => 'image/webp,image/apng,image/*,*/*;q=0.8',
  'user-agent' => 'Mozilla/5.0 (Windows NT 6.1; Win64; x64) AppleWebKit/537.36 (KHTML, like Gecko) Chrome/68.0.3440.106 Safari/537.36',
  'connection' => 'close',
  'host' => 'localhost',
)
[ info ] [ PARAM ] array (
  '/uploads/images/20aedc7c13979878323a5681ecd52a39_png' => '',
)
[ info ] [ LOG ] INIT File
---------------------------------------------------------------
[ 2018-09-12T09:23:53+08:00 ] 0.0.0.0 GET /uploads/images/20aedc7c13979878323a5681ecd52a39.png
[ info ] localhost/uploads/images/20aedc7c13979878323a5681ecd52a39.png [运行时间：0.015001s][吞吐率：66.66req/s] [内存消耗：1,147.52kb] [文件加载：37]
[ info ] [ LANG ] D:\phpStudy\PHPTutorial\WWW\wangying\thinkphp\lang\zh-cn.php
[ info ] [ ROUTE ] array (
  'type' => 'module',
  'module' => 
  array (
    0 => 'uploads',
    1 => 'images',
    2 => '20aedc7c13979878323a5681ecd52a39.png',
  ),
)
[ info ] [ HEADER ] array (
  'accept-language' => 'zh-CN,zh;q=0.9',
  'accept-encoding' => 'gzip, deflate, br',
  'referer' => 'http://demo.laravel-admin.org/',
  'accept' => 'image/webp,image/apng,image/*,*/*;q=0.8',
  'user-agent' => 'Mozilla/5.0 (Windows NT 6.1; Win64; x64) AppleWebKit/537.36 (KHTML, like Gecko) Chrome/68.0.3440.106 Safari/537.36',
  'connection' => 'close',
  'host' => 'localhost',
)
[ info ] [ PARAM ] array (
  '/uploads/images/20aedc7c13979878323a5681ecd52a39_png' => '',
)
[ info ] [ LOG ] INIT File
---------------------------------------------------------------
[ 2018-09-12T10:17:39+08:00 ] 127.0.0.1 GET /admin
[ info ] wangying/admin [运行时间：0.250015s][吞吐率：4.00req/s] [内存消耗：1,366.62kb] [文件加载：45]
[ info ] [ LANG ] D:\phpStudy\PHPTutorial\WWW\wangying\thinkphp\lang\zh-cn.php
[ info ] [ ROUTE ] array (
  'type' => 'module',
  'module' => 
  array (
    0 => 'admin',
    1 => NULL,
    2 => NULL,
  ),
)
[ info ] [ HEADER ] array (
  'accept-language' => 'zh-CN,zh;q=0.9',
  'accept-encoding' => 'gzip, deflate',
  'accept' => 'text/html,application/xhtml+xml,application/xml;q=0.9,image/webp,image/apng,*/*;q=0.8',
  'user-agent' => 'Mozilla/5.0 (Windows NT 6.1; Win64; x64) AppleWebKit/537.36 (KHTML, like Gecko) Chrome/68.0.3440.106 Safari/537.36',
  'upgrade-insecure-requests' => '1',
  'connection' => 'close',
  'host' => 'wangying',
)
[ info ] [ PARAM ] array (
  '/admin' => '',
)
[ info ] [ SESSION ] INIT array (
  'id' => '',
  'var_session_id' => '',
  'prefix' => 'think',
  'type' => '',
  'auto_start' => true,
)
[ info ] [ VIEW ] D:\phpStudy\PHPTutorial\WWW\wangying\thinkphp\tpl\dispatch_jump.tpl [ array (
  0 => 'code',
  1 => 'msg',
  2 => 'data',
  3 => 'url',
  4 => 'wait',
) ]
[ info ] [ LOG ] INIT File
---------------------------------------------------------------
[ 2018-09-12T10:17:40+08:00 ] 127.0.0.1 GET /admin/login/login.html
[ info ] wangying/admin/login/login.html [运行时间：0.121007s][吞吐率：8.26req/s] [内存消耗：1,370.14kb] [文件加载：44]
[ info ] [ LANG ] D:\phpStudy\PHPTutorial\WWW\wangying\thinkphp\lang\zh-cn.php
[ info ] [ ROUTE ] array (
  'type' => 'module',
  'module' => 
  array (
    0 => 'admin',
    1 => 'login',
    2 => 'login',
  ),
)
[ info ] [ HEADER ] array (
  'cookie' => 'PHPSESSID=g6uq60berejk5qqvdr3cm8ugu0',
  'accept-language' => 'zh-CN,zh;q=0.9',
  'accept-encoding' => 'gzip, deflate',
  'referer' => 'http://wangying/admin',
  'accept' => 'text/html,application/xhtml+xml,application/xml;q=0.9,image/webp,image/apng,*/*;q=0.8',
  'user-agent' => 'Mozilla/5.0 (Windows NT 6.1; Win64; x64) AppleWebKit/537.36 (KHTML, like Gecko) Chrome/68.0.3440.106 Safari/537.36',
  'upgrade-insecure-requests' => '1',
  'connection' => 'close',
  'host' => 'wangying',
)
[ info ] [ PARAM ] array (
  '/admin/login/login_html' => '',
)
[ info ] [ RUN ] app\admin\controller\Login->login[ D:\phpStudy\PHPTutorial\WWW\wangying\application\admin\controller\Login.php ]
[ info ] [ VIEW ] D:\phpStudy\PHPTutorial\WWW\wangying\public/../application/admin\view\login\login.html [ array (
) ]
[ info ] [ LOG ] INIT File
---------------------------------------------------------------
[ 2018-09-12T10:17:44+08:00 ] 127.0.0.1 POST /admin/login/login.html
[ info ] wangying/admin/login/login.html [运行时间：0.212012s][吞吐率：4.72req/s] [内存消耗：2,260.21kb] [文件加载：53]
[ info ] [ LANG ] D:\phpStudy\PHPTutorial\WWW\wangying\thinkphp\lang\zh-cn.php
[ info ] [ ROUTE ] array (
  'type' => 'module',
  'module' => 
  array (
    0 => 'admin',
    1 => 'login',
    2 => 'login',
  ),
)
[ info ] [ HEADER ] array (
  'cookie' => 'PHPSESSID=g6uq60berejk5qqvdr3cm8ugu0',
  'accept-language' => 'zh-CN,zh;q=0.9',
  'accept-encoding' => 'gzip, deflate',
  'referer' => 'http://wangying/admin/login/login.html',
  'accept' => 'text/html,application/xhtml+xml,application/xml;q=0.9,image/webp,image/apng,*/*;q=0.8',
  'user-agent' => 'Mozilla/5.0 (Windows NT 6.1; Win64; x64) AppleWebKit/537.36 (KHTML, like Gecko) Chrome/68.0.3440.106 Safari/537.36',
  'content-type' => 'application/x-www-form-urlencoded',
  'upgrade-insecure-requests' => '1',
  'origin' => 'http://wangying',
  'cache-control' => 'max-age=0',
  'content-length' => '30',
  'connection' => 'close',
  'host' => 'wangying',
)
[ info ] [ PARAM ] array (
  '/admin/login/login_html' => '',
  'username' => 'admin',
  'password' => '123123',
)
[ info ] [ RUN ] app\admin\controller\Login->login[ D:\phpStudy\PHPTutorial\WWW\wangying\application\admin\controller\Login.php ]
[ info ] [ DB ] INIT mysql
[ info ] [ SESSION ] INIT array (
  'id' => '',
  'var_session_id' => '',
  'prefix' => 'think',
  'type' => '',
  'auto_start' => true,
)
[ info ] [ LOG ] INIT File
[ sql ] [ DB ] CONNECT:[ UseTime:0.001000s ] mysql:host=127.0.0.1;dbname=wangying;charset=utf8
[ sql ] [ SQL ] SHOW COLUMNS FROM `admin` [ RunTime:0.024002s ]
[ sql ] [ SQL ] SELECT * FROM `admin` WHERE  `username` = 'admin'  AND `password` = '4297f44b13955235245b2497399d7a93' LIMIT 1 [ RunTime:0.001000s ]
---------------------------------------------------------------
[ 2018-09-12T10:17:44+08:00 ] 127.0.0.1 GET /admin/index/index.html
[ info ] wangying/admin/index/index.html [运行时间：0.027002s][吞吐率：37.03req/s] [内存消耗：1,372.04kb] [文件加载：45]
[ info ] [ LANG ] D:\phpStudy\PHPTutorial\WWW\wangying\thinkphp\lang\zh-cn.php
[ info ] [ ROUTE ] array (
  'type' => 'module',
  'module' => 
  array (
    0 => 'admin',
    1 => 'index',
    2 => 'index',
  ),
)
[ info ] [ HEADER ] array (
  'cookie' => 'PHPSESSID=g6uq60berejk5qqvdr3cm8ugu0',
  'accept-language' => 'zh-CN,zh;q=0.9',
  'accept-encoding' => 'gzip, deflate',
  'referer' => 'http://wangying/admin/login/login.html',
  'accept' => 'text/html,application/xhtml+xml,application/xml;q=0.9,image/webp,image/apng,*/*;q=0.8',
  'user-agent' => 'Mozilla/5.0 (Windows NT 6.1; Win64; x64) AppleWebKit/537.36 (KHTML, like Gecko) Chrome/68.0.3440.106 Safari/537.36',
  'upgrade-insecure-requests' => '1',
  'cache-control' => 'max-age=0',
  'connection' => 'close',
  'host' => 'wangying',
)
[ info ] [ PARAM ] array (
  '/admin/index/index_html' => '',
)
[ info ] [ SESSION ] INIT array (
  'id' => '',
  'var_session_id' => '',
  'prefix' => 'think',
  'type' => '',
  'auto_start' => true,
)
[ info ] [ RUN ] app\admin\controller\Index->index[ D:\phpStudy\PHPTutorial\WWW\wangying\application\admin\controller\Index.php ]
[ info ] [ LOG ] INIT File
---------------------------------------------------------------
[ 2018-09-12T10:17:44+08:00 ] 127.0.0.1 GET /admin/admin/index.html
[ info ] wangying/admin/admin/index.html [运行时间：0.157009s][吞吐率：6.37req/s] [内存消耗：2,466.08kb] [文件加载：60]
[ info ] [ LANG ] D:\phpStudy\PHPTutorial\WWW\wangying\thinkphp\lang\zh-cn.php
[ info ] [ ROUTE ] array (
  'type' => 'module',
  'module' => 
  array (
    0 => 'admin',
    1 => 'admin',
    2 => 'index',
  ),
)
[ info ] [ HEADER ] array (
  'cookie' => 'PHPSESSID=g6uq60berejk5qqvdr3cm8ugu0',
  'accept-language' => 'zh-CN,zh;q=0.9',
  'accept-encoding' => 'gzip, deflate',
  'referer' => 'http://wangying/admin/login/login.html',
  'accept' => 'text/html,application/xhtml+xml,application/xml;q=0.9,image/webp,image/apng,*/*;q=0.8',
  'user-agent' => 'Mozilla/5.0 (Windows NT 6.1; Win64; x64) AppleWebKit/537.36 (KHTML, like Gecko) Chrome/68.0.3440.106 Safari/537.36',
  'upgrade-insecure-requests' => '1',
  'cache-control' => 'max-age=0',
  'connection' => 'close',
  'host' => 'wangying',
)
[ info ] [ PARAM ] array (
  '/admin/admin/index_html' => '',
)
[ info ] [ DB ] INIT mysql
[ info ] [ SESSION ] INIT array (
  'id' => '',
  'var_session_id' => '',
  'prefix' => 'think',
  'type' => '',
  'auto_start' => true,
)
[ info ] [ RUN ] app\admin\controller\Admin->index[ D:\phpStudy\PHPTutorial\WWW\wangying\application\admin\controller\Admin.php ]
[ info ] [ VIEW ] D:\phpStudy\PHPTutorial\WWW\wangying\public/../application/admin\view\admin\index.html [ array (
  0 => 'lists',
) ]
[ info ] [ LOG ] INIT File
[ sql ] [ DB ] CONNECT:[ UseTime:0.000000s ] mysql:host=127.0.0.1;dbname=wangying;charset=utf8
[ sql ] [ SQL ] SHOW COLUMNS FROM `admin` [ RunTime:0.002000s ]
[ sql ] [ SQL ] SELECT COUNT(*) AS tp_count FROM `admin` LIMIT 1 [ RunTime:0.000000s ]
[ sql ] [ SQL ] SELECT * FROM `admin` ORDER BY `create_time` DESC LIMIT 0,10 [ RunTime:0.000000s ]
[ sql ] [ SQL ] SELECT * FROM `admin` WHERE  `id` = 1 LIMIT 1 [ RunTime:0.001000s ]
---------------------------------------------------------------
[ 2018-09-12T10:17:46+08:00 ] 127.0.0.1 GET /admin/Daily/index
[ info ] wangying/admin/Daily/index [运行时间：0.161009s][吞吐率：6.21req/s] [内存消耗：2,350.81kb] [文件加载：56]
[ info ] [ LANG ] D:\phpStudy\PHPTutorial\WWW\wangying\thinkphp\lang\zh-cn.php
[ info ] [ ROUTE ] array (
  'type' => 'module',
  'module' => 
  array (
    0 => 'admin',
    1 => 'Daily',
    2 => 'index',
  ),
)
[ info ] [ HEADER ] array (
  'cookie' => 'PHPSESSID=g6uq60berejk5qqvdr3cm8ugu0',
  'accept-language' => 'zh-CN,zh;q=0.9',
  'accept-encoding' => 'gzip, deflate',
  'referer' => 'http://wangying/admin/admin/index.html',
  'accept' => 'text/html,application/xhtml+xml,application/xml;q=0.9,image/webp,image/apng,*/*;q=0.8',
  'user-agent' => 'Mozilla/5.0 (Windows NT 6.1; Win64; x64) AppleWebKit/537.36 (KHTML, like Gecko) Chrome/68.0.3440.106 Safari/537.36',
  'upgrade-insecure-requests' => '1',
  'connection' => 'close',
  'host' => 'wangying',
)
[ info ] [ PARAM ] array (
  '/admin/Daily/index' => '',
)
[ info ] [ DB ] INIT mysql
[ info ] [ SESSION ] INIT array (
  'id' => '',
  'var_session_id' => '',
  'prefix' => 'think',
  'type' => '',
  'auto_start' => true,
)
[ info ] [ RUN ] app\admin\controller\Daily->index[ D:\phpStudy\PHPTutorial\WWW\wangying\application\admin\controller\Daily.php ]
[ info ] [ VIEW ] D:\phpStudy\PHPTutorial\WWW\wangying\public/../application/admin\view\daily\index.html [ array (
  0 => 'lists',
) ]
[ info ] [ LOG ] INIT File
[ sql ] [ DB ] CONNECT:[ UseTime:0.000000s ] mysql:host=127.0.0.1;dbname=wangying;charset=utf8
[ sql ] [ SQL ] SHOW COLUMNS FROM `sum` [ RunTime:0.027001s ]
[ sql ] [ SQL ] SELECT * FROM `sum` [ RunTime:0.000000s ]
[ sql ] [ SQL ] SHOW COLUMNS FROM `admin` [ RunTime:0.004000s ]
[ sql ] [ SQL ] SELECT * FROM `admin` WHERE  `id` = 1 LIMIT 1 [ RunTime:0.000000s ]
---------------------------------------------------------------
[ 2018-09-12T10:17:48+08:00 ] 127.0.0.1 GET /admin/outer/index
[ info ] wangying/admin/outer/index [运行时间：0.192011s][吞吐率：5.21req/s] [内存消耗：2,645.83kb] [文件加载：57]
[ info ] [ LANG ] D:\phpStudy\PHPTutorial\WWW\wangying\thinkphp\lang\zh-cn.php
[ info ] [ ROUTE ] array (
  'type' => 'module',
  'module' => 
  array (
    0 => 'admin',
    1 => 'outer',
    2 => 'index',
  ),
)
[ info ] [ HEADER ] array (
  'cookie' => 'PHPSESSID=g6uq60berejk5qqvdr3cm8ugu0',
  'accept-language' => 'zh-CN,zh;q=0.9',
  'accept-encoding' => 'gzip, deflate',
  'referer' => 'http://wangying/admin/Daily/index',
  'accept' => 'text/html,application/xhtml+xml,application/xml;q=0.9,image/webp,image/apng,*/*;q=0.8',
  'user-agent' => 'Mozilla/5.0 (Windows NT 6.1; Win64; x64) AppleWebKit/537.36 (KHTML, like Gecko) Chrome/68.0.3440.106 Safari/537.36',
  'upgrade-insecure-requests' => '1',
  'connection' => 'close',
  'host' => 'wangying',
)
[ info ] [ PARAM ] array (
  '/admin/outer/index' => '',
)
[ info ] [ DB ] INIT mysql
[ info ] [ SESSION ] INIT array (
  'id' => '',
  'var_session_id' => '',
  'prefix' => 'think',
  'type' => '',
  'auto_start' => true,
)
[ info ] [ RUN ] app\admin\controller\Outer->index[ D:\phpStudy\PHPTutorial\WWW\wangying\application\admin\controller\Outer.php ]
[ info ] [ VIEW ] D:\phpStudy\PHPTutorial\WWW\wangying\public/../application/admin\view\outer\index.html [ array (
  0 => 'lists',
  1 => 'count',
) ]
[ info ] [ LOG ] INIT File
[ sql ] [ DB ] CONNECT:[ UseTime:0.010001s ] mysql:host=127.0.0.1;dbname=wangying;charset=utf8
[ sql ] [ SQL ] SHOW COLUMNS FROM `outer` [ RunTime:0.044003s ]
[ sql ] [ SQL ] SELECT * FROM `outer` [ RunTime:0.001000s ]
[ sql ] [ SQL ] SHOW COLUMNS FROM `admin` [ RunTime:0.003000s ]
[ sql ] [ SQL ] SELECT * FROM `admin` WHERE  `id` = 1 LIMIT 1 [ RunTime:0.000000s ]
---------------------------------------------------------------
[ 2018-09-12T10:17:50+08:00 ] 127.0.0.1 GET /admin/Work/index
[ info ] wangying/admin/Work/index [运行时间：0.148009s][吞吐率：6.76req/s] [内存消耗：2,832.75kb] [文件加载：55]
[ info ] [ LANG ] D:\phpStudy\PHPTutorial\WWW\wangying\thinkphp\lang\zh-cn.php
[ info ] [ ROUTE ] array (
  'type' => 'module',
  'module' => 
  array (
    0 => 'admin',
    1 => 'Work',
    2 => 'index',
  ),
)
[ info ] [ HEADER ] array (
  'cookie' => 'PHPSESSID=g6uq60berejk5qqvdr3cm8ugu0',
  'accept-language' => 'zh-CN,zh;q=0.9',
  'accept-encoding' => 'gzip, deflate',
  'referer' => 'http://wangying/admin/outer/index',
  'accept' => 'text/html,application/xhtml+xml,application/xml;q=0.9,image/webp,image/apng,*/*;q=0.8',
  'user-agent' => 'Mozilla/5.0 (Windows NT 6.1; Win64; x64) AppleWebKit/537.36 (KHTML, like Gecko) Chrome/68.0.3440.106 Safari/537.36',
  'upgrade-insecure-requests' => '1',
  'connection' => 'close',
  'host' => 'wangying',
)
[ info ] [ PARAM ] array (
  '/admin/Work/index' => '',
)
[ info ] [ DB ] INIT mysql
[ info ] [ SESSION ] INIT array (
  'id' => '',
  'var_session_id' => '',
  'prefix' => 'think',
  'type' => '',
  'auto_start' => true,
)
[ info ] [ RUN ] app\admin\controller\Work->index[ D:\phpStudy\PHPTutorial\WWW\wangying\application\admin\controller\Work.php ]
[ info ] [ VIEW ] D:\phpStudy\PHPTutorial\WWW\wangying\public/../application/admin\view\work\index.html [ array (
  0 => 'lists',
) ]
[ info ] [ LOG ] INIT File
[ sql ] [ DB ] CONNECT:[ UseTime:0.000000s ] mysql:host=127.0.0.1;dbname=wangying;charset=utf8
[ sql ] [ SQL ] SHOW COLUMNS FROM `work` [ RunTime:0.041003s ]
[ sql ] [ SQL ] SELECT * FROM `work` [ RunTime:0.002000s ]
[ sql ] [ SQL ] SHOW COLUMNS FROM `admin` [ RunTime:0.002001s ]
[ sql ] [ SQL ] SELECT * FROM `admin` WHERE  `id` = 1 LIMIT 1 [ RunTime:0.001000s ]
---------------------------------------------------------------
[ 2018-09-12T10:17:51+08:00 ] 127.0.0.1 GET /admin/Leave/index
[ info ] wangying/admin/Leave/index [运行时间：0.183011s][吞吐率：5.46req/s] [内存消耗：2,357.66kb] [文件加载：56]
[ info ] [ LANG ] D:\phpStudy\PHPTutorial\WWW\wangying\thinkphp\lang\zh-cn.php
[ info ] [ ROUTE ] array (
  'type' => 'module',
  'module' => 
  array (
    0 => 'admin',
    1 => 'Leave',
    2 => 'index',
  ),
)
[ info ] [ HEADER ] array (
  'cookie' => 'PHPSESSID=g6uq60berejk5qqvdr3cm8ugu0',
  'accept-language' => 'zh-CN,zh;q=0.9',
  'accept-encoding' => 'gzip, deflate',
  'referer' => 'http://wangying/admin/Work/index',
  'accept' => 'text/html,application/xhtml+xml,application/xml;q=0.9,image/webp,image/apng,*/*;q=0.8',
  'user-agent' => 'Mozilla/5.0 (Windows NT 6.1; Win64; x64) AppleWebKit/537.36 (KHTML, like Gecko) Chrome/68.0.3440.106 Safari/537.36',
  'upgrade-insecure-requests' => '1',
  'connection' => 'close',
  'host' => 'wangying',
)
[ info ] [ PARAM ] array (
  '/admin/Leave/index' => '',
)
[ info ] [ DB ] INIT mysql
[ info ] [ SESSION ] INIT array (
  'id' => '',
  'var_session_id' => '',
  'prefix' => 'think',
  'type' => '',
  'auto_start' => true,
)
[ info ] [ RUN ] app\admin\controller\Leave->index[ D:\phpStudy\PHPTutorial\WWW\wangying\application\admin\controller\Leave.php ]
[ info ] [ VIEW ] D:\phpStudy\PHPTutorial\WWW\wangying\public/../application/admin\view\leave\index.html [ array (
  0 => 'lists',
) ]
[ info ] [ LOG ] INIT File
[ sql ] [ DB ] CONNECT:[ UseTime:0.011001s ] mysql:host=127.0.0.1;dbname=wangying;charset=utf8
[ sql ] [ SQL ] SHOW COLUMNS FROM `leave` [ RunTime:0.086005s ]
[ sql ] [ SQL ] SELECT * FROM `leave` [ RunTime:0.000000s ]
[ sql ] [ SQL ] SHOW COLUMNS FROM `admin` [ RunTime:0.003001s ]
[ sql ] [ SQL ] SELECT * FROM `admin` WHERE  `id` = 1 LIMIT 1 [ RunTime:0.000000s ]
---------------------------------------------------------------
[ 2018-09-12T10:17:53+08:00 ] 127.0.0.1 GET /admin/Daily/index
[ info ] wangying/admin/Daily/index [运行时间：0.056003s][吞吐率：17.86req/s] [内存消耗：2,350.81kb] [文件加载：56]
[ info ] [ LANG ] D:\phpStudy\PHPTutorial\WWW\wangying\thinkphp\lang\zh-cn.php
[ info ] [ ROUTE ] array (
  'type' => 'module',
  'module' => 
  array (
    0 => 'admin',
    1 => 'Daily',
    2 => 'index',
  ),
)
[ info ] [ HEADER ] array (
  'cookie' => 'PHPSESSID=g6uq60berejk5qqvdr3cm8ugu0',
  'accept-language' => 'zh-CN,zh;q=0.9',
  'accept-encoding' => 'gzip, deflate',
  'referer' => 'http://wangying/admin/Leave/index',
  'accept' => 'text/html,application/xhtml+xml,application/xml;q=0.9,image/webp,image/apng,*/*;q=0.8',
  'user-agent' => 'Mozilla/5.0 (Windows NT 6.1; Win64; x64) AppleWebKit/537.36 (KHTML, like Gecko) Chrome/68.0.3440.106 Safari/537.36',
  'upgrade-insecure-requests' => '1',
  'connection' => 'close',
  'host' => 'wangying',
)
[ info ] [ PARAM ] array (
  '/admin/Daily/index' => '',
)
[ info ] [ DB ] INIT mysql
[ info ] [ SESSION ] INIT array (
  'id' => '',
  'var_session_id' => '',
  'prefix' => 'think',
  'type' => '',
  'auto_start' => true,
)
[ info ] [ RUN ] app\admin\controller\Daily->index[ D:\phpStudy\PHPTutorial\WWW\wangying\application\admin\controller\Daily.php ]
[ info ] [ VIEW ] D:\phpStudy\PHPTutorial\WWW\wangying\public/../application/admin\view\daily\index.html [ array (
  0 => 'lists',
) ]
[ info ] [ LOG ] INIT File
[ sql ] [ DB ] CONNECT:[ UseTime:0.001000s ] mysql:host=127.0.0.1;dbname=wangying;charset=utf8
[ sql ] [ SQL ] SHOW COLUMNS FROM `sum` [ RunTime:0.002000s ]
[ sql ] [ SQL ] SELECT * FROM `sum` [ RunTime:0.001000s ]
[ sql ] [ SQL ] SHOW COLUMNS FROM `admin` [ RunTime:0.003000s ]
[ sql ] [ SQL ] SELECT * FROM `admin` WHERE  `id` = 1 LIMIT 1 [ RunTime:0.001000s ]
---------------------------------------------------------------
[ 2018-09-12T10:20:12+08:00 ] 0.0.0.0 GET /uploads/images/20aedc7c13979878323a5681ecd52a39.png
[ info ] localhost/uploads/images/20aedc7c13979878323a5681ecd52a39.png [运行时间：0.021001s][吞吐率：47.62req/s] [内存消耗：1,147.52kb] [文件加载：37]
[ info ] [ LANG ] D:\phpStudy\PHPTutorial\WWW\wangying\thinkphp\lang\zh-cn.php
[ info ] [ ROUTE ] array (
  'type' => 'module',
  'module' => 
  array (
    0 => 'uploads',
    1 => 'images',
    2 => '20aedc7c13979878323a5681ecd52a39.png',
  ),
)
[ info ] [ HEADER ] array (
  'accept-language' => 'zh-CN,zh;q=0.9',
  'accept-encoding' => 'gzip, deflate, br',
  'referer' => 'http://demo.laravel-admin.org/',
  'accept' => 'image/webp,image/apng,image/*,*/*;q=0.8',
  'user-agent' => 'Mozilla/5.0 (Windows NT 6.1; Win64; x64) AppleWebKit/537.36 (KHTML, like Gecko) Chrome/68.0.3440.106 Safari/537.36',
  'connection' => 'close',
  'host' => 'localhost',
)
[ info ] [ PARAM ] array (
  '/uploads/images/20aedc7c13979878323a5681ecd52a39_png' => '',
)
[ info ] [ LOG ] INIT File
---------------------------------------------------------------
[ 2018-09-12T10:20:13+08:00 ] 0.0.0.0 GET /uploads/images/20aedc7c13979878323a5681ecd52a39.png
[ info ] localhost/uploads/images/20aedc7c13979878323a5681ecd52a39.png [运行时间：0.021002s][吞吐率：47.61req/s] [内存消耗：1,147.52kb] [文件加载：37]
[ info ] [ LANG ] D:\phpStudy\PHPTutorial\WWW\wangying\thinkphp\lang\zh-cn.php
[ info ] [ ROUTE ] array (
  'type' => 'module',
  'module' => 
  array (
    0 => 'uploads',
    1 => 'images',
    2 => '20aedc7c13979878323a5681ecd52a39.png',
  ),
)
[ info ] [ HEADER ] array (
  'accept-language' => 'zh-CN,zh;q=0.9',
  'accept-encoding' => 'gzip, deflate, br',
  'referer' => 'http://demo.laravel-admin.org/',
  'accept' => 'image/webp,image/apng,image/*,*/*;q=0.8',
  'user-agent' => 'Mozilla/5.0 (Windows NT 6.1; Win64; x64) AppleWebKit/537.36 (KHTML, like Gecko) Chrome/68.0.3440.106 Safari/537.36',
  'connection' => 'close',
  'host' => 'localhost',
)
[ info ] [ PARAM ] array (
  '/uploads/images/20aedc7c13979878323a5681ecd52a39_png' => '',
)
[ info ] [ LOG ] INIT File
---------------------------------------------------------------
[ 2018-09-12T10:20:32+08:00 ] 0.0.0.0 GET /uploads/images/20aedc7c13979878323a5681ecd52a39.png
[ info ] localhost/uploads/images/20aedc7c13979878323a5681ecd52a39.png [运行时间：0.020001s][吞吐率：50.00req/s] [内存消耗：1,147.52kb] [文件加载：37]
[ info ] [ LANG ] D:\phpStudy\PHPTutorial\WWW\wangying\thinkphp\lang\zh-cn.php
[ info ] [ ROUTE ] array (
  'type' => 'module',
  'module' => 
  array (
    0 => 'uploads',
    1 => 'images',
    2 => '20aedc7c13979878323a5681ecd52a39.png',
  ),
)
[ info ] [ HEADER ] array (
  'accept-language' => 'zh-CN,zh;q=0.9',
  'accept-encoding' => 'gzip, deflate, br',
  'referer' => 'http://demo.laravel-admin.org/',
  'accept' => 'image/webp,image/apng,image/*,*/*;q=0.8',
  'user-agent' => 'Mozilla/5.0 (Windows NT 6.1; Win64; x64) AppleWebKit/537.36 (KHTML, like Gecko) Chrome/68.0.3440.106 Safari/537.36',
  'connection' => 'close',
  'host' => 'localhost',
)
[ info ] [ PARAM ] array (
  '/uploads/images/20aedc7c13979878323a5681ecd52a39_png' => '',
)
[ info ] [ LOG ] INIT File
---------------------------------------------------------------
[ 2018-09-12T10:20:44+08:00 ] 0.0.0.0 GET /uploads/images/20aedc7c13979878323a5681ecd52a39.png
[ info ] localhost/uploads/images/20aedc7c13979878323a5681ecd52a39.png [运行时间：0.014001s][吞吐率：71.42req/s] [内存消耗：1,147.52kb] [文件加载：37]
[ info ] [ LANG ] D:\phpStudy\PHPTutorial\WWW\wangying\thinkphp\lang\zh-cn.php
[ info ] [ ROUTE ] array (
  'type' => 'module',
  'module' => 
  array (
    0 => 'uploads',
    1 => 'images',
    2 => '20aedc7c13979878323a5681ecd52a39.png',
  ),
)
[ info ] [ HEADER ] array (
  'accept-language' => 'zh-CN,zh;q=0.9',
  'accept-encoding' => 'gzip, deflate, br',
  'referer' => 'http://demo.laravel-admin.org/',
  'accept' => 'image/webp,image/apng,image/*,*/*;q=0.8',
  'user-agent' => 'Mozilla/5.0 (Windows NT 6.1; Win64; x64) AppleWebKit/537.36 (KHTML, like Gecko) Chrome/68.0.3440.106 Safari/537.36',
  'connection' => 'close',
  'host' => 'localhost',
)
[ info ] [ PARAM ] array (
  '/uploads/images/20aedc7c13979878323a5681ecd52a39_png' => '',
)
[ info ] [ LOG ] INIT File
